19-Mar-2020 17:47:32.933 INFO [main] org.apache.catalina.startup.VersionLoggerListener.log Version du serveur:        Apache Tomcat/9.0.14
19-Mar-2020 17:47:32.936 INFO [main] org.apache.catalina.startup.VersionLoggerListener.log Serveur compilé:        Dec 6 2018 21:13:53 UTC
19-Mar-2020 17:47:32.937 INFO [main] org.apache.catalina.startup.VersionLoggerListener.log Version du serveur:      9.0.14.0
19-Mar-2020 17:47:32.937 INFO [main] org.apache.catalina.startup.VersionLoggerListener.log Nom de l'OS:           Windows 10
19-Mar-2020 17:47:32.937 INFO [main] org.apache.catalina.startup.VersionLoggerListener.log Version de lOS:        {0}
19-Mar-2020 17:47:32.938 INFO [main] org.apache.catalina.startup.VersionLoggerListener.log Architecture:          amd64
19-Mar-2020 17:47:32.938 INFO [main] org.apache.catalina.startup.VersionLoggerListener.log Répertoire de Java:     C:\Program Files\Java\jdk-13.0.1
19-Mar-2020 17:47:32.938 INFO [main] org.apache.catalina.startup.VersionLoggerListener.log Version de la JVM:           13.0.1+9
19-Mar-2020 17:47:32.938 INFO [main] org.apache.catalina.startup.VersionLoggerListener.log Fournisseur de la JVM:            Oracle Corporation
19-Mar-2020 17:47:32.938 INFO [main] org.apache.catalina.startup.VersionLoggerListener.log CATALINA_BASE:         D:\Documents\Cours\J2EE\PROJECT2\apache-tomcat-9.0.14
19-Mar-2020 17:47:32.938 INFO [main] org.apache.catalina.startup.VersionLoggerListener.log CATALINA_HOME:         D:\Documents\Cours\J2EE\PROJECT2\apache-tomcat-9.0.14
19-Mar-2020 17:47:32.939 INFO [main] org.apache.catalina.startup.VersionLoggerListener.log Argument de la ligne de commande: --add-opens=java.base/java.lang=ALL-UNNAMED
19-Mar-2020 17:47:32.939 INFO [main] org.apache.catalina.startup.VersionLoggerListener.log Argument de la ligne de commande: --add-opens=java.base/java.io=ALL-UNNAMED
19-Mar-2020 17:47:32.940 INFO [main] org.apache.catalina.startup.VersionLoggerListener.log Argument de la ligne de commande: --add-opens=java.rmi/sun.rmi.transport=ALL-UNNAMED
19-Mar-2020 17:47:32.940 INFO [main] org.apache.catalina.startup.VersionLoggerListener.log Argument de la ligne de commande: -Djava.util.logging.config.file=D:\Documents\Cours\J2EE\PROJECT2\apache-tomcat-9.0.14\conf\logging.properties
19-Mar-2020 17:47:32.941 INFO [main] org.apache.catalina.startup.VersionLoggerListener.log Argument de la ligne de commande: -Djava.util.logging.manager=org.apache.juli.ClassLoaderLogManager
19-Mar-2020 17:47:32.941 INFO [main] org.apache.catalina.startup.VersionLoggerListener.log Argument de la ligne de commande: -Djdk.tls.ephemeralDHKeySize=2048
19-Mar-2020 17:47:32.941 INFO [main] org.apache.catalina.startup.VersionLoggerListener.log Argument de la ligne de commande: -Djava.protocol.handler.pkgs=org.apache.catalina.webresources
19-Mar-2020 17:47:32.942 INFO [main] org.apache.catalina.startup.VersionLoggerListener.log Argument de la ligne de commande: -Dignore.endorsed.dirs=
19-Mar-2020 17:47:32.942 INFO [main] org.apache.catalina.startup.VersionLoggerListener.log Argument de la ligne de commande: -Dcatalina.base=D:\Documents\Cours\J2EE\PROJECT2\apache-tomcat-9.0.14
19-Mar-2020 17:47:32.942 INFO [main] org.apache.catalina.startup.VersionLoggerListener.log Argument de la ligne de commande: -Dcatalina.home=D:\Documents\Cours\J2EE\PROJECT2\apache-tomcat-9.0.14
19-Mar-2020 17:47:32.943 INFO [main] org.apache.catalina.startup.VersionLoggerListener.log Argument de la ligne de commande: -Djava.io.tmpdir=D:\Documents\Cours\J2EE\PROJECT2\apache-tomcat-9.0.14\temp
19-Mar-2020 17:47:32.943 INFO [main] org.apache.catalina.core.AprLifecycleListener.lifecycleEvent La librairie Apache Tomcat Native basée sur APR qui permet des performances optimales dans les environnements de production n'a pas été trouvée sur le java.library.path: [C:\Program Files\Java\jdk-13.0.1\bin;C:\windows\Sun\Java\bin;C:\windows\system32;C:\windows;D:\Program\Oracle\dbhomeXE\bin;C:\windows\system32;C:\windows;C:\windows\System32\Wbem;C:\windows\System32\WindowsPowerShell\v1.0\;C:\windows\System32\OpenSSH\;C:\Program Files (x86)\Intel\Intel(R) Management Engine Components\DAL;C:\Program Files\Intel\Intel(R) Management Engine Components\DAL;C:\Program Files (x86)\NVIDIA Corporation\PhysX\Common;C:\Program Files\NVIDIA Corporation\NVIDIA NvDLISR;D:\Program\Git\cmd;C:\Program Files\Intel\WiFi\bin\;C:\Program Files\Common Files\Intel\WirelessCommon\;C:\Program Files\dotnet\;C:\Users\vadgo\AppData\Local\Microsoft\WindowsApps;;D:\Program Files (x86)\Microsoft VS Code\bin;.]
19-Mar-2020 17:47:33.012 INFO [main] org.apache.coyote.AbstractProtocol.init Initialisation du gestionnaire de protocole ["http-nio-8080"]
19-Mar-2020 17:47:33.581 INFO [main] org.apache.coyote.AbstractProtocol.init Initialisation du gestionnaire de protocole ["ajp-nio-8009"]
19-Mar-2020 17:47:33.585 INFO [main] org.apache.catalina.startup.Catalina.load L'initialisation du serveur a pris [1 041] millisecondes
19-Mar-2020 17:47:33.662 INFO [main] org.apache.catalina.core.StandardService.startInternal Démarrage du service [Catalina]
19-Mar-2020 17:47:33.662 INFO [main] org.apache.catalina.core.StandardEngine.startInternal Démarrage du moteur de Servlets: [Apache Tomcat/9.0.14]
19-Mar-2020 17:47:33.838 INFO [main] org.apache.catalina.startup.HostConfig.deployDirectory Déploiement du répertoire d'application web [D:\Documents\Cours\J2EE\PROJECT2\apache-tomcat-9.0.14\webapps\docs]
19-Mar-2020 17:47:34.559 WARNING [main] org.apache.catalina.util.SessionIdGeneratorBase.createSecureRandom La création de l'instance de SecureRandom pour le générateur d'id de session en utilisant [SHA1PRNG] a pris [272] millisecondes
19-Mar-2020 17:47:34.586 INFO [main] org.apache.catalina.startup.HostConfig.deployDirectory Le déploiement du répertoire [D:\Documents\Cours\J2EE\PROJECT2\apache-tomcat-9.0.14\webapps\docs] de l'application web s'est terminé en [748] ms
19-Mar-2020 17:47:34.587 INFO [main] org.apache.catalina.startup.HostConfig.deployDirectory Déploiement du répertoire d'application web [D:\Documents\Cours\J2EE\PROJECT2\apache-tomcat-9.0.14\webapps\examples]
19-Mar-2020 17:47:35.086 INFO [main] org.apache.catalina.startup.HostConfig.deployDirectory Le déploiement du répertoire [D:\Documents\Cours\J2EE\PROJECT2\apache-tomcat-9.0.14\webapps\examples] de l'application web s'est terminé en [499] ms
19-Mar-2020 17:47:35.087 INFO [main] org.apache.catalina.startup.HostConfig.deployDirectory Déploiement du répertoire d'application web [D:\Documents\Cours\J2EE\PROJECT2\apache-tomcat-9.0.14\webapps\host-manager]
19-Mar-2020 17:47:35.116 INFO [main] org.apache.catalina.startup.HostConfig.deployDirectory Le déploiement du répertoire [D:\Documents\Cours\J2EE\PROJECT2\apache-tomcat-9.0.14\webapps\host-manager] de l'application web s'est terminé en [30] ms
19-Mar-2020 17:47:35.116 INFO [main] org.apache.catalina.startup.HostConfig.deployDirectory Déploiement du répertoire d'application web [D:\Documents\Cours\J2EE\PROJECT2\apache-tomcat-9.0.14\webapps\manager]
19-Mar-2020 17:47:35.140 INFO [main] org.apache.catalina.startup.HostConfig.deployDirectory Le déploiement du répertoire [D:\Documents\Cours\J2EE\PROJECT2\apache-tomcat-9.0.14\webapps\manager] de l'application web s'est terminé en [24] ms
19-Mar-2020 17:47:35.140 INFO [main] org.apache.catalina.startup.HostConfig.deployDirectory Déploiement du répertoire d'application web [D:\Documents\Cours\J2EE\PROJECT2\apache-tomcat-9.0.14\webapps\ProjetJ2EE]
19-Mar-2020 17:47:35.416 INFO [main] org.apache.jasper.servlet.TldScanner.scanJars Au moins un fichier JAR a été analysé pour trouver des TLDs mais il n'en contenait pas, le mode "debug" du journal peut être activé pour obtenir une liste complète de JAR scannés sans succès; éviter d'analyser des JARs inutilement peut améliorer sensiblement le temps de démarrage et le temps de compilation des JSPs
19-Mar-2020 17:47:36.343 INFO [main] org.apache.catalina.startup.HostConfig.deployDirectory Le déploiement du répertoire [D:\Documents\Cours\J2EE\PROJECT2\apache-tomcat-9.0.14\webapps\ProjetJ2EE] de l'application web s'est terminé en [1 203] ms
19-Mar-2020 17:47:36.344 INFO [main] org.apache.catalina.startup.HostConfig.deployDirectory Déploiement du répertoire d'application web [D:\Documents\Cours\J2EE\PROJECT2\apache-tomcat-9.0.14\webapps\ROOT]
19-Mar-2020 17:47:36.384 INFO [main] org.apache.catalina.startup.HostConfig.deployDirectory Le déploiement du répertoire [D:\Documents\Cours\J2EE\PROJECT2\apache-tomcat-9.0.14\webapps\ROOT] de l'application web s'est terminé en [40] ms
19-Mar-2020 17:47:36.389 INFO [main] org.apache.coyote.AbstractProtocol.start Démarrage du gestionnaire de protocole ["http-nio-8080"]
19-Mar-2020 17:47:36.397 INFO [main] org.apache.coyote.AbstractProtocol.start Démarrage du gestionnaire de protocole ["ajp-nio-8009"]
19-Mar-2020 17:47:36.402 INFO [main] org.apache.catalina.startup.Catalina.start Le démarrage du serveur a pris [2 816] millisecondes
19-Mar-2020 17:49:07.282 INFO [http-nio-8080-exec-3] org.apache.catalina.core.StandardContext.reload Le rechargement du contexte [/ProjetJ2EE] a démarré
19-Mar-2020 17:49:07.295 WARNING [http-nio-8080-exec-3] org.apache.catalina.loader.WebappClassLoaderBase.clearReferencesJdbc L'application web [ProjetJ2EE] a enregistré un pilote JDBC [oracle.jdbc.OracleDriver], mais ne l'a pas désenregistré avant l'arrêt de l'application.  Pour éviter une fuite de mémoire, le pilote JDBC a été désenregistré de force.
19-Mar-2020 17:49:07.297 SEVERE [http-nio-8080-exec-3] org.apache.catalina.loader.WebappClassLoaderBase.checkThreadLocalMapForLeaks L'application web [ProjetJ2EE] a crée un ThreadLocal avec une clé de type [java.lang.ThreadLocal] (valeur [java.lang.ThreadLocal@59d3d48b]) et une valeur de type [java.lang.Class] (valeur [class oracle.sql.AnyDataFactory]) mais ne l'a pas supprimé lorsqu'elle a été arrêtée, les threads seront graduellement renouvelés pour éviter une probable fuite de mémoire
19-Mar-2020 17:49:07.297 SEVERE [http-nio-8080-exec-3] org.apache.catalina.loader.WebappClassLoaderBase.checkThreadLocalMapForLeaks L'application web [ProjetJ2EE] a crée un ThreadLocal avec une clé de type [java.lang.ThreadLocal] (valeur [java.lang.ThreadLocal@318b08d6]) et une valeur de type [java.lang.Class] (valeur [class oracle.sql.TypeDescriptorFactory]) mais ne l'a pas supprimé lorsqu'elle a été arrêtée, les threads seront graduellement renouvelés pour éviter une probable fuite de mémoire
19-Mar-2020 17:49:07.502 INFO [http-nio-8080-exec-3] org.apache.jasper.servlet.TldScanner.scanJars Au moins un fichier JAR a été analysé pour trouver des TLDs mais il n'en contenait pas, le mode "debug" du journal peut être activé pour obtenir une liste complète de JAR scannés sans succès; éviter d'analyser des JARs inutilement peut améliorer sensiblement le temps de démarrage et le temps de compilation des JSPs
19-Mar-2020 17:49:07.722 INFO [http-nio-8080-exec-3] org.apache.catalina.core.StandardContext.reload Le rechargement de ce contexte est terminé
19-Mar-2020 18:00:42.928 INFO [http-nio-8080-exec-15] org.apache.catalina.core.StandardContext.reload Le rechargement du contexte [/ProjetJ2EE] a démarré
19-Mar-2020 18:00:42.977 WARNING [http-nio-8080-exec-15] org.apache.catalina.loader.WebappClassLoaderBase.clearReferencesJdbc L'application web [ProjetJ2EE] a enregistré un pilote JDBC [oracle.jdbc.OracleDriver], mais ne l'a pas désenregistré avant l'arrêt de l'application.  Pour éviter une fuite de mémoire, le pilote JDBC a été désenregistré de force.
19-Mar-2020 18:00:43.183 INFO [http-nio-8080-exec-15] org.apache.jasper.servlet.TldScanner.scanJars Au moins un fichier JAR a été analysé pour trouver des TLDs mais il n'en contenait pas, le mode "debug" du journal peut être activé pour obtenir une liste complète de JAR scannés sans succès; éviter d'analyser des JARs inutilement peut améliorer sensiblement le temps de démarrage et le temps de compilation des JSPs
19-Mar-2020 18:00:43.444 INFO [http-nio-8080-exec-15] org.apache.catalina.core.StandardContext.reload Le rechargement de ce contexte est terminé
19-Mar-2020 18:00:43.661 INFO [http-nio-8080-exec-13] org.apache.catalina.core.StandardContext.reload Le rechargement du contexte [/ProjetJ2EE] a démarré
19-Mar-2020 18:00:43.665 WARNING [http-nio-8080-exec-13] org.apache.catalina.loader.WebappClassLoaderBase.clearReferencesJdbc L'application web [ProjetJ2EE] a enregistré un pilote JDBC [oracle.jdbc.OracleDriver], mais ne l'a pas désenregistré avant l'arrêt de l'application.  Pour éviter une fuite de mémoire, le pilote JDBC a été désenregistré de force.
19-Mar-2020 18:00:43.859 INFO [http-nio-8080-exec-13] org.apache.jasper.servlet.TldScanner.scanJars Au moins un fichier JAR a été analysé pour trouver des TLDs mais il n'en contenait pas, le mode "debug" du journal peut être activé pour obtenir une liste complète de JAR scannés sans succès; éviter d'analyser des JARs inutilement peut améliorer sensiblement le temps de démarrage et le temps de compilation des JSPs
19-Mar-2020 18:00:44.074 INFO [http-nio-8080-exec-13] org.apache.catalina.core.StandardContext.reload Le rechargement de ce contexte est terminé
19-Mar-2020 18:03:47.965 INFO [http-nio-8080-exec-23] org.apache.catalina.core.StandardContext.reload Le rechargement du contexte [/ProjetJ2EE] a démarré
19-Mar-2020 18:03:47.972 WARNING [http-nio-8080-exec-23] org.apache.catalina.loader.WebappClassLoaderBase.clearReferencesJdbc L'application web [ProjetJ2EE] a enregistré un pilote JDBC [oracle.jdbc.OracleDriver], mais ne l'a pas désenregistré avant l'arrêt de l'application.  Pour éviter une fuite de mémoire, le pilote JDBC a été désenregistré de force.
19-Mar-2020 18:03:47.973 SEVERE [http-nio-8080-exec-23] org.apache.catalina.loader.WebappClassLoaderBase.checkThreadLocalMapForLeaks L'application web [ProjetJ2EE] a crée un ThreadLocal avec une clé de type [java.lang.ThreadLocal] (valeur [java.lang.ThreadLocal@4e0fef55]) et une valeur de type [java.lang.Class] (valeur [class oracle.sql.AnyDataFactory]) mais ne l'a pas supprimé lorsqu'elle a été arrêtée, les threads seront graduellement renouvelés pour éviter une probable fuite de mémoire
19-Mar-2020 18:03:47.973 SEVERE [http-nio-8080-exec-23] org.apache.catalina.loader.WebappClassLoaderBase.checkThreadLocalMapForLeaks L'application web [ProjetJ2EE] a crée un ThreadLocal avec une clé de type [java.lang.ThreadLocal] (valeur [java.lang.ThreadLocal@308cac6b]) et une valeur de type [java.lang.Class] (valeur [class oracle.sql.TypeDescriptorFactory]) mais ne l'a pas supprimé lorsqu'elle a été arrêtée, les threads seront graduellement renouvelés pour éviter une probable fuite de mémoire
19-Mar-2020 18:03:48.172 INFO [http-nio-8080-exec-23] org.apache.jasper.servlet.TldScanner.scanJars Au moins un fichier JAR a été analysé pour trouver des TLDs mais il n'en contenait pas, le mode "debug" du journal peut être activé pour obtenir une liste complète de JAR scannés sans succès; éviter d'analyser des JARs inutilement peut améliorer sensiblement le temps de démarrage et le temps de compilation des JSPs
19-Mar-2020 18:03:48.372 INFO [http-nio-8080-exec-23] org.apache.catalina.core.StandardContext.reload Le rechargement de ce contexte est terminé
19-Mar-2020 18:05:01.048 INFO [http-nio-8080-exec-32] org.apache.catalina.core.StandardContext.reload Le rechargement du contexte [/ProjetJ2EE] a démarré
19-Mar-2020 18:05:01.052 WARNING [http-nio-8080-exec-32] org.apache.catalina.loader.WebappClassLoaderBase.clearReferencesJdbc L'application web [ProjetJ2EE] a enregistré un pilote JDBC [oracle.jdbc.OracleDriver], mais ne l'a pas désenregistré avant l'arrêt de l'application.  Pour éviter une fuite de mémoire, le pilote JDBC a été désenregistré de force.
19-Mar-2020 18:05:01.236 INFO [http-nio-8080-exec-32] org.apache.jasper.servlet.TldScanner.scanJars Au moins un fichier JAR a été analysé pour trouver des TLDs mais il n'en contenait pas, le mode "debug" du journal peut être activé pour obtenir une liste complète de JAR scannés sans succès; éviter d'analyser des JARs inutilement peut améliorer sensiblement le temps de démarrage et le temps de compilation des JSPs
19-Mar-2020 18:05:01.419 INFO [http-nio-8080-exec-32] org.apache.catalina.core.StandardContext.reload Le rechargement de ce contexte est terminé
19-Mar-2020 18:05:20.089 INFO [http-nio-8080-exec-37] org.apache.catalina.core.StandardContext.reload Le rechargement du contexte [/ProjetJ2EE] a démarré
19-Mar-2020 18:05:20.096 WARNING [http-nio-8080-exec-37] org.apache.catalina.loader.WebappClassLoaderBase.clearReferencesJdbc L'application web [ProjetJ2EE] a enregistré un pilote JDBC [oracle.jdbc.OracleDriver], mais ne l'a pas désenregistré avant l'arrêt de l'application.  Pour éviter une fuite de mémoire, le pilote JDBC a été désenregistré de force.
19-Mar-2020 18:05:20.288 INFO [http-nio-8080-exec-37] org.apache.jasper.servlet.TldScanner.scanJars Au moins un fichier JAR a été analysé pour trouver des TLDs mais il n'en contenait pas, le mode "debug" du journal peut être activé pour obtenir une liste complète de JAR scannés sans succès; éviter d'analyser des JARs inutilement peut améliorer sensiblement le temps de démarrage et le temps de compilation des JSPs
19-Mar-2020 18:05:20.475 INFO [http-nio-8080-exec-37] org.apache.catalina.core.StandardContext.reload Le rechargement de ce contexte est terminé
19-Mar-2020 18:40:54.555 INFO [http-nio-8080-exec-44] org.apache.catalina.core.StandardContext.reload Le rechargement du contexte [/ProjetJ2EE] a démarré
19-Mar-2020 18:40:54.556 WARNING [http-nio-8080-exec-44] org.apache.catalina.loader.WebappClassLoaderBase.clearReferencesJdbc L'application web [ProjetJ2EE] a enregistré un pilote JDBC [oracle.jdbc.OracleDriver], mais ne l'a pas désenregistré avant l'arrêt de l'application.  Pour éviter une fuite de mémoire, le pilote JDBC a été désenregistré de force.
19-Mar-2020 18:40:54.741 INFO [http-nio-8080-exec-44] org.apache.jasper.servlet.TldScanner.scanJars Au moins un fichier JAR a été analysé pour trouver des TLDs mais il n'en contenait pas, le mode "debug" du journal peut être activé pour obtenir une liste complète de JAR scannés sans succès; éviter d'analyser des JARs inutilement peut améliorer sensiblement le temps de démarrage et le temps de compilation des JSPs
19-Mar-2020 18:40:54.975 INFO [http-nio-8080-exec-44] org.apache.catalina.core.StandardContext.reload Le rechargement de ce contexte est terminé
19-Mar-2020 18:44:37.627 INFO [http-nio-8080-exec-53] org.apache.catalina.core.StandardContext.reload Le rechargement du contexte [/ProjetJ2EE] a démarré
19-Mar-2020 18:44:37.632 WARNING [http-nio-8080-exec-53] org.apache.catalina.loader.WebappClassLoaderBase.clearReferencesJdbc L'application web [ProjetJ2EE] a enregistré un pilote JDBC [oracle.jdbc.OracleDriver], mais ne l'a pas désenregistré avant l'arrêt de l'application.  Pour éviter une fuite de mémoire, le pilote JDBC a été désenregistré de force.
19-Mar-2020 18:44:37.820 INFO [http-nio-8080-exec-53] org.apache.jasper.servlet.TldScanner.scanJars Au moins un fichier JAR a été analysé pour trouver des TLDs mais il n'en contenait pas, le mode "debug" du journal peut être activé pour obtenir une liste complète de JAR scannés sans succès; éviter d'analyser des JARs inutilement peut améliorer sensiblement le temps de démarrage et le temps de compilation des JSPs
19-Mar-2020 18:44:38.045 INFO [http-nio-8080-exec-53] org.apache.catalina.core.StandardContext.reload Le rechargement de ce contexte est terminé
19-Mar-2020 20:28:49.264 INFO [main] org.apache.catalina.startup.VersionLoggerListener.log Version du serveur:        Apache Tomcat/9.0.14
19-Mar-2020 20:28:49.270 INFO [main] org.apache.catalina.startup.VersionLoggerListener.log Serveur compilé:        Dec 6 2018 21:13:53 UTC
19-Mar-2020 20:28:49.271 INFO [main] org.apache.catalina.startup.VersionLoggerListener.log Version du serveur:      9.0.14.0
19-Mar-2020 20:28:49.271 INFO [main] org.apache.catalina.startup.VersionLoggerListener.log Nom de l'OS:           Windows 10
19-Mar-2020 20:28:49.271 INFO [main] org.apache.catalina.startup.VersionLoggerListener.log Version de lOS:        {0}
19-Mar-2020 20:28:49.271 INFO [main] org.apache.catalina.startup.VersionLoggerListener.log Architecture:          amd64
19-Mar-2020 20:28:49.272 INFO [main] org.apache.catalina.startup.VersionLoggerListener.log Répertoire de Java:     C:\Program Files\Java\jdk-13.0.1
19-Mar-2020 20:28:49.272 INFO [main] org.apache.catalina.startup.VersionLoggerListener.log Version de la JVM:           13.0.1+9
19-Mar-2020 20:28:49.272 INFO [main] org.apache.catalina.startup.VersionLoggerListener.log Fournisseur de la JVM:            Oracle Corporation
19-Mar-2020 20:28:49.272 INFO [main] org.apache.catalina.startup.VersionLoggerListener.log CATALINA_BASE:         D:\Documents\Cours\J2EE\PROJECT2\apache-tomcat-9.0.14
19-Mar-2020 20:28:49.272 INFO [main] org.apache.catalina.startup.VersionLoggerListener.log CATALINA_HOME:         D:\Documents\Cours\J2EE\PROJECT2\apache-tomcat-9.0.14
19-Mar-2020 20:28:49.273 INFO [main] org.apache.catalina.startup.VersionLoggerListener.log Argument de la ligne de commande: --add-opens=java.base/java.lang=ALL-UNNAMED
19-Mar-2020 20:28:49.273 INFO [main] org.apache.catalina.startup.VersionLoggerListener.log Argument de la ligne de commande: --add-opens=java.base/java.io=ALL-UNNAMED
19-Mar-2020 20:28:49.273 INFO [main] org.apache.catalina.startup.VersionLoggerListener.log Argument de la ligne de commande: --add-opens=java.rmi/sun.rmi.transport=ALL-UNNAMED
19-Mar-2020 20:28:49.274 INFO [main] org.apache.catalina.startup.VersionLoggerListener.log Argument de la ligne de commande: -Djava.util.logging.config.file=D:\Documents\Cours\J2EE\PROJECT2\apache-tomcat-9.0.14\conf\logging.properties
19-Mar-2020 20:28:49.274 INFO [main] org.apache.catalina.startup.VersionLoggerListener.log Argument de la ligne de commande: -Djava.util.logging.manager=org.apache.juli.ClassLoaderLogManager
19-Mar-2020 20:28:49.274 INFO [main] org.apache.catalina.startup.VersionLoggerListener.log Argument de la ligne de commande: -Djdk.tls.ephemeralDHKeySize=2048
19-Mar-2020 20:28:49.275 INFO [main] org.apache.catalina.startup.VersionLoggerListener.log Argument de la ligne de commande: -Djava.protocol.handler.pkgs=org.apache.catalina.webresources
19-Mar-2020 20:28:49.275 INFO [main] org.apache.catalina.startup.VersionLoggerListener.log Argument de la ligne de commande: -Dignore.endorsed.dirs=
19-Mar-2020 20:28:49.275 INFO [main] org.apache.catalina.startup.VersionLoggerListener.log Argument de la ligne de commande: -Dcatalina.base=D:\Documents\Cours\J2EE\PROJECT2\apache-tomcat-9.0.14
19-Mar-2020 20:28:49.277 INFO [main] org.apache.catalina.startup.VersionLoggerListener.log Argument de la ligne de commande: -Dcatalina.home=D:\Documents\Cours\J2EE\PROJECT2\apache-tomcat-9.0.14
19-Mar-2020 20:28:49.277 INFO [main] org.apache.catalina.startup.VersionLoggerListener.log Argument de la ligne de commande: -Djava.io.tmpdir=D:\Documents\Cours\J2EE\PROJECT2\apache-tomcat-9.0.14\temp
19-Mar-2020 20:28:49.278 INFO [main] org.apache.catalina.core.AprLifecycleListener.lifecycleEvent La librairie Apache Tomcat Native basée sur APR qui permet des performances optimales dans les environnements de production n'a pas été trouvée sur le java.library.path: [C:\Program Files\Java\jdk-13.0.1\bin;C:\windows\Sun\Java\bin;C:\windows\system32;C:\windows;D:\Program\Oracle\dbhomeXE\bin;C:\windows\system32;C:\windows;C:\windows\System32\Wbem;C:\windows\System32\WindowsPowerShell\v1.0\;C:\windows\System32\OpenSSH\;C:\Program Files (x86)\Intel\Intel(R) Management Engine Components\DAL;C:\Program Files\Intel\Intel(R) Management Engine Components\DAL;C:\Program Files (x86)\NVIDIA Corporation\PhysX\Common;C:\Program Files\NVIDIA Corporation\NVIDIA NvDLISR;D:\Program\Git\cmd;C:\Program Files\Intel\WiFi\bin\;C:\Program Files\Common Files\Intel\WirelessCommon\;C:\Program Files\dotnet\;C:\Users\vadgo\AppData\Local\Microsoft\WindowsApps;;D:\Program Files (x86)\Microsoft VS Code\bin;.]
19-Mar-2020 20:28:49.319 INFO [main] org.apache.coyote.AbstractProtocol.init Initialisation du gestionnaire de protocole ["http-nio-8080"]
19-Mar-2020 20:28:49.879 INFO [main] org.apache.coyote.AbstractProtocol.init Initialisation du gestionnaire de protocole ["ajp-nio-8009"]
19-Mar-2020 20:28:49.882 INFO [main] org.apache.catalina.startup.Catalina.load L'initialisation du serveur a pris [918] millisecondes
19-Mar-2020 20:28:49.910 INFO [main] org.apache.catalina.core.StandardService.startInternal Démarrage du service [Catalina]
19-Mar-2020 20:28:49.911 INFO [main] org.apache.catalina.core.StandardEngine.startInternal Démarrage du moteur de Servlets: [Apache Tomcat/9.0.14]
19-Mar-2020 20:28:49.916 INFO [main] org.apache.catalina.startup.HostConfig.deployDirectory Déploiement du répertoire d'application web [D:\Documents\Cours\J2EE\PROJECT2\apache-tomcat-9.0.14\webapps\docs]
19-Mar-2020 20:28:50.370 WARNING [main] org.apache.catalina.util.SessionIdGeneratorBase.createSecureRandom La création de l'instance de SecureRandom pour le générateur d'id de session en utilisant [SHA1PRNG] a pris [262] millisecondes
19-Mar-2020 20:28:50.391 INFO [main] org.apache.catalina.startup.HostConfig.deployDirectory Le déploiement du répertoire [D:\Documents\Cours\J2EE\PROJECT2\apache-tomcat-9.0.14\webapps\docs] de l'application web s'est terminé en [475] ms
19-Mar-2020 20:28:50.392 INFO [main] org.apache.catalina.startup.HostConfig.deployDirectory Déploiement du répertoire d'application web [D:\Documents\Cours\J2EE\PROJECT2\apache-tomcat-9.0.14\webapps\examples]
19-Mar-2020 20:28:50.671 INFO [main] org.apache.catalina.startup.HostConfig.deployDirectory Le déploiement du répertoire [D:\Documents\Cours\J2EE\PROJECT2\apache-tomcat-9.0.14\webapps\examples] de l'application web s'est terminé en [280] ms
19-Mar-2020 20:28:50.672 INFO [main] org.apache.catalina.startup.HostConfig.deployDirectory Déploiement du répertoire d'application web [D:\Documents\Cours\J2EE\PROJECT2\apache-tomcat-9.0.14\webapps\host-manager]
19-Mar-2020 20:28:50.696 INFO [main] org.apache.catalina.startup.HostConfig.deployDirectory Le déploiement du répertoire [D:\Documents\Cours\J2EE\PROJECT2\apache-tomcat-9.0.14\webapps\host-manager] de l'application web s'est terminé en [24] ms
19-Mar-2020 20:28:50.697 INFO [main] org.apache.catalina.startup.HostConfig.deployDirectory Déploiement du répertoire d'application web [D:\Documents\Cours\J2EE\PROJECT2\apache-tomcat-9.0.14\webapps\manager]
19-Mar-2020 20:28:50.719 INFO [main] org.apache.catalina.startup.HostConfig.deployDirectory Le déploiement du répertoire [D:\Documents\Cours\J2EE\PROJECT2\apache-tomcat-9.0.14\webapps\manager] de l'application web s'est terminé en [23] ms
19-Mar-2020 20:28:50.720 INFO [main] org.apache.catalina.startup.HostConfig.deployDirectory Déploiement du répertoire d'application web [D:\Documents\Cours\J2EE\PROJECT2\apache-tomcat-9.0.14\webapps\ProjetJ2EE]
19-Mar-2020 20:28:50.955 INFO [main] org.apache.jasper.servlet.TldScanner.scanJars Au moins un fichier JAR a été analysé pour trouver des TLDs mais il n'en contenait pas, le mode "debug" du journal peut être activé pour obtenir une liste complète de JAR scannés sans succès; éviter d'analyser des JARs inutilement peut améliorer sensiblement le temps de démarrage et le temps de compilation des JSPs
19-Mar-2020 20:28:51.218 INFO [main] org.apache.catalina.startup.HostConfig.deployDirectory Le déploiement du répertoire [D:\Documents\Cours\J2EE\PROJECT2\apache-tomcat-9.0.14\webapps\ProjetJ2EE] de l'application web s'est terminé en [499] ms
19-Mar-2020 20:28:51.218 INFO [main] org.apache.catalina.startup.HostConfig.deployDirectory Déploiement du répertoire d'application web [D:\Documents\Cours\J2EE\PROJECT2\apache-tomcat-9.0.14\webapps\ROOT]
19-Mar-2020 20:28:51.233 INFO [main] org.apache.catalina.startup.HostConfig.deployDirectory Le déploiement du répertoire [D:\Documents\Cours\J2EE\PROJECT2\apache-tomcat-9.0.14\webapps\ROOT] de l'application web s'est terminé en [15] ms
19-Mar-2020 20:28:51.238 INFO [main] org.apache.coyote.AbstractProtocol.start Démarrage du gestionnaire de protocole ["http-nio-8080"]
19-Mar-2020 20:28:51.245 INFO [main] org.apache.coyote.AbstractProtocol.start Démarrage du gestionnaire de protocole ["ajp-nio-8009"]
19-Mar-2020 20:28:51.249 INFO [main] org.apache.catalina.startup.Catalina.start Le démarrage du serveur a pris [1 366] millisecondes
