09-Mar-2020 14:19:03.153 INFO [main] org.apache.catalina.startup.VersionLoggerListener.log Version du serveur:        Apache Tomcat/9.0.14
09-Mar-2020 14:19:03.156 INFO [main] org.apache.catalina.startup.VersionLoggerListener.log Serveur compilé:        Dec 6 2018 21:13:53 UTC
09-Mar-2020 14:19:03.157 INFO [main] org.apache.catalina.startup.VersionLoggerListener.log Version du serveur:      9.0.14.0
09-Mar-2020 14:19:03.158 INFO [main] org.apache.catalina.startup.VersionLoggerListener.log Nom de l'OS:           Windows 10
09-Mar-2020 14:19:03.158 INFO [main] org.apache.catalina.startup.VersionLoggerListener.log Version de lOS:        {0}
09-Mar-2020 14:19:03.158 INFO [main] org.apache.catalina.startup.VersionLoggerListener.log Architecture:          amd64
09-Mar-2020 14:19:03.158 INFO [main] org.apache.catalina.startup.VersionLoggerListener.log Répertoire de Java:     C:\Program Files\Java\jdk-13.0.1
09-Mar-2020 14:19:03.158 INFO [main] org.apache.catalina.startup.VersionLoggerListener.log Version de la JVM:           13.0.1+9
09-Mar-2020 14:19:03.159 INFO [main] org.apache.catalina.startup.VersionLoggerListener.log Fournisseur de la JVM:            Oracle Corporation
09-Mar-2020 14:19:03.159 INFO [main] org.apache.catalina.startup.VersionLoggerListener.log CATALINA_BASE:         D:\Documents\Cours\J2EE\TEST\apache-tomcat-9.0.14
09-Mar-2020 14:19:03.159 INFO [main] org.apache.catalina.startup.VersionLoggerListener.log CATALINA_HOME:         D:\Documents\Cours\J2EE\TEST\apache-tomcat-9.0.14
09-Mar-2020 14:19:03.160 INFO [main] org.apache.catalina.startup.VersionLoggerListener.log Argument de la ligne de commande: --add-opens=java.base/java.lang=ALL-UNNAMED
09-Mar-2020 14:19:03.160 INFO [main] org.apache.catalina.startup.VersionLoggerListener.log Argument de la ligne de commande: --add-opens=java.base/java.io=ALL-UNNAMED
09-Mar-2020 14:19:03.160 INFO [main] org.apache.catalina.startup.VersionLoggerListener.log Argument de la ligne de commande: --add-opens=java.rmi/sun.rmi.transport=ALL-UNNAMED
09-Mar-2020 14:19:03.160 INFO [main] org.apache.catalina.startup.VersionLoggerListener.log Argument de la ligne de commande: -Djava.util.logging.config.file=D:\Documents\Cours\J2EE\TEST\apache-tomcat-9.0.14\conf\logging.properties
09-Mar-2020 14:19:03.161 INFO [main] org.apache.catalina.startup.VersionLoggerListener.log Argument de la ligne de commande: -Djava.util.logging.manager=org.apache.juli.ClassLoaderLogManager
09-Mar-2020 14:19:03.161 INFO [main] org.apache.catalina.startup.VersionLoggerListener.log Argument de la ligne de commande: -Djdk.tls.ephemeralDHKeySize=2048
09-Mar-2020 14:19:03.162 INFO [main] org.apache.catalina.startup.VersionLoggerListener.log Argument de la ligne de commande: -Djava.protocol.handler.pkgs=org.apache.catalina.webresources
09-Mar-2020 14:19:03.162 INFO [main] org.apache.catalina.startup.VersionLoggerListener.log Argument de la ligne de commande: -Dignore.endorsed.dirs=
09-Mar-2020 14:19:03.162 INFO [main] org.apache.catalina.startup.VersionLoggerListener.log Argument de la ligne de commande: -Dcatalina.base=D:\Documents\Cours\J2EE\TEST\apache-tomcat-9.0.14
09-Mar-2020 14:19:03.163 INFO [main] org.apache.catalina.startup.VersionLoggerListener.log Argument de la ligne de commande: -Dcatalina.home=D:\Documents\Cours\J2EE\TEST\apache-tomcat-9.0.14
09-Mar-2020 14:19:03.163 INFO [main] org.apache.catalina.startup.VersionLoggerListener.log Argument de la ligne de commande: -Djava.io.tmpdir=D:\Documents\Cours\J2EE\TEST\apache-tomcat-9.0.14\temp
09-Mar-2020 14:19:03.163 INFO [main] org.apache.catalina.core.AprLifecycleListener.lifecycleEvent La librairie Apache Tomcat Native basée sur APR qui permet des performances optimales dans les environnements de production n'a pas été trouvée sur le java.library.path: [C:\Program Files\Java\jdk-13.0.1\bin;C:\windows\Sun\Java\bin;C:\windows\system32;C:\windows;D:\Program\Oracle\dbhomeXE\bin;C:\windows\system32;C:\windows;C:\windows\System32\Wbem;C:\windows\System32\WindowsPowerShell\v1.0\;C:\windows\System32\OpenSSH\;C:\Program Files (x86)\Intel\Intel(R) Management Engine Components\DAL;C:\Program Files\Intel\Intel(R) Management Engine Components\DAL;C:\Program Files (x86)\NVIDIA Corporation\PhysX\Common;C:\Program Files\NVIDIA Corporation\NVIDIA NvDLISR;D:\Program\Git\cmd;C:\Program Files\Intel\WiFi\bin\;C:\Program Files\Common Files\Intel\WirelessCommon\;C:\Program Files\dotnet\;C:\Users\vadgo\AppData\Local\Microsoft\WindowsApps;;D:\Program Files (x86)\Microsoft VS Code\bin;.]
09-Mar-2020 14:19:03.208 INFO [main] org.apache.coyote.AbstractProtocol.init Initialisation du gestionnaire de protocole ["http-nio-8080"]
09-Mar-2020 14:19:03.713 INFO [main] org.apache.coyote.AbstractProtocol.init Initialisation du gestionnaire de protocole ["ajp-nio-8009"]
09-Mar-2020 14:19:03.717 INFO [main] org.apache.catalina.startup.Catalina.load L'initialisation du serveur a pris [919] millisecondes
09-Mar-2020 14:19:03.771 INFO [main] org.apache.catalina.core.StandardService.startInternal Démarrage du service [Catalina]
09-Mar-2020 14:19:03.771 INFO [main] org.apache.catalina.core.StandardEngine.startInternal Démarrage du moteur de Servlets: [Apache Tomcat/9.0.14]
09-Mar-2020 14:19:03.779 INFO [main] org.apache.catalina.startup.HostConfig.deployDirectory Déploiement du répertoire d'application web [D:\Documents\Cours\J2EE\TEST\apache-tomcat-9.0.14\webapps\docs]
09-Mar-2020 14:19:04.276 WARNING [main] org.apache.catalina.util.SessionIdGeneratorBase.createSecureRandom La création de l'instance de SecureRandom pour le générateur d'id de session en utilisant [SHA1PRNG] a pris [232] millisecondes
09-Mar-2020 14:19:04.293 INFO [main] org.apache.catalina.startup.HostConfig.deployDirectory Le déploiement du répertoire [D:\Documents\Cours\J2EE\TEST\apache-tomcat-9.0.14\webapps\docs] de l'application web s'est terminé en [514] ms
09-Mar-2020 14:19:04.293 INFO [main] org.apache.catalina.startup.HostConfig.deployDirectory Déploiement du répertoire d'application web [D:\Documents\Cours\J2EE\TEST\apache-tomcat-9.0.14\webapps\examples]
09-Mar-2020 14:19:05.132 INFO [main] org.apache.catalina.startup.HostConfig.deployDirectory Le déploiement du répertoire [D:\Documents\Cours\J2EE\TEST\apache-tomcat-9.0.14\webapps\examples] de l'application web s'est terminé en [839] ms
09-Mar-2020 14:19:05.133 INFO [main] org.apache.catalina.startup.HostConfig.deployDirectory Déploiement du répertoire d'application web [D:\Documents\Cours\J2EE\TEST\apache-tomcat-9.0.14\webapps\host-manager]
09-Mar-2020 14:19:05.176 INFO [main] org.apache.catalina.startup.HostConfig.deployDirectory Le déploiement du répertoire [D:\Documents\Cours\J2EE\TEST\apache-tomcat-9.0.14\webapps\host-manager] de l'application web s'est terminé en [43] ms
09-Mar-2020 14:19:05.177 INFO [main] org.apache.catalina.startup.HostConfig.deployDirectory Déploiement du répertoire d'application web [D:\Documents\Cours\J2EE\TEST\apache-tomcat-9.0.14\webapps\manager]
09-Mar-2020 14:19:05.239 INFO [main] org.apache.catalina.startup.HostConfig.deployDirectory Le déploiement du répertoire [D:\Documents\Cours\J2EE\TEST\apache-tomcat-9.0.14\webapps\manager] de l'application web s'est terminé en [61] ms
09-Mar-2020 14:19:05.239 INFO [main] org.apache.catalina.startup.HostConfig.deployDirectory Déploiement du répertoire d'application web [D:\Documents\Cours\J2EE\TEST\apache-tomcat-9.0.14\webapps\ProjetJ2EE]
09-Mar-2020 14:19:05.346 INFO [main] org.apache.catalina.startup.HostConfig.deployDirectory Le déploiement du répertoire [D:\Documents\Cours\J2EE\TEST\apache-tomcat-9.0.14\webapps\ProjetJ2EE] de l'application web s'est terminé en [107] ms
09-Mar-2020 14:19:05.347 INFO [main] org.apache.catalina.startup.HostConfig.deployDirectory Déploiement du répertoire d'application web [D:\Documents\Cours\J2EE\TEST\apache-tomcat-9.0.14\webapps\ROOT]
09-Mar-2020 14:19:05.372 INFO [main] org.apache.catalina.startup.HostConfig.deployDirectory Le déploiement du répertoire [D:\Documents\Cours\J2EE\TEST\apache-tomcat-9.0.14\webapps\ROOT] de l'application web s'est terminé en [25] ms
09-Mar-2020 14:19:05.376 INFO [main] org.apache.coyote.AbstractProtocol.start Démarrage du gestionnaire de protocole ["http-nio-8080"]
09-Mar-2020 14:19:05.383 INFO [main] org.apache.coyote.AbstractProtocol.start Démarrage du gestionnaire de protocole ["ajp-nio-8009"]
09-Mar-2020 14:19:05.388 INFO [main] org.apache.catalina.startup.Catalina.start Le démarrage du serveur a pris [1 670] millisecondes
09-Mar-2020 14:48:32.155 INFO [http-nio-8080-exec-10] org.apache.catalina.core.StandardContext.reload Le rechargement du contexte [/ProjetJ2EE] a démarré
09-Mar-2020 14:48:32.233 INFO [http-nio-8080-exec-10] org.apache.catalina.core.StandardContext.reload Le rechargement de ce contexte est terminé
09-Mar-2020 15:07:10.816 INFO [http-nio-8080-exec-11] org.apache.catalina.core.StandardContext.reload Le rechargement du contexte [/ProjetJ2EE] a démarré
09-Mar-2020 15:07:10.862 INFO [http-nio-8080-exec-11] org.apache.jasper.servlet.TldScanner.scanJars Au moins un fichier JAR a été analysé pour trouver des TLDs mais il n'en contenait pas, le mode "debug" du journal peut être activé pour obtenir une liste complète de JAR scannés sans succès; éviter d'analyser des JARs inutilement peut améliorer sensiblement le temps de démarrage et le temps de compilation des JSPs
09-Mar-2020 15:07:10.869 INFO [http-nio-8080-exec-11] org.apache.catalina.core.StandardContext.reload Le rechargement de ce contexte est terminé
09-Mar-2020 15:07:15.031 INFO [http-nio-8080-exec-17] org.apache.catalina.core.StandardContext.reload Le rechargement du contexte [/ProjetJ2EE] a démarré
09-Mar-2020 15:07:15.068 INFO [http-nio-8080-exec-17] org.apache.jasper.servlet.TldScanner.scanJars Au moins un fichier JAR a été analysé pour trouver des TLDs mais il n'en contenait pas, le mode "debug" du journal peut être activé pour obtenir une liste complète de JAR scannés sans succès; éviter d'analyser des JARs inutilement peut améliorer sensiblement le temps de démarrage et le temps de compilation des JSPs
09-Mar-2020 15:07:15.074 INFO [http-nio-8080-exec-17] org.apache.catalina.core.StandardContext.reload Le rechargement de ce contexte est terminé
09-Mar-2020 15:23:45.326 INFO [http-nio-8080-exec-24] org.apache.catalina.core.StandardContext.reload Le rechargement du contexte [/ProjetJ2EE] a démarré
09-Mar-2020 15:23:45.361 INFO [http-nio-8080-exec-24] org.apache.jasper.servlet.TldScanner.scanJars Au moins un fichier JAR a été analysé pour trouver des TLDs mais il n'en contenait pas, le mode "debug" du journal peut être activé pour obtenir une liste complète de JAR scannés sans succès; éviter d'analyser des JARs inutilement peut améliorer sensiblement le temps de démarrage et le temps de compilation des JSPs
09-Mar-2020 15:23:45.371 INFO [http-nio-8080-exec-24] org.apache.catalina.core.StandardContext.reload Le rechargement de ce contexte est terminé
09-Mar-2020 15:26:19.926 INFO [http-nio-8080-exec-32] org.apache.catalina.core.StandardContext.reload Le rechargement du contexte [/ProjetJ2EE] a démarré
09-Mar-2020 15:26:19.964 INFO [http-nio-8080-exec-32] org.apache.jasper.servlet.TldScanner.scanJars Au moins un fichier JAR a été analysé pour trouver des TLDs mais il n'en contenait pas, le mode "debug" du journal peut être activé pour obtenir une liste complète de JAR scannés sans succès; éviter d'analyser des JARs inutilement peut améliorer sensiblement le temps de démarrage et le temps de compilation des JSPs
09-Mar-2020 15:26:19.970 INFO [http-nio-8080-exec-32] org.apache.catalina.core.StandardContext.reload Le rechargement de ce contexte est terminé
09-Mar-2020 15:26:20.234 INFO [http-nio-8080-exec-23] org.apache.catalina.core.StandardContext.reload Le rechargement du contexte [/ProjetJ2EE] a démarré
09-Mar-2020 15:26:20.273 INFO [http-nio-8080-exec-23] org.apache.jasper.servlet.TldScanner.scanJars Au moins un fichier JAR a été analysé pour trouver des TLDs mais il n'en contenait pas, le mode "debug" du journal peut être activé pour obtenir une liste complète de JAR scannés sans succès; éviter d'analyser des JARs inutilement peut améliorer sensiblement le temps de démarrage et le temps de compilation des JSPs
09-Mar-2020 15:26:20.281 INFO [http-nio-8080-exec-23] org.apache.catalina.core.StandardContext.reload Le rechargement de ce contexte est terminé
09-Mar-2020 15:26:20.384 INFO [http-nio-8080-exec-22] org.apache.catalina.core.StandardContext.reload Le rechargement du contexte [/ProjetJ2EE] a démarré
09-Mar-2020 15:26:20.420 INFO [http-nio-8080-exec-22] org.apache.jasper.servlet.TldScanner.scanJars Au moins un fichier JAR a été analysé pour trouver des TLDs mais il n'en contenait pas, le mode "debug" du journal peut être activé pour obtenir une liste complète de JAR scannés sans succès; éviter d'analyser des JARs inutilement peut améliorer sensiblement le temps de démarrage et le temps de compilation des JSPs
09-Mar-2020 15:26:20.426 INFO [http-nio-8080-exec-22] org.apache.catalina.core.StandardContext.reload Le rechargement de ce contexte est terminé
09-Mar-2020 15:26:20.540 INFO [http-nio-8080-exec-37] org.apache.catalina.core.StandardContext.reload Le rechargement du contexte [/ProjetJ2EE] a démarré
09-Mar-2020 15:26:20.581 INFO [http-nio-8080-exec-37] org.apache.jasper.servlet.TldScanner.scanJars Au moins un fichier JAR a été analysé pour trouver des TLDs mais il n'en contenait pas, le mode "debug" du journal peut être activé pour obtenir une liste complète de JAR scannés sans succès; éviter d'analyser des JARs inutilement peut améliorer sensiblement le temps de démarrage et le temps de compilation des JSPs
09-Mar-2020 15:26:20.587 INFO [http-nio-8080-exec-37] org.apache.catalina.core.StandardContext.reload Le rechargement de ce contexte est terminé
09-Mar-2020 15:26:20.689 INFO [http-nio-8080-exec-35] org.apache.catalina.core.StandardContext.reload Le rechargement du contexte [/ProjetJ2EE] a démarré
09-Mar-2020 15:26:20.727 INFO [http-nio-8080-exec-35] org.apache.jasper.servlet.TldScanner.scanJars Au moins un fichier JAR a été analysé pour trouver des TLDs mais il n'en contenait pas, le mode "debug" du journal peut être activé pour obtenir une liste complète de JAR scannés sans succès; éviter d'analyser des JARs inutilement peut améliorer sensiblement le temps de démarrage et le temps de compilation des JSPs
09-Mar-2020 15:26:20.732 INFO [http-nio-8080-exec-35] org.apache.catalina.core.StandardContext.reload Le rechargement de ce contexte est terminé
09-Mar-2020 15:26:20.837 INFO [http-nio-8080-exec-37] org.apache.catalina.core.StandardContext.reload Le rechargement du contexte [/ProjetJ2EE] a démarré
09-Mar-2020 15:26:20.876 INFO [http-nio-8080-exec-37] org.apache.jasper.servlet.TldScanner.scanJars Au moins un fichier JAR a été analysé pour trouver des TLDs mais il n'en contenait pas, le mode "debug" du journal peut être activé pour obtenir une liste complète de JAR scannés sans succès; éviter d'analyser des JARs inutilement peut améliorer sensiblement le temps de démarrage et le temps de compilation des JSPs
09-Mar-2020 15:26:20.883 INFO [http-nio-8080-exec-37] org.apache.catalina.core.StandardContext.reload Le rechargement de ce contexte est terminé
09-Mar-2020 15:26:20.981 INFO [http-nio-8080-exec-23] org.apache.catalina.core.StandardContext.reload Le rechargement du contexte [/ProjetJ2EE] a démarré
09-Mar-2020 15:26:21.024 INFO [http-nio-8080-exec-23] org.apache.jasper.servlet.TldScanner.scanJars Au moins un fichier JAR a été analysé pour trouver des TLDs mais il n'en contenait pas, le mode "debug" du journal peut être activé pour obtenir une liste complète de JAR scannés sans succès; éviter d'analyser des JARs inutilement peut améliorer sensiblement le temps de démarrage et le temps de compilation des JSPs
09-Mar-2020 15:26:21.030 INFO [http-nio-8080-exec-23] org.apache.catalina.core.StandardContext.reload Le rechargement de ce contexte est terminé
09-Mar-2020 15:35:21.389 INFO [main] org.apache.catalina.startup.VersionLoggerListener.log Version du serveur:        Apache Tomcat/9.0.14
09-Mar-2020 15:35:21.391 INFO [main] org.apache.catalina.startup.VersionLoggerListener.log Serveur compilé:        Dec 6 2018 21:13:53 UTC
09-Mar-2020 15:35:21.391 INFO [main] org.apache.catalina.startup.VersionLoggerListener.log Version du serveur:      9.0.14.0
09-Mar-2020 15:35:21.392 INFO [main] org.apache.catalina.startup.VersionLoggerListener.log Nom de l'OS:           Windows 10
09-Mar-2020 15:35:21.392 INFO [main] org.apache.catalina.startup.VersionLoggerListener.log Version de lOS:        {0}
09-Mar-2020 15:35:21.392 INFO [main] org.apache.catalina.startup.VersionLoggerListener.log Architecture:          amd64
09-Mar-2020 15:35:21.392 INFO [main] org.apache.catalina.startup.VersionLoggerListener.log Répertoire de Java:     C:\Program Files\Java\jdk-13.0.1
09-Mar-2020 15:35:21.392 INFO [main] org.apache.catalina.startup.VersionLoggerListener.log Version de la JVM:           13.0.1+9
09-Mar-2020 15:35:21.392 INFO [main] org.apache.catalina.startup.VersionLoggerListener.log Fournisseur de la JVM:            Oracle Corporation
09-Mar-2020 15:35:21.392 INFO [main] org.apache.catalina.startup.VersionLoggerListener.log CATALINA_BASE:         D:\Documents\Cours\J2EE\TEST\apache-tomcat-9.0.14
09-Mar-2020 15:35:21.394 INFO [main] org.apache.catalina.startup.VersionLoggerListener.log CATALINA_HOME:         D:\Documents\Cours\J2EE\TEST\apache-tomcat-9.0.14
09-Mar-2020 15:35:21.394 INFO [main] org.apache.catalina.startup.VersionLoggerListener.log Argument de la ligne de commande: --add-opens=java.base/java.lang=ALL-UNNAMED
09-Mar-2020 15:35:21.394 INFO [main] org.apache.catalina.startup.VersionLoggerListener.log Argument de la ligne de commande: --add-opens=java.base/java.io=ALL-UNNAMED
09-Mar-2020 15:35:21.394 INFO [main] org.apache.catalina.startup.VersionLoggerListener.log Argument de la ligne de commande: --add-opens=java.rmi/sun.rmi.transport=ALL-UNNAMED
09-Mar-2020 15:35:21.394 INFO [main] org.apache.catalina.startup.VersionLoggerListener.log Argument de la ligne de commande: -Djava.util.logging.config.file=D:\Documents\Cours\J2EE\TEST\apache-tomcat-9.0.14\conf\logging.properties
09-Mar-2020 15:35:21.394 INFO [main] org.apache.catalina.startup.VersionLoggerListener.log Argument de la ligne de commande: -Djava.util.logging.manager=org.apache.juli.ClassLoaderLogManager
09-Mar-2020 15:35:21.394 INFO [main] org.apache.catalina.startup.VersionLoggerListener.log Argument de la ligne de commande: -Djdk.tls.ephemeralDHKeySize=2048
09-Mar-2020 15:35:21.395 INFO [main] org.apache.catalina.startup.VersionLoggerListener.log Argument de la ligne de commande: -Djava.protocol.handler.pkgs=org.apache.catalina.webresources
09-Mar-2020 15:35:21.395 INFO [main] org.apache.catalina.startup.VersionLoggerListener.log Argument de la ligne de commande: -Dignore.endorsed.dirs=
09-Mar-2020 15:35:21.395 INFO [main] org.apache.catalina.startup.VersionLoggerListener.log Argument de la ligne de commande: -Dcatalina.base=D:\Documents\Cours\J2EE\TEST\apache-tomcat-9.0.14
09-Mar-2020 15:35:21.396 INFO [main] org.apache.catalina.startup.VersionLoggerListener.log Argument de la ligne de commande: -Dcatalina.home=D:\Documents\Cours\J2EE\TEST\apache-tomcat-9.0.14
09-Mar-2020 15:35:21.396 INFO [main] org.apache.catalina.startup.VersionLoggerListener.log Argument de la ligne de commande: -Djava.io.tmpdir=D:\Documents\Cours\J2EE\TEST\apache-tomcat-9.0.14\temp
09-Mar-2020 15:35:21.396 INFO [main] org.apache.catalina.core.AprLifecycleListener.lifecycleEvent La librairie Apache Tomcat Native basée sur APR qui permet des performances optimales dans les environnements de production n'a pas été trouvée sur le java.library.path: [C:\Program Files\Java\jdk-13.0.1\bin;C:\windows\Sun\Java\bin;C:\windows\system32;C:\windows;D:\Program\Oracle\dbhomeXE\bin;C:\windows\system32;C:\windows;C:\windows\System32\Wbem;C:\windows\System32\WindowsPowerShell\v1.0\;C:\windows\System32\OpenSSH\;C:\Program Files (x86)\Intel\Intel(R) Management Engine Components\DAL;C:\Program Files\Intel\Intel(R) Management Engine Components\DAL;C:\Program Files (x86)\NVIDIA Corporation\PhysX\Common;C:\Program Files\NVIDIA Corporation\NVIDIA NvDLISR;D:\Program\Git\cmd;C:\Program Files\Intel\WiFi\bin\;C:\Program Files\Common Files\Intel\WirelessCommon\;C:\Program Files\dotnet\;C:\Users\vadgo\AppData\Local\Microsoft\WindowsApps;;D:\Program Files (x86)\Microsoft VS Code\bin;.]
09-Mar-2020 15:35:21.439 INFO [main] org.apache.coyote.AbstractProtocol.init Initialisation du gestionnaire de protocole ["http-nio-8080"]
09-Mar-2020 15:35:21.948 INFO [main] org.apache.coyote.AbstractProtocol.init Initialisation du gestionnaire de protocole ["ajp-nio-8009"]
09-Mar-2020 15:35:21.953 INFO [main] org.apache.catalina.startup.Catalina.load L'initialisation du serveur a pris [868] millisecondes
09-Mar-2020 15:35:21.991 INFO [main] org.apache.catalina.core.StandardService.startInternal Démarrage du service [Catalina]
09-Mar-2020 15:35:21.991 INFO [main] org.apache.catalina.core.StandardEngine.startInternal Démarrage du moteur de Servlets: [Apache Tomcat/9.0.14]
09-Mar-2020 15:35:21.998 INFO [main] org.apache.catalina.startup.HostConfig.deployDirectory Déploiement du répertoire d'application web [D:\Documents\Cours\J2EE\TEST\apache-tomcat-9.0.14\webapps\docs]
09-Mar-2020 15:35:22.460 WARNING [main] org.apache.catalina.util.SessionIdGeneratorBase.createSecureRandom La création de l'instance de SecureRandom pour le générateur d'id de session en utilisant [SHA1PRNG] a pris [235] millisecondes
09-Mar-2020 15:35:22.474 INFO [main] org.apache.catalina.startup.HostConfig.deployDirectory Le déploiement du répertoire [D:\Documents\Cours\J2EE\TEST\apache-tomcat-9.0.14\webapps\docs] de l'application web s'est terminé en [476] ms
09-Mar-2020 15:35:22.475 INFO [main] org.apache.catalina.startup.HostConfig.deployDirectory Déploiement du répertoire d'application web [D:\Documents\Cours\J2EE\TEST\apache-tomcat-9.0.14\webapps\examples]
09-Mar-2020 15:35:22.770 INFO [main] org.apache.catalina.startup.HostConfig.deployDirectory Le déploiement du répertoire [D:\Documents\Cours\J2EE\TEST\apache-tomcat-9.0.14\webapps\examples] de l'application web s'est terminé en [295] ms
09-Mar-2020 15:35:22.771 INFO [main] org.apache.catalina.startup.HostConfig.deployDirectory Déploiement du répertoire d'application web [D:\Documents\Cours\J2EE\TEST\apache-tomcat-9.0.14\webapps\host-manager]
09-Mar-2020 15:35:22.796 INFO [main] org.apache.catalina.startup.HostConfig.deployDirectory Le déploiement du répertoire [D:\Documents\Cours\J2EE\TEST\apache-tomcat-9.0.14\webapps\host-manager] de l'application web s'est terminé en [25] ms
09-Mar-2020 15:35:22.797 INFO [main] org.apache.catalina.startup.HostConfig.deployDirectory Déploiement du répertoire d'application web [D:\Documents\Cours\J2EE\TEST\apache-tomcat-9.0.14\webapps\manager]
09-Mar-2020 15:35:22.821 INFO [main] org.apache.catalina.startup.HostConfig.deployDirectory Le déploiement du répertoire [D:\Documents\Cours\J2EE\TEST\apache-tomcat-9.0.14\webapps\manager] de l'application web s'est terminé en [24] ms
09-Mar-2020 15:35:22.821 INFO [main] org.apache.catalina.startup.HostConfig.deployDirectory Déploiement du répertoire d'application web [D:\Documents\Cours\J2EE\TEST\apache-tomcat-9.0.14\webapps\ProjetJ2EE]
09-Mar-2020 15:35:22.870 INFO [main] org.apache.jasper.servlet.TldScanner.scanJars Au moins un fichier JAR a été analysé pour trouver des TLDs mais il n'en contenait pas, le mode "debug" du journal peut être activé pour obtenir une liste complète de JAR scannés sans succès; éviter d'analyser des JARs inutilement peut améliorer sensiblement le temps de démarrage et le temps de compilation des JSPs
09-Mar-2020 15:35:22.882 INFO [main] org.apache.catalina.startup.HostConfig.deployDirectory Le déploiement du répertoire [D:\Documents\Cours\J2EE\TEST\apache-tomcat-9.0.14\webapps\ProjetJ2EE] de l'application web s'est terminé en [61] ms
09-Mar-2020 15:35:22.882 INFO [main] org.apache.catalina.startup.HostConfig.deployDirectory Déploiement du répertoire d'application web [D:\Documents\Cours\J2EE\TEST\apache-tomcat-9.0.14\webapps\ROOT]
09-Mar-2020 15:35:22.899 INFO [main] org.apache.catalina.startup.HostConfig.deployDirectory Le déploiement du répertoire [D:\Documents\Cours\J2EE\TEST\apache-tomcat-9.0.14\webapps\ROOT] de l'application web s'est terminé en [17] ms
09-Mar-2020 15:35:22.903 INFO [main] org.apache.coyote.AbstractProtocol.start Démarrage du gestionnaire de protocole ["http-nio-8080"]
09-Mar-2020 15:35:22.910 INFO [main] org.apache.coyote.AbstractProtocol.start Démarrage du gestionnaire de protocole ["ajp-nio-8009"]
09-Mar-2020 15:35:22.915 INFO [main] org.apache.catalina.startup.Catalina.start Le démarrage du serveur a pris [961] millisecondes
09-Mar-2020 15:35:58.929 INFO [http-nio-8080-exec-4] org.apache.catalina.core.StandardContext.reload Le rechargement du contexte [/ProjetJ2EE] a démarré
09-Mar-2020 15:35:58.981 INFO [http-nio-8080-exec-4] org.apache.jasper.servlet.TldScanner.scanJars Au moins un fichier JAR a été analysé pour trouver des TLDs mais il n'en contenait pas, le mode "debug" du journal peut être activé pour obtenir une liste complète de JAR scannés sans succès; éviter d'analyser des JARs inutilement peut améliorer sensiblement le temps de démarrage et le temps de compilation des JSPs
09-Mar-2020 15:35:58.987 INFO [http-nio-8080-exec-4] org.apache.catalina.core.StandardContext.reload Le rechargement de ce contexte est terminé
09-Mar-2020 15:49:02.826 INFO [http-nio-8080-exec-12] org.apache.catalina.core.StandardContext.reload Le rechargement du contexte [/ProjetJ2EE] a démarré
09-Mar-2020 15:49:02.879 INFO [http-nio-8080-exec-12] org.apache.jasper.servlet.TldScanner.scanJars Au moins un fichier JAR a été analysé pour trouver des TLDs mais il n'en contenait pas, le mode "debug" du journal peut être activé pour obtenir une liste complète de JAR scannés sans succès; éviter d'analyser des JARs inutilement peut améliorer sensiblement le temps de démarrage et le temps de compilation des JSPs
09-Mar-2020 15:49:02.889 INFO [http-nio-8080-exec-12] org.apache.catalina.core.StandardContext.reload Le rechargement de ce contexte est terminé
09-Mar-2020 15:53:21.559 INFO [http-nio-8080-exec-23] org.apache.catalina.core.StandardContext.reload Le rechargement du contexte [/ProjetJ2EE] a démarré
09-Mar-2020 15:53:21.600 INFO [http-nio-8080-exec-23] org.apache.jasper.servlet.TldScanner.scanJars Au moins un fichier JAR a été analysé pour trouver des TLDs mais il n'en contenait pas, le mode "debug" du journal peut être activé pour obtenir une liste complète de JAR scannés sans succès; éviter d'analyser des JARs inutilement peut améliorer sensiblement le temps de démarrage et le temps de compilation des JSPs
09-Mar-2020 15:53:21.607 INFO [http-nio-8080-exec-23] org.apache.catalina.core.StandardContext.reload Le rechargement de ce contexte est terminé
09-Mar-2020 15:54:38.305 INFO [main] org.apache.catalina.startup.VersionLoggerListener.log Version du serveur:        Apache Tomcat/9.0.14
09-Mar-2020 15:54:38.307 INFO [main] org.apache.catalina.startup.VersionLoggerListener.log Serveur compilé:        Dec 6 2018 21:13:53 UTC
09-Mar-2020 15:54:38.308 INFO [main] org.apache.catalina.startup.VersionLoggerListener.log Version du serveur:      9.0.14.0
09-Mar-2020 15:54:38.308 INFO [main] org.apache.catalina.startup.VersionLoggerListener.log Nom de l'OS:           Windows 10
09-Mar-2020 15:54:38.309 INFO [main] org.apache.catalina.startup.VersionLoggerListener.log Version de lOS:        {0}
09-Mar-2020 15:54:38.309 INFO [main] org.apache.catalina.startup.VersionLoggerListener.log Architecture:          amd64
09-Mar-2020 15:54:38.309 INFO [main] org.apache.catalina.startup.VersionLoggerListener.log Répertoire de Java:     C:\Program Files\Java\jdk-13.0.1
09-Mar-2020 15:54:38.309 INFO [main] org.apache.catalina.startup.VersionLoggerListener.log Version de la JVM:           13.0.1+9
09-Mar-2020 15:54:38.309 INFO [main] org.apache.catalina.startup.VersionLoggerListener.log Fournisseur de la JVM:            Oracle Corporation
09-Mar-2020 15:54:38.310 INFO [main] org.apache.catalina.startup.VersionLoggerListener.log CATALINA_BASE:         D:\Documents\Cours\J2EE\TEST\apache-tomcat-9.0.14
09-Mar-2020 15:54:38.310 INFO [main] org.apache.catalina.startup.VersionLoggerListener.log CATALINA_HOME:         D:\Documents\Cours\J2EE\TEST\apache-tomcat-9.0.14
09-Mar-2020 15:54:38.311 INFO [main] org.apache.catalina.startup.VersionLoggerListener.log Argument de la ligne de commande: --add-opens=java.base/java.lang=ALL-UNNAMED
09-Mar-2020 15:54:38.311 INFO [main] org.apache.catalina.startup.VersionLoggerListener.log Argument de la ligne de commande: --add-opens=java.base/java.io=ALL-UNNAMED
09-Mar-2020 15:54:38.312 INFO [main] org.apache.catalina.startup.VersionLoggerListener.log Argument de la ligne de commande: --add-opens=java.rmi/sun.rmi.transport=ALL-UNNAMED
09-Mar-2020 15:54:38.312 INFO [main] org.apache.catalina.startup.VersionLoggerListener.log Argument de la ligne de commande: -Djava.util.logging.config.file=D:\Documents\Cours\J2EE\TEST\apache-tomcat-9.0.14\conf\logging.properties
09-Mar-2020 15:54:38.312 INFO [main] org.apache.catalina.startup.VersionLoggerListener.log Argument de la ligne de commande: -Djava.util.logging.manager=org.apache.juli.ClassLoaderLogManager
09-Mar-2020 15:54:38.312 INFO [main] org.apache.catalina.startup.VersionLoggerListener.log Argument de la ligne de commande: -Djdk.tls.ephemeralDHKeySize=2048
09-Mar-2020 15:54:38.313 INFO [main] org.apache.catalina.startup.VersionLoggerListener.log Argument de la ligne de commande: -Djava.protocol.handler.pkgs=org.apache.catalina.webresources
09-Mar-2020 15:54:38.313 INFO [main] org.apache.catalina.startup.VersionLoggerListener.log Argument de la ligne de commande: -Dignore.endorsed.dirs=
09-Mar-2020 15:54:38.313 INFO [main] org.apache.catalina.startup.VersionLoggerListener.log Argument de la ligne de commande: -Dcatalina.base=D:\Documents\Cours\J2EE\TEST\apache-tomcat-9.0.14
09-Mar-2020 15:54:38.314 INFO [main] org.apache.catalina.startup.VersionLoggerListener.log Argument de la ligne de commande: -Dcatalina.home=D:\Documents\Cours\J2EE\TEST\apache-tomcat-9.0.14
09-Mar-2020 15:54:38.314 INFO [main] org.apache.catalina.startup.VersionLoggerListener.log Argument de la ligne de commande: -Djava.io.tmpdir=D:\Documents\Cours\J2EE\TEST\apache-tomcat-9.0.14\temp
09-Mar-2020 15:54:38.314 INFO [main] org.apache.catalina.core.AprLifecycleListener.lifecycleEvent La librairie Apache Tomcat Native basée sur APR qui permet des performances optimales dans les environnements de production n'a pas été trouvée sur le java.library.path: [C:\Program Files\Java\jdk-13.0.1\bin;C:\windows\Sun\Java\bin;C:\windows\system32;C:\windows;D:\Program\Oracle\dbhomeXE\bin;C:\windows\system32;C:\windows;C:\windows\System32\Wbem;C:\windows\System32\WindowsPowerShell\v1.0\;C:\windows\System32\OpenSSH\;C:\Program Files (x86)\Intel\Intel(R) Management Engine Components\DAL;C:\Program Files\Intel\Intel(R) Management Engine Components\DAL;C:\Program Files (x86)\NVIDIA Corporation\PhysX\Common;C:\Program Files\NVIDIA Corporation\NVIDIA NvDLISR;D:\Program\Git\cmd;C:\Program Files\Intel\WiFi\bin\;C:\Program Files\Common Files\Intel\WirelessCommon\;C:\Program Files\dotnet\;C:\Users\vadgo\AppData\Local\Microsoft\WindowsApps;;D:\Program Files (x86)\Microsoft VS Code\bin;.]
09-Mar-2020 15:54:38.358 INFO [main] org.apache.coyote.AbstractProtocol.init Initialisation du gestionnaire de protocole ["http-nio-8080"]
09-Mar-2020 15:54:38.862 INFO [main] org.apache.coyote.AbstractProtocol.init Initialisation du gestionnaire de protocole ["ajp-nio-8009"]
09-Mar-2020 15:54:38.866 INFO [main] org.apache.catalina.startup.Catalina.load L'initialisation du serveur a pris [868] millisecondes
09-Mar-2020 15:54:38.895 INFO [main] org.apache.catalina.core.StandardService.startInternal Démarrage du service [Catalina]
09-Mar-2020 15:54:38.895 INFO [main] org.apache.catalina.core.StandardEngine.startInternal Démarrage du moteur de Servlets: [Apache Tomcat/9.0.14]
09-Mar-2020 15:54:38.901 INFO [main] org.apache.catalina.startup.HostConfig.deployDirectory Déploiement du répertoire d'application web [D:\Documents\Cours\J2EE\TEST\apache-tomcat-9.0.14\webapps\docs]
09-Mar-2020 15:54:39.349 WARNING [main] org.apache.catalina.util.SessionIdGeneratorBase.createSecureRandom La création de l'instance de SecureRandom pour le générateur d'id de session en utilisant [SHA1PRNG] a pris [236] millisecondes
09-Mar-2020 15:54:39.363 INFO [main] org.apache.catalina.startup.HostConfig.deployDirectory Le déploiement du répertoire [D:\Documents\Cours\J2EE\TEST\apache-tomcat-9.0.14\webapps\docs] de l'application web s'est terminé en [462] ms
09-Mar-2020 15:54:39.363 INFO [main] org.apache.catalina.startup.HostConfig.deployDirectory Déploiement du répertoire d'application web [D:\Documents\Cours\J2EE\TEST\apache-tomcat-9.0.14\webapps\examples]
09-Mar-2020 15:54:39.659 INFO [main] org.apache.catalina.startup.HostConfig.deployDirectory Le déploiement du répertoire [D:\Documents\Cours\J2EE\TEST\apache-tomcat-9.0.14\webapps\examples] de l'application web s'est terminé en [296] ms
09-Mar-2020 15:54:39.660 INFO [main] org.apache.catalina.startup.HostConfig.deployDirectory Déploiement du répertoire d'application web [D:\Documents\Cours\J2EE\TEST\apache-tomcat-9.0.14\webapps\host-manager]
09-Mar-2020 15:54:39.686 INFO [main] org.apache.catalina.startup.HostConfig.deployDirectory Le déploiement du répertoire [D:\Documents\Cours\J2EE\TEST\apache-tomcat-9.0.14\webapps\host-manager] de l'application web s'est terminé en [26] ms
09-Mar-2020 15:54:39.686 INFO [main] org.apache.catalina.startup.HostConfig.deployDirectory Déploiement du répertoire d'application web [D:\Documents\Cours\J2EE\TEST\apache-tomcat-9.0.14\webapps\manager]
09-Mar-2020 15:54:39.708 INFO [main] org.apache.catalina.startup.HostConfig.deployDirectory Le déploiement du répertoire [D:\Documents\Cours\J2EE\TEST\apache-tomcat-9.0.14\webapps\manager] de l'application web s'est terminé en [22] ms
09-Mar-2020 15:54:39.708 INFO [main] org.apache.catalina.startup.HostConfig.deployDirectory Déploiement du répertoire d'application web [D:\Documents\Cours\J2EE\TEST\apache-tomcat-9.0.14\webapps\ProjetJ2EE]
09-Mar-2020 15:54:39.767 INFO [main] org.apache.jasper.servlet.TldScanner.scanJars Au moins un fichier JAR a été analysé pour trouver des TLDs mais il n'en contenait pas, le mode "debug" du journal peut être activé pour obtenir une liste complète de JAR scannés sans succès; éviter d'analyser des JARs inutilement peut améliorer sensiblement le temps de démarrage et le temps de compilation des JSPs
09-Mar-2020 15:54:39.778 INFO [main] org.apache.catalina.startup.HostConfig.deployDirectory Le déploiement du répertoire [D:\Documents\Cours\J2EE\TEST\apache-tomcat-9.0.14\webapps\ProjetJ2EE] de l'application web s'est terminé en [70] ms
09-Mar-2020 15:54:39.778 INFO [main] org.apache.catalina.startup.HostConfig.deployDirectory Déploiement du répertoire d'application web [D:\Documents\Cours\J2EE\TEST\apache-tomcat-9.0.14\webapps\ROOT]
09-Mar-2020 15:54:39.796 INFO [main] org.apache.catalina.startup.HostConfig.deployDirectory Le déploiement du répertoire [D:\Documents\Cours\J2EE\TEST\apache-tomcat-9.0.14\webapps\ROOT] de l'application web s'est terminé en [17] ms
09-Mar-2020 15:54:39.799 INFO [main] org.apache.coyote.AbstractProtocol.start Démarrage du gestionnaire de protocole ["http-nio-8080"]
09-Mar-2020 15:54:39.806 INFO [main] org.apache.coyote.AbstractProtocol.start Démarrage du gestionnaire de protocole ["ajp-nio-8009"]
09-Mar-2020 15:54:39.811 INFO [main] org.apache.catalina.startup.Catalina.start Le démarrage du serveur a pris [944] millisecondes
09-Mar-2020 15:55:09.115 INFO [main] org.apache.catalina.startup.VersionLoggerListener.log Version du serveur:        Apache Tomcat/9.0.14
09-Mar-2020 15:55:09.118 INFO [main] org.apache.catalina.startup.VersionLoggerListener.log Serveur compilé:        Dec 6 2018 21:13:53 UTC
09-Mar-2020 15:55:09.119 INFO [main] org.apache.catalina.startup.VersionLoggerListener.log Version du serveur:      9.0.14.0
09-Mar-2020 15:55:09.119 INFO [main] org.apache.catalina.startup.VersionLoggerListener.log Nom de l'OS:           Windows 10
09-Mar-2020 15:55:09.119 INFO [main] org.apache.catalina.startup.VersionLoggerListener.log Version de lOS:        {0}
09-Mar-2020 15:55:09.120 INFO [main] org.apache.catalina.startup.VersionLoggerListener.log Architecture:          amd64
09-Mar-2020 15:55:09.120 INFO [main] org.apache.catalina.startup.VersionLoggerListener.log Répertoire de Java:     C:\Program Files\Java\jdk-13.0.1
09-Mar-2020 15:55:09.120 INFO [main] org.apache.catalina.startup.VersionLoggerListener.log Version de la JVM:           13.0.1+9
09-Mar-2020 15:55:09.120 INFO [main] org.apache.catalina.startup.VersionLoggerListener.log Fournisseur de la JVM:            Oracle Corporation
09-Mar-2020 15:55:09.120 INFO [main] org.apache.catalina.startup.VersionLoggerListener.log CATALINA_BASE:         D:\Documents\Cours\J2EE\TEST\apache-tomcat-9.0.14
09-Mar-2020 15:55:09.120 INFO [main] org.apache.catalina.startup.VersionLoggerListener.log CATALINA_HOME:         D:\Documents\Cours\J2EE\TEST\apache-tomcat-9.0.14
09-Mar-2020 15:55:09.121 INFO [main] org.apache.catalina.startup.VersionLoggerListener.log Argument de la ligne de commande: --add-opens=java.base/java.lang=ALL-UNNAMED
09-Mar-2020 15:55:09.121 INFO [main] org.apache.catalina.startup.VersionLoggerListener.log Argument de la ligne de commande: --add-opens=java.base/java.io=ALL-UNNAMED
09-Mar-2020 15:55:09.122 INFO [main] org.apache.catalina.startup.VersionLoggerListener.log Argument de la ligne de commande: --add-opens=java.rmi/sun.rmi.transport=ALL-UNNAMED
09-Mar-2020 15:55:09.122 INFO [main] org.apache.catalina.startup.VersionLoggerListener.log Argument de la ligne de commande: -Djava.util.logging.config.file=D:\Documents\Cours\J2EE\TEST\apache-tomcat-9.0.14\conf\logging.properties
09-Mar-2020 15:55:09.122 INFO [main] org.apache.catalina.startup.VersionLoggerListener.log Argument de la ligne de commande: -Djava.util.logging.manager=org.apache.juli.ClassLoaderLogManager
09-Mar-2020 15:55:09.123 INFO [main] org.apache.catalina.startup.VersionLoggerListener.log Argument de la ligne de commande: -Djdk.tls.ephemeralDHKeySize=2048
09-Mar-2020 15:55:09.123 INFO [main] org.apache.catalina.startup.VersionLoggerListener.log Argument de la ligne de commande: -Djava.protocol.handler.pkgs=org.apache.catalina.webresources
09-Mar-2020 15:55:09.123 INFO [main] org.apache.catalina.startup.VersionLoggerListener.log Argument de la ligne de commande: -Dignore.endorsed.dirs=
09-Mar-2020 15:55:09.123 INFO [main] org.apache.catalina.startup.VersionLoggerListener.log Argument de la ligne de commande: -Dcatalina.base=D:\Documents\Cours\J2EE\TEST\apache-tomcat-9.0.14
09-Mar-2020 15:55:09.124 INFO [main] org.apache.catalina.startup.VersionLoggerListener.log Argument de la ligne de commande: -Dcatalina.home=D:\Documents\Cours\J2EE\TEST\apache-tomcat-9.0.14
09-Mar-2020 15:55:09.124 INFO [main] org.apache.catalina.startup.VersionLoggerListener.log Argument de la ligne de commande: -Djava.io.tmpdir=D:\Documents\Cours\J2EE\TEST\apache-tomcat-9.0.14\temp
09-Mar-2020 15:55:09.124 INFO [main] org.apache.catalina.core.AprLifecycleListener.lifecycleEvent La librairie Apache Tomcat Native basée sur APR qui permet des performances optimales dans les environnements de production n'a pas été trouvée sur le java.library.path: [C:\Program Files\Java\jdk-13.0.1\bin;C:\windows\Sun\Java\bin;C:\windows\system32;C:\windows;D:\Program\Oracle\dbhomeXE\bin;C:\windows\system32;C:\windows;C:\windows\System32\Wbem;C:\windows\System32\WindowsPowerShell\v1.0\;C:\windows\System32\OpenSSH\;C:\Program Files (x86)\Intel\Intel(R) Management Engine Components\DAL;C:\Program Files\Intel\Intel(R) Management Engine Components\DAL;C:\Program Files (x86)\NVIDIA Corporation\PhysX\Common;C:\Program Files\NVIDIA Corporation\NVIDIA NvDLISR;D:\Program\Git\cmd;C:\Program Files\Intel\WiFi\bin\;C:\Program Files\Common Files\Intel\WirelessCommon\;C:\Program Files\dotnet\;C:\Users\vadgo\AppData\Local\Microsoft\WindowsApps;;D:\Program Files (x86)\Microsoft VS Code\bin;.]
09-Mar-2020 15:55:09.167 INFO [main] org.apache.coyote.AbstractProtocol.init Initialisation du gestionnaire de protocole ["http-nio-8080"]
09-Mar-2020 15:55:09.665 INFO [main] org.apache.coyote.AbstractProtocol.init Initialisation du gestionnaire de protocole ["ajp-nio-8009"]
09-Mar-2020 15:55:09.668 INFO [main] org.apache.catalina.startup.Catalina.load L'initialisation du serveur a pris [858] millisecondes
09-Mar-2020 15:55:09.697 INFO [main] org.apache.catalina.core.StandardService.startInternal Démarrage du service [Catalina]
09-Mar-2020 15:55:09.697 INFO [main] org.apache.catalina.core.StandardEngine.startInternal Démarrage du moteur de Servlets: [Apache Tomcat/9.0.14]
09-Mar-2020 15:55:09.703 INFO [main] org.apache.catalina.startup.HostConfig.deployDirectory Déploiement du répertoire d'application web [D:\Documents\Cours\J2EE\TEST\apache-tomcat-9.0.14\webapps\docs]
09-Mar-2020 15:55:10.147 WARNING [main] org.apache.catalina.util.SessionIdGeneratorBase.createSecureRandom La création de l'instance de SecureRandom pour le générateur d'id de session en utilisant [SHA1PRNG] a pris [233] millisecondes
09-Mar-2020 15:55:10.161 INFO [main] org.apache.catalina.startup.HostConfig.deployDirectory Le déploiement du répertoire [D:\Documents\Cours\J2EE\TEST\apache-tomcat-9.0.14\webapps\docs] de l'application web s'est terminé en [458] ms
09-Mar-2020 15:55:10.161 INFO [main] org.apache.catalina.startup.HostConfig.deployDirectory Déploiement du répertoire d'application web [D:\Documents\Cours\J2EE\TEST\apache-tomcat-9.0.14\webapps\examples]
09-Mar-2020 15:55:10.447 INFO [main] org.apache.catalina.startup.HostConfig.deployDirectory Le déploiement du répertoire [D:\Documents\Cours\J2EE\TEST\apache-tomcat-9.0.14\webapps\examples] de l'application web s'est terminé en [286] ms
09-Mar-2020 15:55:10.447 INFO [main] org.apache.catalina.startup.HostConfig.deployDirectory Déploiement du répertoire d'application web [D:\Documents\Cours\J2EE\TEST\apache-tomcat-9.0.14\webapps\host-manager]
09-Mar-2020 15:55:10.473 INFO [main] org.apache.catalina.startup.HostConfig.deployDirectory Le déploiement du répertoire [D:\Documents\Cours\J2EE\TEST\apache-tomcat-9.0.14\webapps\host-manager] de l'application web s'est terminé en [25] ms
09-Mar-2020 15:55:10.473 INFO [main] org.apache.catalina.startup.HostConfig.deployDirectory Déploiement du répertoire d'application web [D:\Documents\Cours\J2EE\TEST\apache-tomcat-9.0.14\webapps\manager]
09-Mar-2020 15:55:10.496 INFO [main] org.apache.catalina.startup.HostConfig.deployDirectory Le déploiement du répertoire [D:\Documents\Cours\J2EE\TEST\apache-tomcat-9.0.14\webapps\manager] de l'application web s'est terminé en [23] ms
09-Mar-2020 15:55:10.496 INFO [main] org.apache.catalina.startup.HostConfig.deployDirectory Déploiement du répertoire d'application web [D:\Documents\Cours\J2EE\TEST\apache-tomcat-9.0.14\webapps\ProjetJ2EE]
09-Mar-2020 15:55:10.546 INFO [main] org.apache.jasper.servlet.TldScanner.scanJars Au moins un fichier JAR a été analysé pour trouver des TLDs mais il n'en contenait pas, le mode "debug" du journal peut être activé pour obtenir une liste complète de JAR scannés sans succès; éviter d'analyser des JARs inutilement peut améliorer sensiblement le temps de démarrage et le temps de compilation des JSPs
09-Mar-2020 15:55:10.557 INFO [main] org.apache.catalina.startup.HostConfig.deployDirectory Le déploiement du répertoire [D:\Documents\Cours\J2EE\TEST\apache-tomcat-9.0.14\webapps\ProjetJ2EE] de l'application web s'est terminé en [61] ms
09-Mar-2020 15:55:10.558 INFO [main] org.apache.catalina.startup.HostConfig.deployDirectory Déploiement du répertoire d'application web [D:\Documents\Cours\J2EE\TEST\apache-tomcat-9.0.14\webapps\ROOT]
09-Mar-2020 15:55:10.578 INFO [main] org.apache.catalina.startup.HostConfig.deployDirectory Le déploiement du répertoire [D:\Documents\Cours\J2EE\TEST\apache-tomcat-9.0.14\webapps\ROOT] de l'application web s'est terminé en [21] ms
09-Mar-2020 15:55:10.583 INFO [main] org.apache.coyote.AbstractProtocol.start Démarrage du gestionnaire de protocole ["http-nio-8080"]
09-Mar-2020 15:55:10.590 INFO [main] org.apache.coyote.AbstractProtocol.start Démarrage du gestionnaire de protocole ["ajp-nio-8009"]
09-Mar-2020 15:55:10.600 INFO [main] org.apache.catalina.startup.Catalina.start Le démarrage du serveur a pris [931] millisecondes
09-Mar-2020 15:56:36.285 INFO [main] org.apache.catalina.startup.VersionLoggerListener.log Version du serveur:        Apache Tomcat/9.0.14
09-Mar-2020 15:56:36.288 INFO [main] org.apache.catalina.startup.VersionLoggerListener.log Serveur compilé:        Dec 6 2018 21:13:53 UTC
09-Mar-2020 15:56:36.289 INFO [main] org.apache.catalina.startup.VersionLoggerListener.log Version du serveur:      9.0.14.0
09-Mar-2020 15:56:36.289 INFO [main] org.apache.catalina.startup.VersionLoggerListener.log Nom de l'OS:           Windows 10
09-Mar-2020 15:56:36.290 INFO [main] org.apache.catalina.startup.VersionLoggerListener.log Version de lOS:        {0}
09-Mar-2020 15:56:36.290 INFO [main] org.apache.catalina.startup.VersionLoggerListener.log Architecture:          amd64
09-Mar-2020 15:56:36.290 INFO [main] org.apache.catalina.startup.VersionLoggerListener.log Répertoire de Java:     C:\Program Files\Java\jdk-13.0.1
09-Mar-2020 15:56:36.290 INFO [main] org.apache.catalina.startup.VersionLoggerListener.log Version de la JVM:           13.0.1+9
09-Mar-2020 15:56:36.290 INFO [main] org.apache.catalina.startup.VersionLoggerListener.log Fournisseur de la JVM:            Oracle Corporation
09-Mar-2020 15:56:36.290 INFO [main] org.apache.catalina.startup.VersionLoggerListener.log CATALINA_BASE:         D:\Documents\Cours\J2EE\TEST\apache-tomcat-9.0.14
09-Mar-2020 15:56:36.291 INFO [main] org.apache.catalina.startup.VersionLoggerListener.log CATALINA_HOME:         D:\Documents\Cours\J2EE\TEST\apache-tomcat-9.0.14
09-Mar-2020 15:56:36.291 INFO [main] org.apache.catalina.startup.VersionLoggerListener.log Argument de la ligne de commande: --add-opens=java.base/java.lang=ALL-UNNAMED
09-Mar-2020 15:56:36.291 INFO [main] org.apache.catalina.startup.VersionLoggerListener.log Argument de la ligne de commande: --add-opens=java.base/java.io=ALL-UNNAMED
09-Mar-2020 15:56:36.292 INFO [main] org.apache.catalina.startup.VersionLoggerListener.log Argument de la ligne de commande: --add-opens=java.rmi/sun.rmi.transport=ALL-UNNAMED
09-Mar-2020 15:56:36.292 INFO [main] org.apache.catalina.startup.VersionLoggerListener.log Argument de la ligne de commande: -Djava.util.logging.config.file=D:\Documents\Cours\J2EE\TEST\apache-tomcat-9.0.14\conf\logging.properties
09-Mar-2020 15:56:36.292 INFO [main] org.apache.catalina.startup.VersionLoggerListener.log Argument de la ligne de commande: -Djava.util.logging.manager=org.apache.juli.ClassLoaderLogManager
09-Mar-2020 15:56:36.292 INFO [main] org.apache.catalina.startup.VersionLoggerListener.log Argument de la ligne de commande: -Djdk.tls.ephemeralDHKeySize=2048
09-Mar-2020 15:56:36.293 INFO [main] org.apache.catalina.startup.VersionLoggerListener.log Argument de la ligne de commande: -Djava.protocol.handler.pkgs=org.apache.catalina.webresources
09-Mar-2020 15:56:36.293 INFO [main] org.apache.catalina.startup.VersionLoggerListener.log Argument de la ligne de commande: -Dignore.endorsed.dirs=
09-Mar-2020 15:56:36.293 INFO [main] org.apache.catalina.startup.VersionLoggerListener.log Argument de la ligne de commande: -Dcatalina.base=D:\Documents\Cours\J2EE\TEST\apache-tomcat-9.0.14
09-Mar-2020 15:56:36.294 INFO [main] org.apache.catalina.startup.VersionLoggerListener.log Argument de la ligne de commande: -Dcatalina.home=D:\Documents\Cours\J2EE\TEST\apache-tomcat-9.0.14
09-Mar-2020 15:56:36.294 INFO [main] org.apache.catalina.startup.VersionLoggerListener.log Argument de la ligne de commande: -Djava.io.tmpdir=D:\Documents\Cours\J2EE\TEST\apache-tomcat-9.0.14\temp
09-Mar-2020 15:56:36.294 INFO [main] org.apache.catalina.core.AprLifecycleListener.lifecycleEvent La librairie Apache Tomcat Native basée sur APR qui permet des performances optimales dans les environnements de production n'a pas été trouvée sur le java.library.path: [C:\Program Files\Java\jdk-13.0.1\bin;C:\windows\Sun\Java\bin;C:\windows\system32;C:\windows;D:\Program\Oracle\dbhomeXE\bin;C:\windows\system32;C:\windows;C:\windows\System32\Wbem;C:\windows\System32\WindowsPowerShell\v1.0\;C:\windows\System32\OpenSSH\;C:\Program Files (x86)\Intel\Intel(R) Management Engine Components\DAL;C:\Program Files\Intel\Intel(R) Management Engine Components\DAL;C:\Program Files (x86)\NVIDIA Corporation\PhysX\Common;C:\Program Files\NVIDIA Corporation\NVIDIA NvDLISR;D:\Program\Git\cmd;C:\Program Files\Intel\WiFi\bin\;C:\Program Files\Common Files\Intel\WirelessCommon\;C:\Program Files\dotnet\;C:\Users\vadgo\AppData\Local\Microsoft\WindowsApps;;D:\Program Files (x86)\Microsoft VS Code\bin;.]
09-Mar-2020 15:56:36.337 INFO [main] org.apache.coyote.AbstractProtocol.init Initialisation du gestionnaire de protocole ["http-nio-8080"]
09-Mar-2020 15:56:36.834 INFO [main] org.apache.coyote.AbstractProtocol.init Initialisation du gestionnaire de protocole ["ajp-nio-8009"]
09-Mar-2020 15:56:36.837 INFO [main] org.apache.catalina.startup.Catalina.load L'initialisation du serveur a pris [855] millisecondes
09-Mar-2020 15:56:36.867 INFO [main] org.apache.catalina.core.StandardService.startInternal Démarrage du service [Catalina]
09-Mar-2020 15:56:36.867 INFO [main] org.apache.catalina.core.StandardEngine.startInternal Démarrage du moteur de Servlets: [Apache Tomcat/9.0.14]
09-Mar-2020 15:56:36.873 INFO [main] org.apache.catalina.startup.HostConfig.deployDirectory Déploiement du répertoire d'application web [D:\Documents\Cours\J2EE\TEST\apache-tomcat-9.0.14\webapps\docs]
09-Mar-2020 15:56:37.320 WARNING [main] org.apache.catalina.util.SessionIdGeneratorBase.createSecureRandom La création de l'instance de SecureRandom pour le générateur d'id de session en utilisant [SHA1PRNG] a pris [232] millisecondes
09-Mar-2020 15:56:37.334 INFO [main] org.apache.catalina.startup.HostConfig.deployDirectory Le déploiement du répertoire [D:\Documents\Cours\J2EE\TEST\apache-tomcat-9.0.14\webapps\docs] de l'application web s'est terminé en [461] ms
09-Mar-2020 15:56:37.335 INFO [main] org.apache.catalina.startup.HostConfig.deployDirectory Déploiement du répertoire d'application web [D:\Documents\Cours\J2EE\TEST\apache-tomcat-9.0.14\webapps\examples]
09-Mar-2020 15:56:37.633 INFO [main] org.apache.catalina.startup.HostConfig.deployDirectory Le déploiement du répertoire [D:\Documents\Cours\J2EE\TEST\apache-tomcat-9.0.14\webapps\examples] de l'application web s'est terminé en [298] ms
09-Mar-2020 15:56:37.634 INFO [main] org.apache.catalina.startup.HostConfig.deployDirectory Déploiement du répertoire d'application web [D:\Documents\Cours\J2EE\TEST\apache-tomcat-9.0.14\webapps\host-manager]
09-Mar-2020 15:56:37.660 INFO [main] org.apache.catalina.startup.HostConfig.deployDirectory Le déploiement du répertoire [D:\Documents\Cours\J2EE\TEST\apache-tomcat-9.0.14\webapps\host-manager] de l'application web s'est terminé en [26] ms
09-Mar-2020 15:56:37.660 INFO [main] org.apache.catalina.startup.HostConfig.deployDirectory Déploiement du répertoire d'application web [D:\Documents\Cours\J2EE\TEST\apache-tomcat-9.0.14\webapps\manager]
09-Mar-2020 15:56:37.684 INFO [main] org.apache.catalina.startup.HostConfig.deployDirectory Le déploiement du répertoire [D:\Documents\Cours\J2EE\TEST\apache-tomcat-9.0.14\webapps\manager] de l'application web s'est terminé en [23] ms
09-Mar-2020 15:56:37.684 INFO [main] org.apache.catalina.startup.HostConfig.deployDirectory Déploiement du répertoire d'application web [D:\Documents\Cours\J2EE\TEST\apache-tomcat-9.0.14\webapps\ProjetJ2EE]
09-Mar-2020 15:56:37.736 INFO [main] org.apache.jasper.servlet.TldScanner.scanJars Au moins un fichier JAR a été analysé pour trouver des TLDs mais il n'en contenait pas, le mode "debug" du journal peut être activé pour obtenir une liste complète de JAR scannés sans succès; éviter d'analyser des JARs inutilement peut améliorer sensiblement le temps de démarrage et le temps de compilation des JSPs
09-Mar-2020 15:56:37.753 INFO [main] org.apache.catalina.startup.HostConfig.deployDirectory Le déploiement du répertoire [D:\Documents\Cours\J2EE\TEST\apache-tomcat-9.0.14\webapps\ProjetJ2EE] de l'application web s'est terminé en [69] ms
09-Mar-2020 15:56:37.753 INFO [main] org.apache.catalina.startup.HostConfig.deployDirectory Déploiement du répertoire d'application web [D:\Documents\Cours\J2EE\TEST\apache-tomcat-9.0.14\webapps\ROOT]
09-Mar-2020 15:56:37.770 INFO [main] org.apache.catalina.startup.HostConfig.deployDirectory Le déploiement du répertoire [D:\Documents\Cours\J2EE\TEST\apache-tomcat-9.0.14\webapps\ROOT] de l'application web s'est terminé en [17] ms
09-Mar-2020 15:56:37.774 INFO [main] org.apache.coyote.AbstractProtocol.start Démarrage du gestionnaire de protocole ["http-nio-8080"]
09-Mar-2020 15:56:37.781 INFO [main] org.apache.coyote.AbstractProtocol.start Démarrage du gestionnaire de protocole ["ajp-nio-8009"]
09-Mar-2020 15:56:37.786 INFO [main] org.apache.catalina.startup.Catalina.start Le démarrage du serveur a pris [948] millisecondes
09-Mar-2020 16:01:55.606 INFO [http-nio-8080-exec-7] org.apache.catalina.core.StandardContext.reload Le rechargement du contexte [/ProjetJ2EE] a démarré
09-Mar-2020 16:01:55.664 INFO [http-nio-8080-exec-7] org.apache.jasper.servlet.TldScanner.scanJars Au moins un fichier JAR a été analysé pour trouver des TLDs mais il n'en contenait pas, le mode "debug" du journal peut être activé pour obtenir une liste complète de JAR scannés sans succès; éviter d'analyser des JARs inutilement peut améliorer sensiblement le temps de démarrage et le temps de compilation des JSPs
09-Mar-2020 16:01:55.673 INFO [http-nio-8080-exec-7] org.apache.catalina.core.StandardContext.reload Le rechargement de ce contexte est terminé
09-Mar-2020 16:06:18.791 INFO [http-nio-8080-exec-11] org.apache.catalina.core.StandardContext.reload Le rechargement du contexte [/ProjetJ2EE] a démarré
09-Mar-2020 16:06:19.025 INFO [http-nio-8080-exec-11] org.apache.jasper.servlet.TldScanner.scanJars Au moins un fichier JAR a été analysé pour trouver des TLDs mais il n'en contenait pas, le mode "debug" du journal peut être activé pour obtenir une liste complète de JAR scannés sans succès; éviter d'analyser des JARs inutilement peut améliorer sensiblement le temps de démarrage et le temps de compilation des JSPs
09-Mar-2020 16:06:19.248 INFO [http-nio-8080-exec-11] org.apache.catalina.core.StandardContext.reload Le rechargement de ce contexte est terminé
09-Mar-2020 16:06:19.568 INFO [http-nio-8080-exec-13] org.apache.catalina.core.StandardContext.reload Le rechargement du contexte [/ProjetJ2EE] a démarré
09-Mar-2020 16:06:19.574 WARNING [http-nio-8080-exec-13] org.apache.catalina.loader.WebappClassLoaderBase.clearReferencesJdbc L'application web [ProjetJ2EE] a enregistré un pilote JDBC [oracle.jdbc.OracleDriver], mais ne l'a pas désenregistré avant l'arrêt de l'application.  Pour éviter une fuite de mémoire, le pilote JDBC a été désenregistré de force.
09-Mar-2020 16:06:19.780 INFO [http-nio-8080-exec-13] org.apache.jasper.servlet.TldScanner.scanJars Au moins un fichier JAR a été analysé pour trouver des TLDs mais il n'en contenait pas, le mode "debug" du journal peut être activé pour obtenir une liste complète de JAR scannés sans succès; éviter d'analyser des JARs inutilement peut améliorer sensiblement le temps de démarrage et le temps de compilation des JSPs
09-Mar-2020 16:06:19.962 INFO [http-nio-8080-exec-13] org.apache.catalina.core.StandardContext.reload Le rechargement de ce contexte est terminé
