20-Mar-2020 17:58:47.768 INFO [main] org.apache.catalina.startup.VersionLoggerListener.log Version du serveur:        Apache Tomcat/9.0.14
20-Mar-2020 17:58:47.771 INFO [main] org.apache.catalina.startup.VersionLoggerListener.log Serveur compilé:        Dec 6 2018 21:13:53 UTC
20-Mar-2020 17:58:47.772 INFO [main] org.apache.catalina.startup.VersionLoggerListener.log Version du serveur:      9.0.14.0
20-Mar-2020 17:58:47.772 INFO [main] org.apache.catalina.startup.VersionLoggerListener.log Nom de l'OS:           Windows 10
20-Mar-2020 17:58:47.773 INFO [main] org.apache.catalina.startup.VersionLoggerListener.log Version de lOS:        {0}
20-Mar-2020 17:58:47.773 INFO [main] org.apache.catalina.startup.VersionLoggerListener.log Architecture:          amd64
20-Mar-2020 17:58:47.773 INFO [main] org.apache.catalina.startup.VersionLoggerListener.log Répertoire de Java:     C:\Program Files\Java\jdk-13.0.1
20-Mar-2020 17:58:47.773 INFO [main] org.apache.catalina.startup.VersionLoggerListener.log Version de la JVM:           13.0.1+9
20-Mar-2020 17:58:47.773 INFO [main] org.apache.catalina.startup.VersionLoggerListener.log Fournisseur de la JVM:            Oracle Corporation
20-Mar-2020 17:58:47.773 INFO [main] org.apache.catalina.startup.VersionLoggerListener.log CATALINA_BASE:         D:\Documents\Cours\J2EE\PROJECT2\apache-tomcat-9.0.14
20-Mar-2020 17:58:47.774 INFO [main] org.apache.catalina.startup.VersionLoggerListener.log CATALINA_HOME:         D:\Documents\Cours\J2EE\PROJECT2\apache-tomcat-9.0.14
20-Mar-2020 17:58:47.774 INFO [main] org.apache.catalina.startup.VersionLoggerListener.log Argument de la ligne de commande: --add-opens=java.base/java.lang=ALL-UNNAMED
20-Mar-2020 17:58:47.774 INFO [main] org.apache.catalina.startup.VersionLoggerListener.log Argument de la ligne de commande: --add-opens=java.base/java.io=ALL-UNNAMED
20-Mar-2020 17:58:47.775 INFO [main] org.apache.catalina.startup.VersionLoggerListener.log Argument de la ligne de commande: --add-opens=java.rmi/sun.rmi.transport=ALL-UNNAMED
20-Mar-2020 17:58:47.775 INFO [main] org.apache.catalina.startup.VersionLoggerListener.log Argument de la ligne de commande: -Djava.util.logging.config.file=D:\Documents\Cours\J2EE\PROJECT2\apache-tomcat-9.0.14\conf\logging.properties
20-Mar-2020 17:58:47.775 INFO [main] org.apache.catalina.startup.VersionLoggerListener.log Argument de la ligne de commande: -Djava.util.logging.manager=org.apache.juli.ClassLoaderLogManager
20-Mar-2020 17:58:47.776 INFO [main] org.apache.catalina.startup.VersionLoggerListener.log Argument de la ligne de commande: -Djdk.tls.ephemeralDHKeySize=2048
20-Mar-2020 17:58:47.776 INFO [main] org.apache.catalina.startup.VersionLoggerListener.log Argument de la ligne de commande: -Djava.protocol.handler.pkgs=org.apache.catalina.webresources
20-Mar-2020 17:58:47.776 INFO [main] org.apache.catalina.startup.VersionLoggerListener.log Argument de la ligne de commande: -Dignore.endorsed.dirs=
20-Mar-2020 17:58:47.777 INFO [main] org.apache.catalina.startup.VersionLoggerListener.log Argument de la ligne de commande: -Dcatalina.base=D:\Documents\Cours\J2EE\PROJECT2\apache-tomcat-9.0.14
20-Mar-2020 17:58:47.777 INFO [main] org.apache.catalina.startup.VersionLoggerListener.log Argument de la ligne de commande: -Dcatalina.home=D:\Documents\Cours\J2EE\PROJECT2\apache-tomcat-9.0.14
20-Mar-2020 17:58:47.777 INFO [main] org.apache.catalina.startup.VersionLoggerListener.log Argument de la ligne de commande: -Djava.io.tmpdir=D:\Documents\Cours\J2EE\PROJECT2\apache-tomcat-9.0.14\temp
20-Mar-2020 17:58:47.778 INFO [main] org.apache.catalina.core.AprLifecycleListener.lifecycleEvent La librairie Apache Tomcat Native basée sur APR qui permet des performances optimales dans les environnements de production n'a pas été trouvée sur le java.library.path: [C:\Program Files\Java\jdk-13.0.1\bin;C:\windows\Sun\Java\bin;C:\windows\system32;C:\windows;D:\Program\Oracle\dbhomeXE\bin;C:\windows\system32;C:\windows;C:\windows\System32\Wbem;C:\windows\System32\WindowsPowerShell\v1.0\;C:\windows\System32\OpenSSH\;C:\Program Files (x86)\Intel\Intel(R) Management Engine Components\DAL;C:\Program Files\Intel\Intel(R) Management Engine Components\DAL;C:\Program Files (x86)\NVIDIA Corporation\PhysX\Common;C:\Program Files\NVIDIA Corporation\NVIDIA NvDLISR;D:\Program\Git\cmd;C:\Program Files\Intel\WiFi\bin\;C:\Program Files\Common Files\Intel\WirelessCommon\;C:\Program Files\dotnet\;C:\Users\vadgo\AppData\Local\Microsoft\WindowsApps;;D:\Program Files (x86)\Microsoft VS Code\bin;.]
20-Mar-2020 17:58:47.828 INFO [main] org.apache.coyote.AbstractProtocol.init Initialisation du gestionnaire de protocole ["http-nio-8080"]
20-Mar-2020 17:58:48.406 INFO [main] org.apache.coyote.AbstractProtocol.init Initialisation du gestionnaire de protocole ["ajp-nio-8009"]
20-Mar-2020 17:58:48.411 INFO [main] org.apache.catalina.startup.Catalina.load L'initialisation du serveur a pris [1 035] millisecondes
20-Mar-2020 17:58:48.447 INFO [main] org.apache.catalina.core.StandardService.startInternal Démarrage du service [Catalina]
20-Mar-2020 17:58:48.448 INFO [main] org.apache.catalina.core.StandardEngine.startInternal Démarrage du moteur de Servlets: [Apache Tomcat/9.0.14]
20-Mar-2020 17:58:48.455 INFO [main] org.apache.catalina.startup.HostConfig.deployDirectory Déploiement du répertoire d'application web [D:\Documents\Cours\J2EE\PROJECT2\apache-tomcat-9.0.14\webapps\docs]
20-Mar-2020 17:58:49.292 WARNING [main] org.apache.catalina.util.SessionIdGeneratorBase.createSecureRandom La création de l'instance de SecureRandom pour le générateur d'id de session en utilisant [SHA1PRNG] a pris [270] millisecondes
20-Mar-2020 17:58:49.346 INFO [main] org.apache.catalina.startup.HostConfig.deployDirectory Le déploiement du répertoire [D:\Documents\Cours\J2EE\PROJECT2\apache-tomcat-9.0.14\webapps\docs] de l'application web s'est terminé en [891] ms
20-Mar-2020 17:58:49.347 INFO [main] org.apache.catalina.startup.HostConfig.deployDirectory Déploiement du répertoire d'application web [D:\Documents\Cours\J2EE\PROJECT2\apache-tomcat-9.0.14\webapps\examples]
20-Mar-2020 17:58:49.798 INFO [main] org.apache.catalina.startup.HostConfig.deployDirectory Le déploiement du répertoire [D:\Documents\Cours\J2EE\PROJECT2\apache-tomcat-9.0.14\webapps\examples] de l'application web s'est terminé en [451] ms
20-Mar-2020 17:58:49.799 INFO [main] org.apache.catalina.startup.HostConfig.deployDirectory Déploiement du répertoire d'application web [D:\Documents\Cours\J2EE\PROJECT2\apache-tomcat-9.0.14\webapps\host-manager]
20-Mar-2020 17:58:49.825 INFO [main] org.apache.catalina.startup.HostConfig.deployDirectory Le déploiement du répertoire [D:\Documents\Cours\J2EE\PROJECT2\apache-tomcat-9.0.14\webapps\host-manager] de l'application web s'est terminé en [26] ms
20-Mar-2020 17:58:49.825 INFO [main] org.apache.catalina.startup.HostConfig.deployDirectory Déploiement du répertoire d'application web [D:\Documents\Cours\J2EE\PROJECT2\apache-tomcat-9.0.14\webapps\manager]
20-Mar-2020 17:58:49.848 INFO [main] org.apache.catalina.startup.HostConfig.deployDirectory Le déploiement du répertoire [D:\Documents\Cours\J2EE\PROJECT2\apache-tomcat-9.0.14\webapps\manager] de l'application web s'est terminé en [23] ms
20-Mar-2020 17:58:49.848 INFO [main] org.apache.catalina.startup.HostConfig.deployDirectory Déploiement du répertoire d'application web [D:\Documents\Cours\J2EE\PROJECT2\apache-tomcat-9.0.14\webapps\ProjetJ2EE]
20-Mar-2020 17:58:50.208 INFO [main] org.apache.jasper.servlet.TldScanner.scanJars Au moins un fichier JAR a été analysé pour trouver des TLDs mais il n'en contenait pas, le mode "debug" du journal peut être activé pour obtenir une liste complète de JAR scannés sans succès; éviter d'analyser des JARs inutilement peut améliorer sensiblement le temps de démarrage et le temps de compilation des JSPs
20-Mar-2020 17:58:50.618 INFO [main] org.apache.catalina.startup.HostConfig.deployDirectory Le déploiement du répertoire [D:\Documents\Cours\J2EE\PROJECT2\apache-tomcat-9.0.14\webapps\ProjetJ2EE] de l'application web s'est terminé en [770] ms
20-Mar-2020 17:58:50.618 INFO [main] org.apache.catalina.startup.HostConfig.deployDirectory Déploiement du répertoire d'application web [D:\Documents\Cours\J2EE\PROJECT2\apache-tomcat-9.0.14\webapps\ROOT]
20-Mar-2020 17:58:50.636 INFO [main] org.apache.catalina.startup.HostConfig.deployDirectory Le déploiement du répertoire [D:\Documents\Cours\J2EE\PROJECT2\apache-tomcat-9.0.14\webapps\ROOT] de l'application web s'est terminé en [18] ms
20-Mar-2020 17:58:50.640 INFO [main] org.apache.coyote.AbstractProtocol.start Démarrage du gestionnaire de protocole ["http-nio-8080"]
20-Mar-2020 17:58:50.648 INFO [main] org.apache.coyote.AbstractProtocol.start Démarrage du gestionnaire de protocole ["ajp-nio-8009"]
20-Mar-2020 17:58:50.653 INFO [main] org.apache.catalina.startup.Catalina.start Le démarrage du serveur a pris [2 242] millisecondes
20-Mar-2020 17:59:10.743 INFO [http-nio-8080-exec-5] org.apache.catalina.core.StandardContext.reload Le rechargement du contexte [/ProjetJ2EE] a démarré
20-Mar-2020 17:59:10.752 WARNING [http-nio-8080-exec-5] org.apache.catalina.loader.WebappClassLoaderBase.clearReferencesJdbc L'application web [ProjetJ2EE] a enregistré un pilote JDBC [oracle.jdbc.OracleDriver], mais ne l'a pas désenregistré avant l'arrêt de l'application.  Pour éviter une fuite de mémoire, le pilote JDBC a été désenregistré de force.
20-Mar-2020 17:59:10.754 SEVERE [http-nio-8080-exec-5] org.apache.catalina.loader.WebappClassLoaderBase.checkThreadLocalMapForLeaks L'application web [ProjetJ2EE] a crée un ThreadLocal avec une clé de type [java.lang.ThreadLocal] (valeur [java.lang.ThreadLocal@3d992a2a]) et une valeur de type [java.lang.Class] (valeur [class oracle.sql.AnyDataFactory]) mais ne l'a pas supprimé lorsqu'elle a été arrêtée, les threads seront graduellement renouvelés pour éviter une probable fuite de mémoire
20-Mar-2020 17:59:10.754 SEVERE [http-nio-8080-exec-5] org.apache.catalina.loader.WebappClassLoaderBase.checkThreadLocalMapForLeaks L'application web [ProjetJ2EE] a crée un ThreadLocal avec une clé de type [java.lang.ThreadLocal] (valeur [java.lang.ThreadLocal@600a7491]) et une valeur de type [java.lang.Class] (valeur [class oracle.sql.TypeDescriptorFactory]) mais ne l'a pas supprimé lorsqu'elle a été arrêtée, les threads seront graduellement renouvelés pour éviter une probable fuite de mémoire
20-Mar-2020 17:59:10.962 INFO [http-nio-8080-exec-5] org.apache.jasper.servlet.TldScanner.scanJars Au moins un fichier JAR a été analysé pour trouver des TLDs mais il n'en contenait pas, le mode "debug" du journal peut être activé pour obtenir une liste complète de JAR scannés sans succès; éviter d'analyser des JARs inutilement peut améliorer sensiblement le temps de démarrage et le temps de compilation des JSPs
20-Mar-2020 17:59:11.155 INFO [http-nio-8080-exec-5] org.apache.catalina.core.StandardContext.reload Le rechargement de ce contexte est terminé
20-Mar-2020 18:02:38.123 INFO [http-nio-8080-exec-15] org.apache.catalina.core.StandardContext.reload Le rechargement du contexte [/ProjetJ2EE] a démarré
20-Mar-2020 18:02:38.272 WARNING [http-nio-8080-exec-15] org.apache.catalina.loader.WebappClassLoaderBase.clearReferencesJdbc L'application web [ProjetJ2EE] a enregistré un pilote JDBC [oracle.jdbc.OracleDriver], mais ne l'a pas désenregistré avant l'arrêt de l'application.  Pour éviter une fuite de mémoire, le pilote JDBC a été désenregistré de force.
20-Mar-2020 18:02:38.470 INFO [http-nio-8080-exec-15] org.apache.jasper.servlet.TldScanner.scanJars Au moins un fichier JAR a été analysé pour trouver des TLDs mais il n'en contenait pas, le mode "debug" du journal peut être activé pour obtenir une liste complète de JAR scannés sans succès; éviter d'analyser des JARs inutilement peut améliorer sensiblement le temps de démarrage et le temps de compilation des JSPs
20-Mar-2020 18:02:38.693 INFO [http-nio-8080-exec-15] org.apache.catalina.core.StandardContext.reload Le rechargement de ce contexte est terminé
20-Mar-2020 18:02:38.829 INFO [http-nio-8080-exec-19] org.apache.catalina.core.StandardContext.reload Le rechargement du contexte [/ProjetJ2EE] a démarré
20-Mar-2020 18:02:38.833 WARNING [http-nio-8080-exec-19] org.apache.catalina.loader.WebappClassLoaderBase.clearReferencesJdbc L'application web [ProjetJ2EE] a enregistré un pilote JDBC [oracle.jdbc.OracleDriver], mais ne l'a pas désenregistré avant l'arrêt de l'application.  Pour éviter une fuite de mémoire, le pilote JDBC a été désenregistré de force.
20-Mar-2020 18:02:39.022 INFO [http-nio-8080-exec-19] org.apache.jasper.servlet.TldScanner.scanJars Au moins un fichier JAR a été analysé pour trouver des TLDs mais il n'en contenait pas, le mode "debug" du journal peut être activé pour obtenir une liste complète de JAR scannés sans succès; éviter d'analyser des JARs inutilement peut améliorer sensiblement le temps de démarrage et le temps de compilation des JSPs
20-Mar-2020 18:02:39.209 INFO [http-nio-8080-exec-19] org.apache.catalina.core.StandardContext.reload Le rechargement de ce contexte est terminé
20-Mar-2020 18:02:39.389 INFO [http-nio-8080-exec-16] org.apache.catalina.core.StandardContext.reload Le rechargement du contexte [/ProjetJ2EE] a démarré
20-Mar-2020 18:02:39.394 WARNING [http-nio-8080-exec-16] org.apache.catalina.loader.WebappClassLoaderBase.clearReferencesJdbc L'application web [ProjetJ2EE] a enregistré un pilote JDBC [oracle.jdbc.OracleDriver], mais ne l'a pas désenregistré avant l'arrêt de l'application.  Pour éviter une fuite de mémoire, le pilote JDBC a été désenregistré de force.
20-Mar-2020 18:02:39.394 SEVERE [http-nio-8080-exec-16] org.apache.catalina.loader.WebappClassLoaderBase.checkThreadLocalMapForLeaks L'application web [ProjetJ2EE] a crée un ThreadLocal avec une clé de type [java.lang.ThreadLocal] (valeur [java.lang.ThreadLocal@18217182]) et une valeur de type [java.lang.Class] (valeur [class oracle.sql.AnyDataFactory]) mais ne l'a pas supprimé lorsqu'elle a été arrêtée, les threads seront graduellement renouvelés pour éviter une probable fuite de mémoire
20-Mar-2020 18:02:39.395 SEVERE [http-nio-8080-exec-16] org.apache.catalina.loader.WebappClassLoaderBase.checkThreadLocalMapForLeaks L'application web [ProjetJ2EE] a crée un ThreadLocal avec une clé de type [java.lang.ThreadLocal] (valeur [java.lang.ThreadLocal@4a057920]) et une valeur de type [java.lang.Class] (valeur [class oracle.sql.TypeDescriptorFactory]) mais ne l'a pas supprimé lorsqu'elle a été arrêtée, les threads seront graduellement renouvelés pour éviter une probable fuite de mémoire
20-Mar-2020 18:02:39.582 INFO [http-nio-8080-exec-16] org.apache.jasper.servlet.TldScanner.scanJars Au moins un fichier JAR a été analysé pour trouver des TLDs mais il n'en contenait pas, le mode "debug" du journal peut être activé pour obtenir une liste complète de JAR scannés sans succès; éviter d'analyser des JARs inutilement peut améliorer sensiblement le temps de démarrage et le temps de compilation des JSPs
20-Mar-2020 18:02:39.774 INFO [http-nio-8080-exec-16] org.apache.catalina.core.StandardContext.reload Le rechargement de ce contexte est terminé
20-Mar-2020 18:07:18.899 INFO [http-nio-8080-exec-22] org.apache.catalina.core.StandardContext.reload Le rechargement du contexte [/ProjetJ2EE] a démarré
20-Mar-2020 18:07:18.906 WARNING [http-nio-8080-exec-22] org.apache.catalina.loader.WebappClassLoaderBase.clearReferencesJdbc L'application web [ProjetJ2EE] a enregistré un pilote JDBC [oracle.jdbc.OracleDriver], mais ne l'a pas désenregistré avant l'arrêt de l'application.  Pour éviter une fuite de mémoire, le pilote JDBC a été désenregistré de force.
20-Mar-2020 18:07:19.098 INFO [http-nio-8080-exec-22] org.apache.jasper.servlet.TldScanner.scanJars Au moins un fichier JAR a été analysé pour trouver des TLDs mais il n'en contenait pas, le mode "debug" du journal peut être activé pour obtenir une liste complète de JAR scannés sans succès; éviter d'analyser des JARs inutilement peut améliorer sensiblement le temps de démarrage et le temps de compilation des JSPs
20-Mar-2020 18:07:19.305 INFO [http-nio-8080-exec-22] org.apache.catalina.core.StandardContext.reload Le rechargement de ce contexte est terminé
20-Mar-2020 18:07:19.436 INFO [http-nio-8080-exec-23] org.apache.catalina.core.StandardContext.reload Le rechargement du contexte [/ProjetJ2EE] a démarré
20-Mar-2020 18:07:19.440 WARNING [http-nio-8080-exec-23] org.apache.catalina.loader.WebappClassLoaderBase.clearReferencesJdbc L'application web [ProjetJ2EE] a enregistré un pilote JDBC [oracle.jdbc.OracleDriver], mais ne l'a pas désenregistré avant l'arrêt de l'application.  Pour éviter une fuite de mémoire, le pilote JDBC a été désenregistré de force.
20-Mar-2020 18:07:19.624 INFO [http-nio-8080-exec-23] org.apache.jasper.servlet.TldScanner.scanJars Au moins un fichier JAR a été analysé pour trouver des TLDs mais il n'en contenait pas, le mode "debug" du journal peut être activé pour obtenir une liste complète de JAR scannés sans succès; éviter d'analyser des JARs inutilement peut améliorer sensiblement le temps de démarrage et le temps de compilation des JSPs
20-Mar-2020 18:07:19.825 INFO [http-nio-8080-exec-23] org.apache.catalina.core.StandardContext.reload Le rechargement de ce contexte est terminé
20-Mar-2020 18:07:20.113 WARNING [http-nio-8080-exec-26] org.apache.catalina.loader.WebappClassLoaderBase.clearReferencesJdbc L'application web [ProjetJ2EE] a enregistré un pilote JDBC [oracle.jdbc.OracleDriver], mais ne l'a pas désenregistré avant l'arrêt de l'application.  Pour éviter une fuite de mémoire, le pilote JDBC a été désenregistré de force.
20-Mar-2020 18:07:20.113 SEVERE [http-nio-8080-exec-26] org.apache.catalina.loader.WebappClassLoaderBase.checkThreadLocalMapForLeaks L'application web [ProjetJ2EE] a crée un ThreadLocal avec une clé de type [java.lang.ThreadLocal] (valeur [java.lang.ThreadLocal@45b16c95]) et une valeur de type [java.lang.Class] (valeur [class oracle.sql.TypeDescriptorFactory]) mais ne l'a pas supprimé lorsqu'elle a été arrêtée, les threads seront graduellement renouvelés pour éviter une probable fuite de mémoire
20-Mar-2020 18:07:20.114 SEVERE [http-nio-8080-exec-26] org.apache.catalina.loader.WebappClassLoaderBase.checkThreadLocalMapForLeaks L'application web [ProjetJ2EE] a crée un ThreadLocal avec une clé de type [java.lang.ThreadLocal] (valeur [java.lang.ThreadLocal@6c16e7b8]) et une valeur de type [java.lang.Class] (valeur [class oracle.sql.AnyDataFactory]) mais ne l'a pas supprimé lorsqu'elle a été arrêtée, les threads seront graduellement renouvelés pour éviter une probable fuite de mémoire
20-Mar-2020 18:07:22.142 INFO [http-nio-8080-exec-23] org.apache.jasper.servlet.TldScanner.scanJars Au moins un fichier JAR a été analysé pour trouver des TLDs mais il n'en contenait pas, le mode "debug" du journal peut être activé pour obtenir une liste complète de JAR scannés sans succès; éviter d'analyser des JARs inutilement peut améliorer sensiblement le temps de démarrage et le temps de compilation des JSPs
20-Mar-2020 18:07:23.321 INFO [http-nio-8080-exec-30] org.apache.catalina.core.StandardContext.reload Le rechargement du contexte [/ProjetJ2EE] a démarré
20-Mar-2020 18:07:23.326 WARNING [http-nio-8080-exec-30] org.apache.catalina.loader.WebappClassLoaderBase.clearReferencesJdbc L'application web [ProjetJ2EE] a enregistré un pilote JDBC [oracle.jdbc.OracleDriver], mais ne l'a pas désenregistré avant l'arrêt de l'application.  Pour éviter une fuite de mémoire, le pilote JDBC a été désenregistré de force.
20-Mar-2020 18:07:23.505 INFO [http-nio-8080-exec-30] org.apache.jasper.servlet.TldScanner.scanJars Au moins un fichier JAR a été analysé pour trouver des TLDs mais il n'en contenait pas, le mode "debug" du journal peut être activé pour obtenir une liste complète de JAR scannés sans succès; éviter d'analyser des JARs inutilement peut améliorer sensiblement le temps de démarrage et le temps de compilation des JSPs
20-Mar-2020 18:07:23.680 INFO [http-nio-8080-exec-30] org.apache.catalina.core.StandardContext.reload Le rechargement de ce contexte est terminé
20-Mar-2020 18:15:21.774 INFO [http-nio-8080-exec-35] org.apache.catalina.core.StandardContext.reload Le rechargement du contexte [/ProjetJ2EE] a démarré
20-Mar-2020 18:15:21.779 WARNING [http-nio-8080-exec-35] org.apache.catalina.loader.WebappClassLoaderBase.clearReferencesJdbc L'application web [ProjetJ2EE] a enregistré un pilote JDBC [oracle.jdbc.OracleDriver], mais ne l'a pas désenregistré avant l'arrêt de l'application.  Pour éviter une fuite de mémoire, le pilote JDBC a été désenregistré de force.
20-Mar-2020 18:15:21.974 INFO [http-nio-8080-exec-35] org.apache.jasper.servlet.TldScanner.scanJars Au moins un fichier JAR a été analysé pour trouver des TLDs mais il n'en contenait pas, le mode "debug" du journal peut être activé pour obtenir une liste complète de JAR scannés sans succès; éviter d'analyser des JARs inutilement peut améliorer sensiblement le temps de démarrage et le temps de compilation des JSPs
20-Mar-2020 18:15:22.171 INFO [http-nio-8080-exec-35] org.apache.catalina.core.StandardContext.reload Le rechargement de ce contexte est terminé
20-Mar-2020 18:15:22.266 INFO [http-nio-8080-exec-39] org.apache.catalina.core.StandardContext.reload Le rechargement du contexte [/ProjetJ2EE] a démarré
20-Mar-2020 18:15:22.271 WARNING [http-nio-8080-exec-39] org.apache.catalina.loader.WebappClassLoaderBase.clearReferencesJdbc L'application web [ProjetJ2EE] a enregistré un pilote JDBC [oracle.jdbc.OracleDriver], mais ne l'a pas désenregistré avant l'arrêt de l'application.  Pour éviter une fuite de mémoire, le pilote JDBC a été désenregistré de force.
20-Mar-2020 18:15:22.456 INFO [http-nio-8080-exec-39] org.apache.jasper.servlet.TldScanner.scanJars Au moins un fichier JAR a été analysé pour trouver des TLDs mais il n'en contenait pas, le mode "debug" du journal peut être activé pour obtenir une liste complète de JAR scannés sans succès; éviter d'analyser des JARs inutilement peut améliorer sensiblement le temps de démarrage et le temps de compilation des JSPs
20-Mar-2020 18:15:22.635 INFO [http-nio-8080-exec-39] org.apache.catalina.core.StandardContext.reload Le rechargement de ce contexte est terminé
20-Mar-2020 18:15:22.798 INFO [http-nio-8080-exec-40] org.apache.catalina.core.StandardContext.reload Le rechargement du contexte [/ProjetJ2EE] a démarré
20-Mar-2020 18:15:22.803 WARNING [http-nio-8080-exec-40] org.apache.catalina.loader.WebappClassLoaderBase.clearReferencesJdbc L'application web [ProjetJ2EE] a enregistré un pilote JDBC [oracle.jdbc.OracleDriver], mais ne l'a pas désenregistré avant l'arrêt de l'application.  Pour éviter une fuite de mémoire, le pilote JDBC a été désenregistré de force.
20-Mar-2020 18:15:22.804 SEVERE [http-nio-8080-exec-40] org.apache.catalina.loader.WebappClassLoaderBase.checkThreadLocalMapForLeaks L'application web [ProjetJ2EE] a crée un ThreadLocal avec une clé de type [java.lang.ThreadLocal] (valeur [java.lang.ThreadLocal@fb4d928]) et une valeur de type [java.lang.Class] (valeur [class oracle.sql.TypeDescriptorFactory]) mais ne l'a pas supprimé lorsqu'elle a été arrêtée, les threads seront graduellement renouvelés pour éviter une probable fuite de mémoire
20-Mar-2020 18:15:22.804 SEVERE [http-nio-8080-exec-40] org.apache.catalina.loader.WebappClassLoaderBase.checkThreadLocalMapForLeaks L'application web [ProjetJ2EE] a crée un ThreadLocal avec une clé de type [java.lang.ThreadLocal] (valeur [java.lang.ThreadLocal@7c790119]) et une valeur de type [java.lang.Class] (valeur [class oracle.sql.AnyDataFactory]) mais ne l'a pas supprimé lorsqu'elle a été arrêtée, les threads seront graduellement renouvelés pour éviter une probable fuite de mémoire
20-Mar-2020 18:15:22.994 INFO [http-nio-8080-exec-40] org.apache.jasper.servlet.TldScanner.scanJars Au moins un fichier JAR a été analysé pour trouver des TLDs mais il n'en contenait pas, le mode "debug" du journal peut être activé pour obtenir une liste complète de JAR scannés sans succès; éviter d'analyser des JARs inutilement peut améliorer sensiblement le temps de démarrage et le temps de compilation des JSPs
20-Mar-2020 18:15:23.198 INFO [http-nio-8080-exec-40] org.apache.catalina.core.StandardContext.reload Le rechargement de ce contexte est terminé
20-Mar-2020 18:17:23.135 INFO [http-nio-8080-exec-48] org.apache.catalina.core.StandardContext.reload Le rechargement du contexte [/ProjetJ2EE] a démarré
20-Mar-2020 18:17:23.142 WARNING [http-nio-8080-exec-48] org.apache.catalina.loader.WebappClassLoaderBase.clearReferencesJdbc L'application web [ProjetJ2EE] a enregistré un pilote JDBC [oracle.jdbc.OracleDriver], mais ne l'a pas désenregistré avant l'arrêt de l'application.  Pour éviter une fuite de mémoire, le pilote JDBC a été désenregistré de force.
20-Mar-2020 18:17:23.324 INFO [http-nio-8080-exec-48] org.apache.jasper.servlet.TldScanner.scanJars Au moins un fichier JAR a été analysé pour trouver des TLDs mais il n'en contenait pas, le mode "debug" du journal peut être activé pour obtenir une liste complète de JAR scannés sans succès; éviter d'analyser des JARs inutilement peut améliorer sensiblement le temps de démarrage et le temps de compilation des JSPs
20-Mar-2020 18:17:23.580 INFO [http-nio-8080-exec-48] org.apache.catalina.core.StandardContext.reload Le rechargement de ce contexte est terminé
20-Mar-2020 18:19:57.901 INFO [http-nio-8080-exec-54] org.apache.catalina.core.StandardContext.reload Le rechargement du contexte [/ProjetJ2EE] a démarré
20-Mar-2020 18:19:57.911 WARNING [http-nio-8080-exec-54] org.apache.catalina.loader.WebappClassLoaderBase.clearReferencesJdbc L'application web [ProjetJ2EE] a enregistré un pilote JDBC [oracle.jdbc.OracleDriver], mais ne l'a pas désenregistré avant l'arrêt de l'application.  Pour éviter une fuite de mémoire, le pilote JDBC a été désenregistré de force.
20-Mar-2020 18:19:58.097 INFO [http-nio-8080-exec-54] org.apache.jasper.servlet.TldScanner.scanJars Au moins un fichier JAR a été analysé pour trouver des TLDs mais il n'en contenait pas, le mode "debug" du journal peut être activé pour obtenir une liste complète de JAR scannés sans succès; éviter d'analyser des JARs inutilement peut améliorer sensiblement le temps de démarrage et le temps de compilation des JSPs
20-Mar-2020 18:19:58.320 INFO [http-nio-8080-exec-54] org.apache.catalina.core.StandardContext.reload Le rechargement de ce contexte est terminé
20-Mar-2020 18:19:58.509 INFO [http-nio-8080-exec-55] org.apache.catalina.core.StandardContext.reload Le rechargement du contexte [/ProjetJ2EE] a démarré
20-Mar-2020 18:19:58.515 WARNING [http-nio-8080-exec-55] org.apache.catalina.loader.WebappClassLoaderBase.clearReferencesJdbc L'application web [ProjetJ2EE] a enregistré un pilote JDBC [oracle.jdbc.OracleDriver], mais ne l'a pas désenregistré avant l'arrêt de l'application.  Pour éviter une fuite de mémoire, le pilote JDBC a été désenregistré de force.
20-Mar-2020 18:19:58.695 INFO [http-nio-8080-exec-55] org.apache.jasper.servlet.TldScanner.scanJars Au moins un fichier JAR a été analysé pour trouver des TLDs mais il n'en contenait pas, le mode "debug" du journal peut être activé pour obtenir une liste complète de JAR scannés sans succès; éviter d'analyser des JARs inutilement peut améliorer sensiblement le temps de démarrage et le temps de compilation des JSPs
20-Mar-2020 18:19:58.883 INFO [http-nio-8080-exec-55] org.apache.catalina.core.StandardContext.reload Le rechargement de ce contexte est terminé
20-Mar-2020 18:19:59.086 INFO [http-nio-8080-exec-63] org.apache.catalina.core.StandardContext.reload Le rechargement du contexte [/ProjetJ2EE] a démarré
20-Mar-2020 18:19:59.090 WARNING [http-nio-8080-exec-63] org.apache.catalina.loader.WebappClassLoaderBase.clearReferencesJdbc L'application web [ProjetJ2EE] a enregistré un pilote JDBC [oracle.jdbc.OracleDriver], mais ne l'a pas désenregistré avant l'arrêt de l'application.  Pour éviter une fuite de mémoire, le pilote JDBC a été désenregistré de force.
20-Mar-2020 18:19:59.091 SEVERE [http-nio-8080-exec-63] org.apache.catalina.loader.WebappClassLoaderBase.checkThreadLocalMapForLeaks L'application web [ProjetJ2EE] a crée un ThreadLocal avec une clé de type [java.lang.ThreadLocal] (valeur [java.lang.ThreadLocal@6357764f]) et une valeur de type [java.lang.Class] (valeur [class oracle.sql.AnyDataFactory]) mais ne l'a pas supprimé lorsqu'elle a été arrêtée, les threads seront graduellement renouvelés pour éviter une probable fuite de mémoire
20-Mar-2020 18:19:59.091 SEVERE [http-nio-8080-exec-63] org.apache.catalina.loader.WebappClassLoaderBase.checkThreadLocalMapForLeaks L'application web [ProjetJ2EE] a crée un ThreadLocal avec une clé de type [java.lang.ThreadLocal] (valeur [java.lang.ThreadLocal@38be5fae]) et une valeur de type [java.lang.Class] (valeur [class oracle.sql.TypeDescriptorFactory]) mais ne l'a pas supprimé lorsqu'elle a été arrêtée, les threads seront graduellement renouvelés pour éviter une probable fuite de mémoire
20-Mar-2020 18:19:59.278 INFO [http-nio-8080-exec-63] org.apache.jasper.servlet.TldScanner.scanJars Au moins un fichier JAR a été analysé pour trouver des TLDs mais il n'en contenait pas, le mode "debug" du journal peut être activé pour obtenir une liste complète de JAR scannés sans succès; éviter d'analyser des JARs inutilement peut améliorer sensiblement le temps de démarrage et le temps de compilation des JSPs
20-Mar-2020 18:19:59.460 INFO [http-nio-8080-exec-63] org.apache.catalina.core.StandardContext.reload Le rechargement de ce contexte est terminé
20-Mar-2020 18:25:06.875 INFO [http-nio-8080-exec-68] org.apache.catalina.core.StandardContext.reload Le rechargement du contexte [/ProjetJ2EE] a démarré
20-Mar-2020 18:25:06.883 WARNING [http-nio-8080-exec-68] org.apache.catalina.loader.WebappClassLoaderBase.clearReferencesJdbc L'application web [ProjetJ2EE] a enregistré un pilote JDBC [oracle.jdbc.OracleDriver], mais ne l'a pas désenregistré avant l'arrêt de l'application.  Pour éviter une fuite de mémoire, le pilote JDBC a été désenregistré de force.
20-Mar-2020 18:25:07.069 INFO [http-nio-8080-exec-68] org.apache.jasper.servlet.TldScanner.scanJars Au moins un fichier JAR a été analysé pour trouver des TLDs mais il n'en contenait pas, le mode "debug" du journal peut être activé pour obtenir une liste complète de JAR scannés sans succès; éviter d'analyser des JARs inutilement peut améliorer sensiblement le temps de démarrage et le temps de compilation des JSPs
20-Mar-2020 18:25:07.350 INFO [http-nio-8080-exec-68] org.apache.catalina.core.StandardContext.reload Le rechargement de ce contexte est terminé
20-Mar-2020 18:25:07.482 INFO [http-nio-8080-exec-70] org.apache.catalina.core.StandardContext.reload Le rechargement du contexte [/ProjetJ2EE] a démarré
20-Mar-2020 18:25:07.486 WARNING [http-nio-8080-exec-70] org.apache.catalina.loader.WebappClassLoaderBase.clearReferencesJdbc L'application web [ProjetJ2EE] a enregistré un pilote JDBC [oracle.jdbc.OracleDriver], mais ne l'a pas désenregistré avant l'arrêt de l'application.  Pour éviter une fuite de mémoire, le pilote JDBC a été désenregistré de force.
20-Mar-2020 18:25:07.660 INFO [http-nio-8080-exec-70] org.apache.jasper.servlet.TldScanner.scanJars Au moins un fichier JAR a été analysé pour trouver des TLDs mais il n'en contenait pas, le mode "debug" du journal peut être activé pour obtenir une liste complète de JAR scannés sans succès; éviter d'analyser des JARs inutilement peut améliorer sensiblement le temps de démarrage et le temps de compilation des JSPs
20-Mar-2020 18:25:07.833 INFO [http-nio-8080-exec-70] org.apache.catalina.core.StandardContext.reload Le rechargement de ce contexte est terminé
20-Mar-2020 18:25:07.962 INFO [http-nio-8080-exec-75] org.apache.catalina.core.StandardContext.reload Le rechargement du contexte [/ProjetJ2EE] a démarré
20-Mar-2020 18:25:07.967 WARNING [http-nio-8080-exec-75] org.apache.catalina.loader.WebappClassLoaderBase.clearReferencesJdbc L'application web [ProjetJ2EE] a enregistré un pilote JDBC [oracle.jdbc.OracleDriver], mais ne l'a pas désenregistré avant l'arrêt de l'application.  Pour éviter une fuite de mémoire, le pilote JDBC a été désenregistré de force.
20-Mar-2020 18:25:07.967 SEVERE [http-nio-8080-exec-75] org.apache.catalina.loader.WebappClassLoaderBase.checkThreadLocalMapForLeaks L'application web [ProjetJ2EE] a crée un ThreadLocal avec une clé de type [java.lang.ThreadLocal] (valeur [java.lang.ThreadLocal@751b31d0]) et une valeur de type [java.lang.Class] (valeur [class oracle.sql.AnyDataFactory]) mais ne l'a pas supprimé lorsqu'elle a été arrêtée, les threads seront graduellement renouvelés pour éviter une probable fuite de mémoire
20-Mar-2020 18:25:07.968 SEVERE [http-nio-8080-exec-75] org.apache.catalina.loader.WebappClassLoaderBase.checkThreadLocalMapForLeaks L'application web [ProjetJ2EE] a crée un ThreadLocal avec une clé de type [java.lang.ThreadLocal] (valeur [java.lang.ThreadLocal@55ed47d6]) et une valeur de type [java.lang.Class] (valeur [class oracle.sql.TypeDescriptorFactory]) mais ne l'a pas supprimé lorsqu'elle a été arrêtée, les threads seront graduellement renouvelés pour éviter une probable fuite de mémoire
20-Mar-2020 18:25:08.143 INFO [http-nio-8080-exec-75] org.apache.jasper.servlet.TldScanner.scanJars Au moins un fichier JAR a été analysé pour trouver des TLDs mais il n'en contenait pas, le mode "debug" du journal peut être activé pour obtenir une liste complète de JAR scannés sans succès; éviter d'analyser des JARs inutilement peut améliorer sensiblement le temps de démarrage et le temps de compilation des JSPs
20-Mar-2020 18:25:08.319 INFO [http-nio-8080-exec-75] org.apache.catalina.core.StandardContext.reload Le rechargement de ce contexte est terminé
20-Mar-2020 18:25:08.443 INFO [http-nio-8080-exec-70] org.apache.catalina.core.StandardContext.reload Le rechargement du contexte [/ProjetJ2EE] a démarré
20-Mar-2020 18:25:08.449 WARNING [http-nio-8080-exec-70] org.apache.catalina.loader.WebappClassLoaderBase.clearReferencesJdbc L'application web [ProjetJ2EE] a enregistré un pilote JDBC [oracle.jdbc.OracleDriver], mais ne l'a pas désenregistré avant l'arrêt de l'application.  Pour éviter une fuite de mémoire, le pilote JDBC a été désenregistré de force.
20-Mar-2020 18:25:08.450 SEVERE [http-nio-8080-exec-70] org.apache.catalina.loader.WebappClassLoaderBase.checkThreadLocalMapForLeaks L'application web [ProjetJ2EE] a crée un ThreadLocal avec une clé de type [java.lang.ThreadLocal] (valeur [java.lang.ThreadLocal@173d9f08]) et une valeur de type [java.lang.Class] (valeur [class oracle.sql.AnyDataFactory]) mais ne l'a pas supprimé lorsqu'elle a été arrêtée, les threads seront graduellement renouvelés pour éviter une probable fuite de mémoire
20-Mar-2020 18:25:08.450 SEVERE [http-nio-8080-exec-70] org.apache.catalina.loader.WebappClassLoaderBase.checkThreadLocalMapForLeaks L'application web [ProjetJ2EE] a crée un ThreadLocal avec une clé de type [java.lang.ThreadLocal] (valeur [java.lang.ThreadLocal@30709e69]) et une valeur de type [java.lang.Class] (valeur [class oracle.sql.TypeDescriptorFactory]) mais ne l'a pas supprimé lorsqu'elle a été arrêtée, les threads seront graduellement renouvelés pour éviter une probable fuite de mémoire
20-Mar-2020 18:25:08.628 INFO [http-nio-8080-exec-70] org.apache.jasper.servlet.TldScanner.scanJars Au moins un fichier JAR a été analysé pour trouver des TLDs mais il n'en contenait pas, le mode "debug" du journal peut être activé pour obtenir une liste complète de JAR scannés sans succès; éviter d'analyser des JARs inutilement peut améliorer sensiblement le temps de démarrage et le temps de compilation des JSPs
20-Mar-2020 18:25:08.805 INFO [http-nio-8080-exec-70] org.apache.catalina.core.StandardContext.reload Le rechargement de ce contexte est terminé
20-Mar-2020 18:25:08.957 INFO [http-nio-8080-exec-73] org.apache.catalina.core.StandardContext.reload Le rechargement du contexte [/ProjetJ2EE] a démarré
20-Mar-2020 18:25:08.961 WARNING [http-nio-8080-exec-73] org.apache.catalina.loader.WebappClassLoaderBase.clearReferencesJdbc L'application web [ProjetJ2EE] a enregistré un pilote JDBC [oracle.jdbc.OracleDriver], mais ne l'a pas désenregistré avant l'arrêt de l'application.  Pour éviter une fuite de mémoire, le pilote JDBC a été désenregistré de force.
20-Mar-2020 18:25:09.152 INFO [http-nio-8080-exec-73] org.apache.jasper.servlet.TldScanner.scanJars Au moins un fichier JAR a été analysé pour trouver des TLDs mais il n'en contenait pas, le mode "debug" du journal peut être activé pour obtenir une liste complète de JAR scannés sans succès; éviter d'analyser des JARs inutilement peut améliorer sensiblement le temps de démarrage et le temps de compilation des JSPs
20-Mar-2020 18:25:09.317 INFO [http-nio-8080-exec-73] org.apache.catalina.core.StandardContext.reload Le rechargement de ce contexte est terminé
20-Mar-2020 18:25:09.428 INFO [http-nio-8080-exec-75] org.apache.catalina.core.StandardContext.reload Le rechargement du contexte [/ProjetJ2EE] a démarré
20-Mar-2020 18:25:09.433 WARNING [http-nio-8080-exec-75] org.apache.catalina.loader.WebappClassLoaderBase.clearReferencesJdbc L'application web [ProjetJ2EE] a enregistré un pilote JDBC [oracle.jdbc.OracleDriver], mais ne l'a pas désenregistré avant l'arrêt de l'application.  Pour éviter une fuite de mémoire, le pilote JDBC a été désenregistré de force.
20-Mar-2020 18:25:09.433 SEVERE [http-nio-8080-exec-75] org.apache.catalina.loader.WebappClassLoaderBase.checkThreadLocalMapForLeaks L'application web [ProjetJ2EE] a crée un ThreadLocal avec une clé de type [java.lang.ThreadLocal] (valeur [java.lang.ThreadLocal@34b3e082]) et une valeur de type [java.lang.Class] (valeur [class oracle.sql.AnyDataFactory]) mais ne l'a pas supprimé lorsqu'elle a été arrêtée, les threads seront graduellement renouvelés pour éviter une probable fuite de mémoire
20-Mar-2020 18:25:09.434 SEVERE [http-nio-8080-exec-75] org.apache.catalina.loader.WebappClassLoaderBase.checkThreadLocalMapForLeaks L'application web [ProjetJ2EE] a crée un ThreadLocal avec une clé de type [java.lang.ThreadLocal] (valeur [java.lang.ThreadLocal@626e7e0a]) et une valeur de type [java.lang.Class] (valeur [class oracle.sql.TypeDescriptorFactory]) mais ne l'a pas supprimé lorsqu'elle a été arrêtée, les threads seront graduellement renouvelés pour éviter une probable fuite de mémoire
20-Mar-2020 18:25:09.617 INFO [http-nio-8080-exec-75] org.apache.jasper.servlet.TldScanner.scanJars Au moins un fichier JAR a été analysé pour trouver des TLDs mais il n'en contenait pas, le mode "debug" du journal peut être activé pour obtenir une liste complète de JAR scannés sans succès; éviter d'analyser des JARs inutilement peut améliorer sensiblement le temps de démarrage et le temps de compilation des JSPs
20-Mar-2020 18:25:09.791 INFO [http-nio-8080-exec-75] org.apache.catalina.core.StandardContext.reload Le rechargement de ce contexte est terminé
20-Mar-2020 18:25:10.006 INFO [http-nio-8080-exec-73] org.apache.catalina.core.StandardContext.reload Le rechargement du contexte [/ProjetJ2EE] a démarré
20-Mar-2020 18:25:10.011 WARNING [http-nio-8080-exec-73] org.apache.catalina.loader.WebappClassLoaderBase.clearReferencesJdbc L'application web [ProjetJ2EE] a enregistré un pilote JDBC [oracle.jdbc.OracleDriver], mais ne l'a pas désenregistré avant l'arrêt de l'application.  Pour éviter une fuite de mémoire, le pilote JDBC a été désenregistré de force.
20-Mar-2020 18:25:10.012 SEVERE [http-nio-8080-exec-73] org.apache.catalina.loader.WebappClassLoaderBase.checkThreadLocalMapForLeaks L'application web [ProjetJ2EE] a crée un ThreadLocal avec une clé de type [java.lang.ThreadLocal] (valeur [java.lang.ThreadLocal@2ae04a42]) et une valeur de type [java.lang.Class] (valeur [class oracle.sql.AnyDataFactory]) mais ne l'a pas supprimé lorsqu'elle a été arrêtée, les threads seront graduellement renouvelés pour éviter une probable fuite de mémoire
20-Mar-2020 18:25:10.012 SEVERE [http-nio-8080-exec-73] org.apache.catalina.loader.WebappClassLoaderBase.checkThreadLocalMapForLeaks L'application web [ProjetJ2EE] a crée un ThreadLocal avec une clé de type [java.lang.ThreadLocal] (valeur [java.lang.ThreadLocal@eb5e52c]) et une valeur de type [java.lang.Class] (valeur [class oracle.sql.TypeDescriptorFactory]) mais ne l'a pas supprimé lorsqu'elle a été arrêtée, les threads seront graduellement renouvelés pour éviter une probable fuite de mémoire
20-Mar-2020 18:25:10.196 INFO [http-nio-8080-exec-73] org.apache.jasper.servlet.TldScanner.scanJars Au moins un fichier JAR a été analysé pour trouver des TLDs mais il n'en contenait pas, le mode "debug" du journal peut être activé pour obtenir une liste complète de JAR scannés sans succès; éviter d'analyser des JARs inutilement peut améliorer sensiblement le temps de démarrage et le temps de compilation des JSPs
20-Mar-2020 18:25:10.365 INFO [http-nio-8080-exec-73] org.apache.catalina.core.StandardContext.reload Le rechargement de ce contexte est terminé
20-Mar-2020 18:25:10.668 INFO [http-nio-8080-exec-76] org.apache.catalina.core.StandardContext.reload Le rechargement du contexte [/ProjetJ2EE] a démarré
20-Mar-2020 18:25:10.672 WARNING [http-nio-8080-exec-76] org.apache.catalina.loader.WebappClassLoaderBase.clearReferencesJdbc L'application web [ProjetJ2EE] a enregistré un pilote JDBC [oracle.jdbc.OracleDriver], mais ne l'a pas désenregistré avant l'arrêt de l'application.  Pour éviter une fuite de mémoire, le pilote JDBC a été désenregistré de force.
20-Mar-2020 18:25:10.858 INFO [http-nio-8080-exec-76] org.apache.jasper.servlet.TldScanner.scanJars Au moins un fichier JAR a été analysé pour trouver des TLDs mais il n'en contenait pas, le mode "debug" du journal peut être activé pour obtenir une liste complète de JAR scannés sans succès; éviter d'analyser des JARs inutilement peut améliorer sensiblement le temps de démarrage et le temps de compilation des JSPs
20-Mar-2020 18:25:11.040 INFO [http-nio-8080-exec-76] org.apache.catalina.core.StandardContext.reload Le rechargement de ce contexte est terminé
20-Mar-2020 18:25:11.272 INFO [http-nio-8080-exec-75] org.apache.catalina.core.StandardContext.reload Le rechargement du contexte [/ProjetJ2EE] a démarré
20-Mar-2020 18:25:11.276 WARNING [http-nio-8080-exec-75] org.apache.catalina.loader.WebappClassLoaderBase.clearReferencesJdbc L'application web [ProjetJ2EE] a enregistré un pilote JDBC [oracle.jdbc.OracleDriver], mais ne l'a pas désenregistré avant l'arrêt de l'application.  Pour éviter une fuite de mémoire, le pilote JDBC a été désenregistré de force.
20-Mar-2020 18:25:11.276 SEVERE [http-nio-8080-exec-75] org.apache.catalina.loader.WebappClassLoaderBase.checkThreadLocalMapForLeaks L'application web [ProjetJ2EE] a crée un ThreadLocal avec une clé de type [java.lang.ThreadLocal] (valeur [java.lang.ThreadLocal@737dc685]) et une valeur de type [java.lang.Class] (valeur [class oracle.sql.AnyDataFactory]) mais ne l'a pas supprimé lorsqu'elle a été arrêtée, les threads seront graduellement renouvelés pour éviter une probable fuite de mémoire
20-Mar-2020 18:25:11.277 SEVERE [http-nio-8080-exec-75] org.apache.catalina.loader.WebappClassLoaderBase.checkThreadLocalMapForLeaks L'application web [ProjetJ2EE] a crée un ThreadLocal avec une clé de type [java.lang.ThreadLocal] (valeur [java.lang.ThreadLocal@7a6a02d3]) et une valeur de type [java.lang.Class] (valeur [class oracle.sql.TypeDescriptorFactory]) mais ne l'a pas supprimé lorsqu'elle a été arrêtée, les threads seront graduellement renouvelés pour éviter une probable fuite de mémoire
20-Mar-2020 18:25:11.457 INFO [http-nio-8080-exec-75] org.apache.jasper.servlet.TldScanner.scanJars Au moins un fichier JAR a été analysé pour trouver des TLDs mais il n'en contenait pas, le mode "debug" du journal peut être activé pour obtenir une liste complète de JAR scannés sans succès; éviter d'analyser des JARs inutilement peut améliorer sensiblement le temps de démarrage et le temps de compilation des JSPs
20-Mar-2020 18:25:11.623 INFO [http-nio-8080-exec-75] org.apache.catalina.core.StandardContext.reload Le rechargement de ce contexte est terminé
20-Mar-2020 18:25:11.715 INFO [http-nio-8080-exec-65] org.apache.catalina.core.StandardContext.reload Le rechargement du contexte [/ProjetJ2EE] a démarré
20-Mar-2020 18:25:11.717 WARNING [http-nio-8080-exec-65] org.apache.catalina.loader.WebappClassLoaderBase.clearReferencesJdbc L'application web [ProjetJ2EE] a enregistré un pilote JDBC [oracle.jdbc.OracleDriver], mais ne l'a pas désenregistré avant l'arrêt de l'application.  Pour éviter une fuite de mémoire, le pilote JDBC a été désenregistré de force.
20-Mar-2020 18:25:11.902 INFO [http-nio-8080-exec-65] org.apache.jasper.servlet.TldScanner.scanJars Au moins un fichier JAR a été analysé pour trouver des TLDs mais il n'en contenait pas, le mode "debug" du journal peut être activé pour obtenir une liste complète de JAR scannés sans succès; éviter d'analyser des JARs inutilement peut améliorer sensiblement le temps de démarrage et le temps de compilation des JSPs
20-Mar-2020 18:25:12.072 INFO [http-nio-8080-exec-65] org.apache.catalina.core.StandardContext.reload Le rechargement de ce contexte est terminé
20-Mar-2020 18:26:40.198 INFO [main] org.apache.catalina.startup.VersionLoggerListener.log Version du serveur:        Apache Tomcat/9.0.14
20-Mar-2020 18:26:40.201 INFO [main] org.apache.catalina.startup.VersionLoggerListener.log Serveur compilé:        Dec 6 2018 21:13:53 UTC
20-Mar-2020 18:26:40.202 INFO [main] org.apache.catalina.startup.VersionLoggerListener.log Version du serveur:      9.0.14.0
20-Mar-2020 18:26:40.202 INFO [main] org.apache.catalina.startup.VersionLoggerListener.log Nom de l'OS:           Windows 10
20-Mar-2020 18:26:40.202 INFO [main] org.apache.catalina.startup.VersionLoggerListener.log Version de lOS:        {0}
20-Mar-2020 18:26:40.203 INFO [main] org.apache.catalina.startup.VersionLoggerListener.log Architecture:          amd64
20-Mar-2020 18:26:40.203 INFO [main] org.apache.catalina.startup.VersionLoggerListener.log Répertoire de Java:     C:\Program Files\Java\jdk-13.0.1
20-Mar-2020 18:26:40.203 INFO [main] org.apache.catalina.startup.VersionLoggerListener.log Version de la JVM:           13.0.1+9
20-Mar-2020 18:26:40.203 INFO [main] org.apache.catalina.startup.VersionLoggerListener.log Fournisseur de la JVM:            Oracle Corporation
20-Mar-2020 18:26:40.203 INFO [main] org.apache.catalina.startup.VersionLoggerListener.log CATALINA_BASE:         D:\Documents\Cours\J2EE\PROJECT2\apache-tomcat-9.0.14
20-Mar-2020 18:26:40.204 INFO [main] org.apache.catalina.startup.VersionLoggerListener.log CATALINA_HOME:         D:\Documents\Cours\J2EE\PROJECT2\apache-tomcat-9.0.14
20-Mar-2020 18:26:40.204 INFO [main] org.apache.catalina.startup.VersionLoggerListener.log Argument de la ligne de commande: --add-opens=java.base/java.lang=ALL-UNNAMED
20-Mar-2020 18:26:40.205 INFO [main] org.apache.catalina.startup.VersionLoggerListener.log Argument de la ligne de commande: --add-opens=java.base/java.io=ALL-UNNAMED
20-Mar-2020 18:26:40.205 INFO [main] org.apache.catalina.startup.VersionLoggerListener.log Argument de la ligne de commande: --add-opens=java.rmi/sun.rmi.transport=ALL-UNNAMED
20-Mar-2020 18:26:40.205 INFO [main] org.apache.catalina.startup.VersionLoggerListener.log Argument de la ligne de commande: -Djava.util.logging.config.file=D:\Documents\Cours\J2EE\PROJECT2\apache-tomcat-9.0.14\conf\logging.properties
20-Mar-2020 18:26:40.206 INFO [main] org.apache.catalina.startup.VersionLoggerListener.log Argument de la ligne de commande: -Djava.util.logging.manager=org.apache.juli.ClassLoaderLogManager
20-Mar-2020 18:26:40.206 INFO [main] org.apache.catalina.startup.VersionLoggerListener.log Argument de la ligne de commande: -Djdk.tls.ephemeralDHKeySize=2048
20-Mar-2020 18:26:40.206 INFO [main] org.apache.catalina.startup.VersionLoggerListener.log Argument de la ligne de commande: -Djava.protocol.handler.pkgs=org.apache.catalina.webresources
20-Mar-2020 18:26:40.207 INFO [main] org.apache.catalina.startup.VersionLoggerListener.log Argument de la ligne de commande: -Dignore.endorsed.dirs=
20-Mar-2020 18:26:40.207 INFO [main] org.apache.catalina.startup.VersionLoggerListener.log Argument de la ligne de commande: -Dcatalina.base=D:\Documents\Cours\J2EE\PROJECT2\apache-tomcat-9.0.14
20-Mar-2020 18:26:40.207 INFO [main] org.apache.catalina.startup.VersionLoggerListener.log Argument de la ligne de commande: -Dcatalina.home=D:\Documents\Cours\J2EE\PROJECT2\apache-tomcat-9.0.14
20-Mar-2020 18:26:40.208 INFO [main] org.apache.catalina.startup.VersionLoggerListener.log Argument de la ligne de commande: -Djava.io.tmpdir=D:\Documents\Cours\J2EE\PROJECT2\apache-tomcat-9.0.14\temp
20-Mar-2020 18:26:40.208 INFO [main] org.apache.catalina.core.AprLifecycleListener.lifecycleEvent La librairie Apache Tomcat Native basée sur APR qui permet des performances optimales dans les environnements de production n'a pas été trouvée sur le java.library.path: [C:\Program Files\Java\jdk-13.0.1\bin;C:\windows\Sun\Java\bin;C:\windows\system32;C:\windows;D:\Program\Oracle\dbhomeXE\bin;C:\windows\system32;C:\windows;C:\windows\System32\Wbem;C:\windows\System32\WindowsPowerShell\v1.0\;C:\windows\System32\OpenSSH\;C:\Program Files (x86)\Intel\Intel(R) Management Engine Components\DAL;C:\Program Files\Intel\Intel(R) Management Engine Components\DAL;C:\Program Files (x86)\NVIDIA Corporation\PhysX\Common;C:\Program Files\NVIDIA Corporation\NVIDIA NvDLISR;D:\Program\Git\cmd;C:\Program Files\Intel\WiFi\bin\;C:\Program Files\Common Files\Intel\WirelessCommon\;C:\Program Files\dotnet\;C:\Users\vadgo\AppData\Local\Microsoft\WindowsApps;;D:\Program Files (x86)\Microsoft VS Code\bin;.]
20-Mar-2020 18:26:40.249 INFO [main] org.apache.coyote.AbstractProtocol.init Initialisation du gestionnaire de protocole ["http-nio-8080"]
20-Mar-2020 18:26:40.807 INFO [main] org.apache.coyote.AbstractProtocol.init Initialisation du gestionnaire de protocole ["ajp-nio-8009"]
20-Mar-2020 18:26:40.810 INFO [main] org.apache.catalina.startup.Catalina.load L'initialisation du serveur a pris [898] millisecondes
20-Mar-2020 18:26:40.838 INFO [main] org.apache.catalina.core.StandardService.startInternal Démarrage du service [Catalina]
20-Mar-2020 18:26:40.838 INFO [main] org.apache.catalina.core.StandardEngine.startInternal Démarrage du moteur de Servlets: [Apache Tomcat/9.0.14]
20-Mar-2020 18:26:40.844 INFO [main] org.apache.catalina.startup.HostConfig.deployDirectory Déploiement du répertoire d'application web [D:\Documents\Cours\J2EE\PROJECT2\apache-tomcat-9.0.14\webapps\docs]
20-Mar-2020 18:26:41.298 WARNING [main] org.apache.catalina.util.SessionIdGeneratorBase.createSecureRandom La création de l'instance de SecureRandom pour le générateur d'id de session en utilisant [SHA1PRNG] a pris [260] millisecondes
20-Mar-2020 18:26:41.312 INFO [main] org.apache.catalina.startup.HostConfig.deployDirectory Le déploiement du répertoire [D:\Documents\Cours\J2EE\PROJECT2\apache-tomcat-9.0.14\webapps\docs] de l'application web s'est terminé en [468] ms
20-Mar-2020 18:26:41.312 INFO [main] org.apache.catalina.startup.HostConfig.deployDirectory Déploiement du répertoire d'application web [D:\Documents\Cours\J2EE\PROJECT2\apache-tomcat-9.0.14\webapps\examples]
20-Mar-2020 18:26:41.592 INFO [main] org.apache.catalina.startup.HostConfig.deployDirectory Le déploiement du répertoire [D:\Documents\Cours\J2EE\PROJECT2\apache-tomcat-9.0.14\webapps\examples] de l'application web s'est terminé en [279] ms
20-Mar-2020 18:26:41.592 INFO [main] org.apache.catalina.startup.HostConfig.deployDirectory Déploiement du répertoire d'application web [D:\Documents\Cours\J2EE\PROJECT2\apache-tomcat-9.0.14\webapps\host-manager]
20-Mar-2020 18:26:41.617 INFO [main] org.apache.catalina.startup.HostConfig.deployDirectory Le déploiement du répertoire [D:\Documents\Cours\J2EE\PROJECT2\apache-tomcat-9.0.14\webapps\host-manager] de l'application web s'est terminé en [25] ms
20-Mar-2020 18:26:41.618 INFO [main] org.apache.catalina.startup.HostConfig.deployDirectory Déploiement du répertoire d'application web [D:\Documents\Cours\J2EE\PROJECT2\apache-tomcat-9.0.14\webapps\manager]
20-Mar-2020 18:26:41.638 INFO [main] org.apache.catalina.startup.HostConfig.deployDirectory Le déploiement du répertoire [D:\Documents\Cours\J2EE\PROJECT2\apache-tomcat-9.0.14\webapps\manager] de l'application web s'est terminé en [20] ms
20-Mar-2020 18:26:41.638 INFO [main] org.apache.catalina.startup.HostConfig.deployDirectory Déploiement du répertoire d'application web [D:\Documents\Cours\J2EE\PROJECT2\apache-tomcat-9.0.14\webapps\ProjetJ2EE]
20-Mar-2020 18:26:41.862 INFO [main] org.apache.jasper.servlet.TldScanner.scanJars Au moins un fichier JAR a été analysé pour trouver des TLDs mais il n'en contenait pas, le mode "debug" du journal peut être activé pour obtenir une liste complète de JAR scannés sans succès; éviter d'analyser des JARs inutilement peut améliorer sensiblement le temps de démarrage et le temps de compilation des JSPs
20-Mar-2020 18:26:42.077 INFO [main] org.apache.catalina.startup.HostConfig.deployDirectory Le déploiement du répertoire [D:\Documents\Cours\J2EE\PROJECT2\apache-tomcat-9.0.14\webapps\ProjetJ2EE] de l'application web s'est terminé en [439] ms
20-Mar-2020 18:26:42.079 INFO [main] org.apache.catalina.startup.HostConfig.deployDirectory Déploiement du répertoire d'application web [D:\Documents\Cours\J2EE\PROJECT2\apache-tomcat-9.0.14\webapps\ROOT]
20-Mar-2020 18:26:42.093 INFO [main] org.apache.catalina.startup.HostConfig.deployDirectory Le déploiement du répertoire [D:\Documents\Cours\J2EE\PROJECT2\apache-tomcat-9.0.14\webapps\ROOT] de l'application web s'est terminé en [14] ms
20-Mar-2020 18:26:42.097 INFO [main] org.apache.coyote.AbstractProtocol.start Démarrage du gestionnaire de protocole ["http-nio-8080"]
20-Mar-2020 18:26:42.104 INFO [main] org.apache.coyote.AbstractProtocol.start Démarrage du gestionnaire de protocole ["ajp-nio-8009"]
20-Mar-2020 18:26:42.109 INFO [main] org.apache.catalina.startup.Catalina.start Le démarrage du serveur a pris [1 299] millisecondes
20-Mar-2020 18:26:55.910 INFO [http-nio-8080-exec-10] org.apache.catalina.core.StandardContext.reload Le rechargement du contexte [/ProjetJ2EE] a démarré
20-Mar-2020 18:26:55.920 WARNING [http-nio-8080-exec-10] org.apache.catalina.loader.WebappClassLoaderBase.clearReferencesJdbc L'application web [ProjetJ2EE] a enregistré un pilote JDBC [oracle.jdbc.OracleDriver], mais ne l'a pas désenregistré avant l'arrêt de l'application.  Pour éviter une fuite de mémoire, le pilote JDBC a été désenregistré de force.
20-Mar-2020 18:26:55.921 SEVERE [http-nio-8080-exec-10] org.apache.catalina.loader.WebappClassLoaderBase.checkThreadLocalMapForLeaks L'application web [ProjetJ2EE] a crée un ThreadLocal avec une clé de type [java.lang.ThreadLocal] (valeur [java.lang.ThreadLocal@740e3e5a]) et une valeur de type [java.lang.Class] (valeur [class oracle.sql.AnyDataFactory]) mais ne l'a pas supprimé lorsqu'elle a été arrêtée, les threads seront graduellement renouvelés pour éviter une probable fuite de mémoire
20-Mar-2020 18:26:55.921 SEVERE [http-nio-8080-exec-10] org.apache.catalina.loader.WebappClassLoaderBase.checkThreadLocalMapForLeaks L'application web [ProjetJ2EE] a crée un ThreadLocal avec une clé de type [java.lang.ThreadLocal] (valeur [java.lang.ThreadLocal@195157e6]) et une valeur de type [java.lang.Class] (valeur [class oracle.sql.TypeDescriptorFactory]) mais ne l'a pas supprimé lorsqu'elle a été arrêtée, les threads seront graduellement renouvelés pour éviter une probable fuite de mémoire
20-Mar-2020 18:26:56.131 INFO [http-nio-8080-exec-10] org.apache.jasper.servlet.TldScanner.scanJars Au moins un fichier JAR a été analysé pour trouver des TLDs mais il n'en contenait pas, le mode "debug" du journal peut être activé pour obtenir une liste complète de JAR scannés sans succès; éviter d'analyser des JARs inutilement peut améliorer sensiblement le temps de démarrage et le temps de compilation des JSPs
20-Mar-2020 18:26:56.327 INFO [http-nio-8080-exec-10] org.apache.catalina.core.StandardContext.reload Le rechargement de ce contexte est terminé
20-Mar-2020 19:00:25.370 WARNING [http-nio-8080-exec-16] org.apache.catalina.loader.WebappClassLoaderBase.clearReferencesJdbc L'application web [ProjetJ2EE] a enregistré un pilote JDBC [oracle.jdbc.OracleDriver], mais ne l'a pas désenregistré avant l'arrêt de l'application.  Pour éviter une fuite de mémoire, le pilote JDBC a été désenregistré de force.
20-Mar-2020 19:00:26.599 INFO [http-nio-8080-exec-12] org.apache.jasper.servlet.TldScanner.scanJars Au moins un fichier JAR a été analysé pour trouver des TLDs mais il n'en contenait pas, le mode "debug" du journal peut être activé pour obtenir une liste complète de JAR scannés sans succès; éviter d'analyser des JARs inutilement peut améliorer sensiblement le temps de démarrage et le temps de compilation des JSPs
20-Mar-2020 19:00:27.571 INFO [http-nio-8080-exec-15] org.apache.catalina.core.StandardContext.reload Le rechargement du contexte [/ProjetJ2EE] a démarré
20-Mar-2020 19:00:27.575 WARNING [http-nio-8080-exec-15] org.apache.catalina.loader.WebappClassLoaderBase.clearReferencesJdbc L'application web [ProjetJ2EE] a enregistré un pilote JDBC [oracle.jdbc.OracleDriver], mais ne l'a pas désenregistré avant l'arrêt de l'application.  Pour éviter une fuite de mémoire, le pilote JDBC a été désenregistré de force.
20-Mar-2020 19:00:27.763 INFO [http-nio-8080-exec-15] org.apache.jasper.servlet.TldScanner.scanJars Au moins un fichier JAR a été analysé pour trouver des TLDs mais il n'en contenait pas, le mode "debug" du journal peut être activé pour obtenir une liste complète de JAR scannés sans succès; éviter d'analyser des JARs inutilement peut améliorer sensiblement le temps de démarrage et le temps de compilation des JSPs
20-Mar-2020 19:00:27.949 INFO [http-nio-8080-exec-15] org.apache.catalina.core.StandardContext.reload Le rechargement de ce contexte est terminé
20-Mar-2020 19:04:40.135 INFO [http-nio-8080-exec-26] org.apache.catalina.core.StandardContext.reload Le rechargement du contexte [/ProjetJ2EE] a démarré
20-Mar-2020 19:04:40.152 WARNING [http-nio-8080-exec-26] org.apache.catalina.loader.WebappClassLoaderBase.clearReferencesJdbc L'application web [ProjetJ2EE] a enregistré un pilote JDBC [oracle.jdbc.OracleDriver], mais ne l'a pas désenregistré avant l'arrêt de l'application.  Pour éviter une fuite de mémoire, le pilote JDBC a été désenregistré de force.
20-Mar-2020 19:04:40.344 INFO [http-nio-8080-exec-26] org.apache.jasper.servlet.TldScanner.scanJars Au moins un fichier JAR a été analysé pour trouver des TLDs mais il n'en contenait pas, le mode "debug" du journal peut être activé pour obtenir une liste complète de JAR scannés sans succès; éviter d'analyser des JARs inutilement peut améliorer sensiblement le temps de démarrage et le temps de compilation des JSPs
20-Mar-2020 19:04:40.555 INFO [http-nio-8080-exec-26] org.apache.catalina.core.StandardContext.reload Le rechargement de ce contexte est terminé
20-Mar-2020 19:04:41.067 INFO [http-nio-8080-exec-23] org.apache.catalina.core.StandardContext.reload Le rechargement du contexte [/ProjetJ2EE] a démarré
20-Mar-2020 19:04:41.071 WARNING [http-nio-8080-exec-23] org.apache.catalina.loader.WebappClassLoaderBase.clearReferencesJdbc L'application web [ProjetJ2EE] a enregistré un pilote JDBC [oracle.jdbc.OracleDriver], mais ne l'a pas désenregistré avant l'arrêt de l'application.  Pour éviter une fuite de mémoire, le pilote JDBC a été désenregistré de force.
20-Mar-2020 19:04:41.255 INFO [http-nio-8080-exec-23] org.apache.jasper.servlet.TldScanner.scanJars Au moins un fichier JAR a été analysé pour trouver des TLDs mais il n'en contenait pas, le mode "debug" du journal peut être activé pour obtenir une liste complète de JAR scannés sans succès; éviter d'analyser des JARs inutilement peut améliorer sensiblement le temps de démarrage et le temps de compilation des JSPs
20-Mar-2020 19:04:41.438 INFO [http-nio-8080-exec-23] org.apache.catalina.core.StandardContext.reload Le rechargement de ce contexte est terminé
20-Mar-2020 19:05:49.783 INFO [http-nio-8080-exec-34] org.apache.catalina.core.StandardContext.reload Le rechargement du contexte [/ProjetJ2EE] a démarré
20-Mar-2020 19:05:49.789 WARNING [http-nio-8080-exec-34] org.apache.catalina.loader.WebappClassLoaderBase.clearReferencesJdbc L'application web [ProjetJ2EE] a enregistré un pilote JDBC [oracle.jdbc.OracleDriver], mais ne l'a pas désenregistré avant l'arrêt de l'application.  Pour éviter une fuite de mémoire, le pilote JDBC a été désenregistré de force.
20-Mar-2020 19:05:49.790 SEVERE [http-nio-8080-exec-34] org.apache.catalina.loader.WebappClassLoaderBase.checkThreadLocalMapForLeaks L'application web [ProjetJ2EE] a crée un ThreadLocal avec une clé de type [java.lang.ThreadLocal] (valeur [java.lang.ThreadLocal@25059e71]) et une valeur de type [java.lang.Class] (valeur [class oracle.sql.AnyDataFactory]) mais ne l'a pas supprimé lorsqu'elle a été arrêtée, les threads seront graduellement renouvelés pour éviter une probable fuite de mémoire
20-Mar-2020 19:05:49.790 SEVERE [http-nio-8080-exec-34] org.apache.catalina.loader.WebappClassLoaderBase.checkThreadLocalMapForLeaks L'application web [ProjetJ2EE] a crée un ThreadLocal avec une clé de type [java.lang.ThreadLocal] (valeur [java.lang.ThreadLocal@d6d93c]) et une valeur de type [java.lang.Class] (valeur [class oracle.sql.TypeDescriptorFactory]) mais ne l'a pas supprimé lorsqu'elle a été arrêtée, les threads seront graduellement renouvelés pour éviter une probable fuite de mémoire
20-Mar-2020 19:05:49.979 INFO [http-nio-8080-exec-34] org.apache.jasper.servlet.TldScanner.scanJars Au moins un fichier JAR a été analysé pour trouver des TLDs mais il n'en contenait pas, le mode "debug" du journal peut être activé pour obtenir une liste complète de JAR scannés sans succès; éviter d'analyser des JARs inutilement peut améliorer sensiblement le temps de démarrage et le temps de compilation des JSPs
20-Mar-2020 19:05:50.166 INFO [http-nio-8080-exec-34] org.apache.catalina.core.StandardContext.reload Le rechargement de ce contexte est terminé
