17-Mar-2020 14:55:07.826 INFO [main] org.apache.catalina.startup.VersionLoggerListener.log Version du serveur:        Apache Tomcat/9.0.14
17-Mar-2020 14:55:07.829 INFO [main] org.apache.catalina.startup.VersionLoggerListener.log Serveur compilé:        Dec 6 2018 21:13:53 UTC
17-Mar-2020 14:55:07.829 INFO [main] org.apache.catalina.startup.VersionLoggerListener.log Version du serveur:      9.0.14.0
17-Mar-2020 14:55:07.830 INFO [main] org.apache.catalina.startup.VersionLoggerListener.log Nom de l'OS:           Windows 10
17-Mar-2020 14:55:07.830 INFO [main] org.apache.catalina.startup.VersionLoggerListener.log Version de lOS:        {0}
17-Mar-2020 14:55:07.830 INFO [main] org.apache.catalina.startup.VersionLoggerListener.log Architecture:          amd64
17-Mar-2020 14:55:07.830 INFO [main] org.apache.catalina.startup.VersionLoggerListener.log Répertoire de Java:     C:\Program Files\Java\jdk-13.0.1
17-Mar-2020 14:55:07.830 INFO [main] org.apache.catalina.startup.VersionLoggerListener.log Version de la JVM:           13.0.1+9
17-Mar-2020 14:55:07.830 INFO [main] org.apache.catalina.startup.VersionLoggerListener.log Fournisseur de la JVM:            Oracle Corporation
17-Mar-2020 14:55:07.830 INFO [main] org.apache.catalina.startup.VersionLoggerListener.log CATALINA_BASE:         D:\Documents\Cours\J2EE\PROJECT2\apache-tomcat-9.0.14
17-Mar-2020 14:55:07.831 INFO [main] org.apache.catalina.startup.VersionLoggerListener.log CATALINA_HOME:         D:\Documents\Cours\J2EE\PROJECT2\apache-tomcat-9.0.14
17-Mar-2020 14:55:07.831 INFO [main] org.apache.catalina.startup.VersionLoggerListener.log Argument de la ligne de commande: --add-opens=java.base/java.lang=ALL-UNNAMED
17-Mar-2020 14:55:07.831 INFO [main] org.apache.catalina.startup.VersionLoggerListener.log Argument de la ligne de commande: --add-opens=java.base/java.io=ALL-UNNAMED
17-Mar-2020 14:55:07.832 INFO [main] org.apache.catalina.startup.VersionLoggerListener.log Argument de la ligne de commande: --add-opens=java.rmi/sun.rmi.transport=ALL-UNNAMED
17-Mar-2020 14:55:07.832 INFO [main] org.apache.catalina.startup.VersionLoggerListener.log Argument de la ligne de commande: -Djava.util.logging.config.file=D:\Documents\Cours\J2EE\PROJECT2\apache-tomcat-9.0.14\conf\logging.properties
17-Mar-2020 14:55:07.833 INFO [main] org.apache.catalina.startup.VersionLoggerListener.log Argument de la ligne de commande: -Djava.util.logging.manager=org.apache.juli.ClassLoaderLogManager
17-Mar-2020 14:55:07.833 INFO [main] org.apache.catalina.startup.VersionLoggerListener.log Argument de la ligne de commande: -Djdk.tls.ephemeralDHKeySize=2048
17-Mar-2020 14:55:07.834 INFO [main] org.apache.catalina.startup.VersionLoggerListener.log Argument de la ligne de commande: -Djava.protocol.handler.pkgs=org.apache.catalina.webresources
17-Mar-2020 14:55:07.834 INFO [main] org.apache.catalina.startup.VersionLoggerListener.log Argument de la ligne de commande: -Dignore.endorsed.dirs=
17-Mar-2020 14:55:07.834 INFO [main] org.apache.catalina.startup.VersionLoggerListener.log Argument de la ligne de commande: -Dcatalina.base=D:\Documents\Cours\J2EE\PROJECT2\apache-tomcat-9.0.14
17-Mar-2020 14:55:07.835 INFO [main] org.apache.catalina.startup.VersionLoggerListener.log Argument de la ligne de commande: -Dcatalina.home=D:\Documents\Cours\J2EE\PROJECT2\apache-tomcat-9.0.14
17-Mar-2020 14:55:07.835 INFO [main] org.apache.catalina.startup.VersionLoggerListener.log Argument de la ligne de commande: -Djava.io.tmpdir=D:\Documents\Cours\J2EE\PROJECT2\apache-tomcat-9.0.14\temp
17-Mar-2020 14:55:07.835 INFO [main] org.apache.catalina.core.AprLifecycleListener.lifecycleEvent La librairie Apache Tomcat Native basée sur APR qui permet des performances optimales dans les environnements de production n'a pas été trouvée sur le java.library.path: [C:\Program Files\Java\jdk-13.0.1\bin;C:\windows\Sun\Java\bin;C:\windows\system32;C:\windows;D:\Program\Oracle\dbhomeXE\bin;C:\windows\system32;C:\windows;C:\windows\System32\Wbem;C:\windows\System32\WindowsPowerShell\v1.0\;C:\windows\System32\OpenSSH\;C:\Program Files (x86)\Intel\Intel(R) Management Engine Components\DAL;C:\Program Files\Intel\Intel(R) Management Engine Components\DAL;C:\Program Files (x86)\NVIDIA Corporation\PhysX\Common;C:\Program Files\NVIDIA Corporation\NVIDIA NvDLISR;D:\Program\Git\cmd;C:\Program Files\Intel\WiFi\bin\;C:\Program Files\Common Files\Intel\WirelessCommon\;C:\Program Files\dotnet\;C:\Users\vadgo\AppData\Local\Microsoft\WindowsApps;;D:\Program Files (x86)\Microsoft VS Code\bin;.]
17-Mar-2020 14:55:07.895 INFO [main] org.apache.coyote.AbstractProtocol.init Initialisation du gestionnaire de protocole ["http-nio-8080"]
17-Mar-2020 14:55:08.415 INFO [main] org.apache.coyote.AbstractProtocol.init Initialisation du gestionnaire de protocole ["ajp-nio-8009"]
17-Mar-2020 14:55:08.422 INFO [main] org.apache.catalina.startup.Catalina.load L'initialisation du serveur a pris [936] millisecondes
17-Mar-2020 14:55:08.453 INFO [main] org.apache.catalina.core.StandardService.startInternal Démarrage du service [Catalina]
17-Mar-2020 14:55:08.453 INFO [main] org.apache.catalina.core.StandardEngine.startInternal Démarrage du moteur de Servlets: [Apache Tomcat/9.0.14]
17-Mar-2020 14:55:08.460 INFO [main] org.apache.catalina.startup.HostConfig.deployDirectory Déploiement du répertoire d'application web [D:\Documents\Cours\J2EE\PROJECT2\apache-tomcat-9.0.14\webapps\docs]
17-Mar-2020 14:55:08.943 WARNING [main] org.apache.catalina.util.SessionIdGeneratorBase.createSecureRandom La création de l'instance de SecureRandom pour le générateur d'id de session en utilisant [SHA1PRNG] a pris [256] millisecondes
17-Mar-2020 14:55:08.957 INFO [main] org.apache.catalina.startup.HostConfig.deployDirectory Le déploiement du répertoire [D:\Documents\Cours\J2EE\PROJECT2\apache-tomcat-9.0.14\webapps\docs] de l'application web s'est terminé en [498] ms
17-Mar-2020 14:55:08.957 INFO [main] org.apache.catalina.startup.HostConfig.deployDirectory Déploiement du répertoire d'application web [D:\Documents\Cours\J2EE\PROJECT2\apache-tomcat-9.0.14\webapps\examples]
17-Mar-2020 14:55:09.259 INFO [main] org.apache.catalina.startup.HostConfig.deployDirectory Le déploiement du répertoire [D:\Documents\Cours\J2EE\PROJECT2\apache-tomcat-9.0.14\webapps\examples] de l'application web s'est terminé en [301] ms
17-Mar-2020 14:55:09.259 INFO [main] org.apache.catalina.startup.HostConfig.deployDirectory Déploiement du répertoire d'application web [D:\Documents\Cours\J2EE\PROJECT2\apache-tomcat-9.0.14\webapps\host-manager]
17-Mar-2020 14:55:09.285 INFO [main] org.apache.catalina.startup.HostConfig.deployDirectory Le déploiement du répertoire [D:\Documents\Cours\J2EE\PROJECT2\apache-tomcat-9.0.14\webapps\host-manager] de l'application web s'est terminé en [26] ms
17-Mar-2020 14:55:09.285 INFO [main] org.apache.catalina.startup.HostConfig.deployDirectory Déploiement du répertoire d'application web [D:\Documents\Cours\J2EE\PROJECT2\apache-tomcat-9.0.14\webapps\manager]
17-Mar-2020 14:55:09.307 INFO [main] org.apache.catalina.startup.HostConfig.deployDirectory Le déploiement du répertoire [D:\Documents\Cours\J2EE\PROJECT2\apache-tomcat-9.0.14\webapps\manager] de l'application web s'est terminé en [22] ms
17-Mar-2020 14:55:09.308 INFO [main] org.apache.catalina.startup.HostConfig.deployDirectory Déploiement du répertoire d'application web [D:\Documents\Cours\J2EE\PROJECT2\apache-tomcat-9.0.14\webapps\ProjetJ2EE]
17-Mar-2020 14:55:09.596 INFO [main] org.apache.jasper.servlet.TldScanner.scanJars Au moins un fichier JAR a été analysé pour trouver des TLDs mais il n'en contenait pas, le mode "debug" du journal peut être activé pour obtenir une liste complète de JAR scannés sans succès; éviter d'analyser des JARs inutilement peut améliorer sensiblement le temps de démarrage et le temps de compilation des JSPs
17-Mar-2020 14:55:09.846 INFO [main] org.apache.catalina.startup.HostConfig.deployDirectory Le déploiement du répertoire [D:\Documents\Cours\J2EE\PROJECT2\apache-tomcat-9.0.14\webapps\ProjetJ2EE] de l'application web s'est terminé en [538] ms
17-Mar-2020 14:55:09.846 INFO [main] org.apache.catalina.startup.HostConfig.deployDirectory Déploiement du répertoire d'application web [D:\Documents\Cours\J2EE\PROJECT2\apache-tomcat-9.0.14\webapps\ROOT]
17-Mar-2020 14:55:09.862 INFO [main] org.apache.catalina.startup.HostConfig.deployDirectory Le déploiement du répertoire [D:\Documents\Cours\J2EE\PROJECT2\apache-tomcat-9.0.14\webapps\ROOT] de l'application web s'est terminé en [16] ms
17-Mar-2020 14:55:09.866 INFO [main] org.apache.coyote.AbstractProtocol.start Démarrage du gestionnaire de protocole ["http-nio-8080"]
17-Mar-2020 14:55:09.872 INFO [main] org.apache.coyote.AbstractProtocol.start Démarrage du gestionnaire de protocole ["ajp-nio-8009"]
17-Mar-2020 14:55:09.878 INFO [main] org.apache.catalina.startup.Catalina.start Le démarrage du serveur a pris [1 455] millisecondes
17-Mar-2020 14:55:21.693 INFO [http-nio-8080-exec-4] org.apache.catalina.core.StandardContext.reload Le rechargement du contexte [/ProjetJ2EE] a démarré
17-Mar-2020 14:55:21.701 WARNING [http-nio-8080-exec-4] org.apache.catalina.loader.WebappClassLoaderBase.clearReferencesJdbc L'application web [ProjetJ2EE] a enregistré un pilote JDBC [oracle.jdbc.OracleDriver], mais ne l'a pas désenregistré avant l'arrêt de l'application.  Pour éviter une fuite de mémoire, le pilote JDBC a été désenregistré de force.
17-Mar-2020 14:55:21.702 SEVERE [http-nio-8080-exec-4] org.apache.catalina.loader.WebappClassLoaderBase.checkThreadLocalMapForLeaks L'application web [ProjetJ2EE] a crée un ThreadLocal avec une clé de type [java.lang.ThreadLocal] (valeur [java.lang.ThreadLocal@6eef8e8a]) et une valeur de type [java.lang.Class] (valeur [class oracle.sql.AnyDataFactory]) mais ne l'a pas supprimé lorsqu'elle a été arrêtée, les threads seront graduellement renouvelés pour éviter une probable fuite de mémoire
17-Mar-2020 14:55:21.703 SEVERE [http-nio-8080-exec-4] org.apache.catalina.loader.WebappClassLoaderBase.checkThreadLocalMapForLeaks L'application web [ProjetJ2EE] a crée un ThreadLocal avec une clé de type [java.lang.ThreadLocal] (valeur [java.lang.ThreadLocal@73bda5df]) et une valeur de type [java.lang.Class] (valeur [class oracle.sql.TypeDescriptorFactory]) mais ne l'a pas supprimé lorsqu'elle a été arrêtée, les threads seront graduellement renouvelés pour éviter une probable fuite de mémoire
17-Mar-2020 14:55:21.919 INFO [http-nio-8080-exec-4] org.apache.jasper.servlet.TldScanner.scanJars Au moins un fichier JAR a été analysé pour trouver des TLDs mais il n'en contenait pas, le mode "debug" du journal peut être activé pour obtenir une liste complète de JAR scannés sans succès; éviter d'analyser des JARs inutilement peut améliorer sensiblement le temps de démarrage et le temps de compilation des JSPs
17-Mar-2020 14:55:22.125 INFO [http-nio-8080-exec-4] org.apache.catalina.core.StandardContext.reload Le rechargement de ce contexte est terminé
17-Mar-2020 14:56:56.778 INFO [http-nio-8080-exec-12] org.apache.catalina.core.StandardContext.reload Le rechargement du contexte [/ProjetJ2EE] a démarré
17-Mar-2020 14:56:56.788 WARNING [http-nio-8080-exec-12] org.apache.catalina.loader.WebappClassLoaderBase.clearReferencesJdbc L'application web [ProjetJ2EE] a enregistré un pilote JDBC [oracle.jdbc.OracleDriver], mais ne l'a pas désenregistré avant l'arrêt de l'application.  Pour éviter une fuite de mémoire, le pilote JDBC a été désenregistré de force.
17-Mar-2020 14:56:56.989 INFO [http-nio-8080-exec-12] org.apache.jasper.servlet.TldScanner.scanJars Au moins un fichier JAR a été analysé pour trouver des TLDs mais il n'en contenait pas, le mode "debug" du journal peut être activé pour obtenir une liste complète de JAR scannés sans succès; éviter d'analyser des JARs inutilement peut améliorer sensiblement le temps de démarrage et le temps de compilation des JSPs
17-Mar-2020 14:56:57.169 INFO [http-nio-8080-exec-12] org.apache.catalina.core.StandardContext.reload Le rechargement de ce contexte est terminé
17-Mar-2020 14:56:57.383 INFO [http-nio-8080-exec-8] org.apache.catalina.core.StandardContext.reload Le rechargement du contexte [/ProjetJ2EE] a démarré
17-Mar-2020 14:56:57.388 WARNING [http-nio-8080-exec-8] org.apache.catalina.loader.WebappClassLoaderBase.clearReferencesJdbc L'application web [ProjetJ2EE] a enregistré un pilote JDBC [oracle.jdbc.OracleDriver], mais ne l'a pas désenregistré avant l'arrêt de l'application.  Pour éviter une fuite de mémoire, le pilote JDBC a été désenregistré de force.
17-Mar-2020 14:56:57.579 INFO [http-nio-8080-exec-8] org.apache.jasper.servlet.TldScanner.scanJars Au moins un fichier JAR a été analysé pour trouver des TLDs mais il n'en contenait pas, le mode "debug" du journal peut être activé pour obtenir une liste complète de JAR scannés sans succès; éviter d'analyser des JARs inutilement peut améliorer sensiblement le temps de démarrage et le temps de compilation des JSPs
17-Mar-2020 14:56:57.776 INFO [http-nio-8080-exec-8] org.apache.catalina.core.StandardContext.reload Le rechargement de ce contexte est terminé
17-Mar-2020 15:02:07.479 INFO [http-nio-8080-exec-20] org.apache.catalina.core.StandardContext.reload Le rechargement du contexte [/ProjetJ2EE] a démarré
17-Mar-2020 15:02:07.483 WARNING [http-nio-8080-exec-20] org.apache.catalina.loader.WebappClassLoaderBase.clearReferencesJdbc L'application web [ProjetJ2EE] a enregistré un pilote JDBC [oracle.jdbc.OracleDriver], mais ne l'a pas désenregistré avant l'arrêt de l'application.  Pour éviter une fuite de mémoire, le pilote JDBC a été désenregistré de force.
17-Mar-2020 15:02:07.484 SEVERE [http-nio-8080-exec-20] org.apache.catalina.loader.WebappClassLoaderBase.checkThreadLocalMapForLeaks L'application web [ProjetJ2EE] a crée un ThreadLocal avec une clé de type [java.lang.ThreadLocal] (valeur [java.lang.ThreadLocal@7ff3ca87]) et une valeur de type [java.lang.Class] (valeur [class oracle.sql.TypeDescriptorFactory]) mais ne l'a pas supprimé lorsqu'elle a été arrêtée, les threads seront graduellement renouvelés pour éviter une probable fuite de mémoire
17-Mar-2020 15:02:07.484 SEVERE [http-nio-8080-exec-20] org.apache.catalina.loader.WebappClassLoaderBase.checkThreadLocalMapForLeaks L'application web [ProjetJ2EE] a crée un ThreadLocal avec une clé de type [java.lang.ThreadLocal] (valeur [java.lang.ThreadLocal@2eacc313]) et une valeur de type [java.lang.Class] (valeur [class oracle.sql.AnyDataFactory]) mais ne l'a pas supprimé lorsqu'elle a été arrêtée, les threads seront graduellement renouvelés pour éviter une probable fuite de mémoire
17-Mar-2020 15:02:07.683 INFO [http-nio-8080-exec-20] org.apache.jasper.servlet.TldScanner.scanJars Au moins un fichier JAR a été analysé pour trouver des TLDs mais il n'en contenait pas, le mode "debug" du journal peut être activé pour obtenir une liste complète de JAR scannés sans succès; éviter d'analyser des JARs inutilement peut améliorer sensiblement le temps de démarrage et le temps de compilation des JSPs
17-Mar-2020 15:02:07.886 INFO [http-nio-8080-exec-20] org.apache.catalina.core.StandardContext.reload Le rechargement de ce contexte est terminé
17-Mar-2020 15:02:08.079 INFO [http-nio-8080-exec-8] org.apache.catalina.core.StandardContext.reload Le rechargement du contexte [/ProjetJ2EE] a démarré
17-Mar-2020 15:02:08.084 WARNING [http-nio-8080-exec-8] org.apache.catalina.loader.WebappClassLoaderBase.clearReferencesJdbc L'application web [ProjetJ2EE] a enregistré un pilote JDBC [oracle.jdbc.OracleDriver], mais ne l'a pas désenregistré avant l'arrêt de l'application.  Pour éviter une fuite de mémoire, le pilote JDBC a été désenregistré de force.
17-Mar-2020 15:02:08.290 INFO [http-nio-8080-exec-8] org.apache.jasper.servlet.TldScanner.scanJars Au moins un fichier JAR a été analysé pour trouver des TLDs mais il n'en contenait pas, le mode "debug" du journal peut être activé pour obtenir une liste complète de JAR scannés sans succès; éviter d'analyser des JARs inutilement peut améliorer sensiblement le temps de démarrage et le temps de compilation des JSPs
17-Mar-2020 15:02:08.491 INFO [http-nio-8080-exec-8] org.apache.catalina.core.StandardContext.reload Le rechargement de ce contexte est terminé
17-Mar-2020 15:04:33.926 INFO [http-nio-8080-exec-32] org.apache.catalina.core.StandardContext.reload Le rechargement du contexte [/ProjetJ2EE] a démarré
17-Mar-2020 15:04:33.937 WARNING [http-nio-8080-exec-32] org.apache.catalina.loader.WebappClassLoaderBase.clearReferencesJdbc L'application web [ProjetJ2EE] a enregistré un pilote JDBC [oracle.jdbc.OracleDriver], mais ne l'a pas désenregistré avant l'arrêt de l'application.  Pour éviter une fuite de mémoire, le pilote JDBC a été désenregistré de force.
17-Mar-2020 15:04:33.937 SEVERE [http-nio-8080-exec-32] org.apache.catalina.loader.WebappClassLoaderBase.checkThreadLocalMapForLeaks L'application web [ProjetJ2EE] a crée un ThreadLocal avec une clé de type [java.lang.ThreadLocal] (valeur [java.lang.ThreadLocal@39b0196f]) et une valeur de type [java.lang.Class] (valeur [class oracle.sql.AnyDataFactory]) mais ne l'a pas supprimé lorsqu'elle a été arrêtée, les threads seront graduellement renouvelés pour éviter une probable fuite de mémoire
17-Mar-2020 15:04:33.938 SEVERE [http-nio-8080-exec-32] org.apache.catalina.loader.WebappClassLoaderBase.checkThreadLocalMapForLeaks L'application web [ProjetJ2EE] a crée un ThreadLocal avec une clé de type [java.lang.ThreadLocal] (valeur [java.lang.ThreadLocal@72d08afe]) et une valeur de type [java.lang.Class] (valeur [class oracle.sql.TypeDescriptorFactory]) mais ne l'a pas supprimé lorsqu'elle a été arrêtée, les threads seront graduellement renouvelés pour éviter une probable fuite de mémoire
17-Mar-2020 15:04:34.121 INFO [http-nio-8080-exec-32] org.apache.jasper.servlet.TldScanner.scanJars Au moins un fichier JAR a été analysé pour trouver des TLDs mais il n'en contenait pas, le mode "debug" du journal peut être activé pour obtenir une liste complète de JAR scannés sans succès; éviter d'analyser des JARs inutilement peut améliorer sensiblement le temps de démarrage et le temps de compilation des JSPs
17-Mar-2020 15:04:34.301 INFO [http-nio-8080-exec-32] org.apache.catalina.core.StandardContext.reload Le rechargement de ce contexte est terminé
17-Mar-2020 15:04:34.499 INFO [http-nio-8080-exec-25] org.apache.catalina.core.StandardContext.reload Le rechargement du contexte [/ProjetJ2EE] a démarré
17-Mar-2020 15:04:34.503 WARNING [http-nio-8080-exec-25] org.apache.catalina.loader.WebappClassLoaderBase.clearReferencesJdbc L'application web [ProjetJ2EE] a enregistré un pilote JDBC [oracle.jdbc.OracleDriver], mais ne l'a pas désenregistré avant l'arrêt de l'application.  Pour éviter une fuite de mémoire, le pilote JDBC a été désenregistré de force.
17-Mar-2020 15:04:34.695 INFO [http-nio-8080-exec-25] org.apache.jasper.servlet.TldScanner.scanJars Au moins un fichier JAR a été analysé pour trouver des TLDs mais il n'en contenait pas, le mode "debug" du journal peut être activé pour obtenir une liste complète de JAR scannés sans succès; éviter d'analyser des JARs inutilement peut améliorer sensiblement le temps de démarrage et le temps de compilation des JSPs
17-Mar-2020 15:04:34.876 INFO [http-nio-8080-exec-25] org.apache.catalina.core.StandardContext.reload Le rechargement de ce contexte est terminé
17-Mar-2020 15:06:42.254 INFO [http-nio-8080-exec-37] org.apache.catalina.core.StandardContext.reload Le rechargement du contexte [/ProjetJ2EE] a démarré
17-Mar-2020 15:06:42.260 WARNING [http-nio-8080-exec-37] org.apache.catalina.loader.WebappClassLoaderBase.clearReferencesJdbc L'application web [ProjetJ2EE] a enregistré un pilote JDBC [oracle.jdbc.OracleDriver], mais ne l'a pas désenregistré avant l'arrêt de l'application.  Pour éviter une fuite de mémoire, le pilote JDBC a été désenregistré de force.
17-Mar-2020 15:06:42.260 SEVERE [http-nio-8080-exec-37] org.apache.catalina.loader.WebappClassLoaderBase.checkThreadLocalMapForLeaks L'application web [ProjetJ2EE] a crée un ThreadLocal avec une clé de type [java.lang.ThreadLocal] (valeur [java.lang.ThreadLocal@42e94be2]) et une valeur de type [java.lang.Class] (valeur [class oracle.sql.TypeDescriptorFactory]) mais ne l'a pas supprimé lorsqu'elle a été arrêtée, les threads seront graduellement renouvelés pour éviter une probable fuite de mémoire
17-Mar-2020 15:06:42.261 SEVERE [http-nio-8080-exec-37] org.apache.catalina.loader.WebappClassLoaderBase.checkThreadLocalMapForLeaks L'application web [ProjetJ2EE] a crée un ThreadLocal avec une clé de type [java.lang.ThreadLocal] (valeur [java.lang.ThreadLocal@4c373f5e]) et une valeur de type [java.lang.Class] (valeur [class oracle.sql.AnyDataFactory]) mais ne l'a pas supprimé lorsqu'elle a été arrêtée, les threads seront graduellement renouvelés pour éviter une probable fuite de mémoire
17-Mar-2020 15:06:42.444 INFO [http-nio-8080-exec-37] org.apache.jasper.servlet.TldScanner.scanJars Au moins un fichier JAR a été analysé pour trouver des TLDs mais il n'en contenait pas, le mode "debug" du journal peut être activé pour obtenir une liste complète de JAR scannés sans succès; éviter d'analyser des JARs inutilement peut améliorer sensiblement le temps de démarrage et le temps de compilation des JSPs
17-Mar-2020 15:06:42.621 INFO [http-nio-8080-exec-37] org.apache.catalina.core.StandardContext.reload Le rechargement de ce contexte est terminé
17-Mar-2020 15:06:42.771 INFO [http-nio-8080-exec-38] org.apache.catalina.core.StandardContext.reload Le rechargement du contexte [/ProjetJ2EE] a démarré
17-Mar-2020 15:06:42.777 WARNING [http-nio-8080-exec-38] org.apache.catalina.loader.WebappClassLoaderBase.clearReferencesJdbc L'application web [ProjetJ2EE] a enregistré un pilote JDBC [oracle.jdbc.OracleDriver], mais ne l'a pas désenregistré avant l'arrêt de l'application.  Pour éviter une fuite de mémoire, le pilote JDBC a été désenregistré de force.
17-Mar-2020 15:06:42.960 INFO [http-nio-8080-exec-38] org.apache.jasper.servlet.TldScanner.scanJars Au moins un fichier JAR a été analysé pour trouver des TLDs mais il n'en contenait pas, le mode "debug" du journal peut être activé pour obtenir une liste complète de JAR scannés sans succès; éviter d'analyser des JARs inutilement peut améliorer sensiblement le temps de démarrage et le temps de compilation des JSPs
17-Mar-2020 15:06:43.133 INFO [http-nio-8080-exec-38] org.apache.catalina.core.StandardContext.reload Le rechargement de ce contexte est terminé
17-Mar-2020 15:31:03.304 INFO [http-nio-8080-exec-47] org.apache.catalina.core.StandardContext.reload Le rechargement du contexte [/ProjetJ2EE] a démarré
17-Mar-2020 15:31:03.310 WARNING [http-nio-8080-exec-47] org.apache.catalina.loader.WebappClassLoaderBase.clearReferencesJdbc L'application web [ProjetJ2EE] a enregistré un pilote JDBC [oracle.jdbc.OracleDriver], mais ne l'a pas désenregistré avant l'arrêt de l'application.  Pour éviter une fuite de mémoire, le pilote JDBC a été désenregistré de force.
17-Mar-2020 15:31:03.498 INFO [http-nio-8080-exec-47] org.apache.jasper.servlet.TldScanner.scanJars Au moins un fichier JAR a été analysé pour trouver des TLDs mais il n'en contenait pas, le mode "debug" du journal peut être activé pour obtenir une liste complète de JAR scannés sans succès; éviter d'analyser des JARs inutilement peut améliorer sensiblement le temps de démarrage et le temps de compilation des JSPs
17-Mar-2020 15:31:03.700 INFO [http-nio-8080-exec-47] org.apache.catalina.core.StandardContext.reload Le rechargement de ce contexte est terminé
17-Mar-2020 15:38:40.010 INFO [http-nio-8080-exec-55] org.apache.catalina.core.StandardContext.reload Le rechargement du contexte [/ProjetJ2EE] a démarré
17-Mar-2020 15:38:40.016 WARNING [http-nio-8080-exec-55] org.apache.catalina.loader.WebappClassLoaderBase.clearReferencesJdbc L'application web [ProjetJ2EE] a enregistré un pilote JDBC [oracle.jdbc.OracleDriver], mais ne l'a pas désenregistré avant l'arrêt de l'application.  Pour éviter une fuite de mémoire, le pilote JDBC a été désenregistré de force.
17-Mar-2020 15:38:40.197 INFO [http-nio-8080-exec-55] org.apache.jasper.servlet.TldScanner.scanJars Au moins un fichier JAR a été analysé pour trouver des TLDs mais il n'en contenait pas, le mode "debug" du journal peut être activé pour obtenir une liste complète de JAR scannés sans succès; éviter d'analyser des JARs inutilement peut améliorer sensiblement le temps de démarrage et le temps de compilation des JSPs
17-Mar-2020 15:38:40.377 INFO [http-nio-8080-exec-55] org.apache.catalina.core.StandardContext.reload Le rechargement de ce contexte est terminé
17-Mar-2020 15:39:42.358 INFO [http-nio-8080-exec-65] org.apache.catalina.core.StandardContext.reload Le rechargement du contexte [/ProjetJ2EE] a démarré
17-Mar-2020 15:39:42.364 WARNING [http-nio-8080-exec-65] org.apache.catalina.loader.WebappClassLoaderBase.clearReferencesJdbc L'application web [ProjetJ2EE] a enregistré un pilote JDBC [oracle.jdbc.OracleDriver], mais ne l'a pas désenregistré avant l'arrêt de l'application.  Pour éviter une fuite de mémoire, le pilote JDBC a été désenregistré de force.
17-Mar-2020 15:39:42.546 INFO [http-nio-8080-exec-65] org.apache.jasper.servlet.TldScanner.scanJars Au moins un fichier JAR a été analysé pour trouver des TLDs mais il n'en contenait pas, le mode "debug" du journal peut être activé pour obtenir une liste complète de JAR scannés sans succès; éviter d'analyser des JARs inutilement peut améliorer sensiblement le temps de démarrage et le temps de compilation des JSPs
17-Mar-2020 15:39:42.728 INFO [http-nio-8080-exec-65] org.apache.catalina.core.StandardContext.reload Le rechargement de ce contexte est terminé
17-Mar-2020 15:41:54.497 INFO [http-nio-8080-exec-71] org.apache.catalina.core.StandardContext.reload Le rechargement du contexte [/ProjetJ2EE] a démarré
17-Mar-2020 15:41:54.502 WARNING [http-nio-8080-exec-71] org.apache.catalina.loader.WebappClassLoaderBase.clearReferencesJdbc L'application web [ProjetJ2EE] a enregistré un pilote JDBC [oracle.jdbc.OracleDriver], mais ne l'a pas désenregistré avant l'arrêt de l'application.  Pour éviter une fuite de mémoire, le pilote JDBC a été désenregistré de force.
17-Mar-2020 15:41:54.690 INFO [http-nio-8080-exec-71] org.apache.jasper.servlet.TldScanner.scanJars Au moins un fichier JAR a été analysé pour trouver des TLDs mais il n'en contenait pas, le mode "debug" du journal peut être activé pour obtenir une liste complète de JAR scannés sans succès; éviter d'analyser des JARs inutilement peut améliorer sensiblement le temps de démarrage et le temps de compilation des JSPs
17-Mar-2020 15:41:54.871 INFO [http-nio-8080-exec-71] org.apache.catalina.core.StandardContext.reload Le rechargement de ce contexte est terminé
17-Mar-2020 15:41:54.955 INFO [http-nio-8080-exec-75] org.apache.catalina.core.StandardContext.reload Le rechargement du contexte [/ProjetJ2EE] a démarré
17-Mar-2020 15:41:54.960 WARNING [http-nio-8080-exec-75] org.apache.catalina.loader.WebappClassLoaderBase.clearReferencesJdbc L'application web [ProjetJ2EE] a enregistré un pilote JDBC [oracle.jdbc.OracleDriver], mais ne l'a pas désenregistré avant l'arrêt de l'application.  Pour éviter une fuite de mémoire, le pilote JDBC a été désenregistré de force.
17-Mar-2020 15:41:55.148 INFO [http-nio-8080-exec-75] org.apache.jasper.servlet.TldScanner.scanJars Au moins un fichier JAR a été analysé pour trouver des TLDs mais il n'en contenait pas, le mode "debug" du journal peut être activé pour obtenir une liste complète de JAR scannés sans succès; éviter d'analyser des JARs inutilement peut améliorer sensiblement le temps de démarrage et le temps de compilation des JSPs
17-Mar-2020 15:41:55.470 INFO [http-nio-8080-exec-75] org.apache.catalina.core.StandardContext.reload Le rechargement de ce contexte est terminé
17-Mar-2020 15:43:56.171 INFO [http-nio-8080-exec-78] org.apache.catalina.core.StandardContext.reload Le rechargement du contexte [/ProjetJ2EE] a démarré
17-Mar-2020 15:43:56.178 WARNING [http-nio-8080-exec-78] org.apache.catalina.loader.WebappClassLoaderBase.clearReferencesJdbc L'application web [ProjetJ2EE] a enregistré un pilote JDBC [oracle.jdbc.OracleDriver], mais ne l'a pas désenregistré avant l'arrêt de l'application.  Pour éviter une fuite de mémoire, le pilote JDBC a été désenregistré de force.
17-Mar-2020 15:43:56.178 SEVERE [http-nio-8080-exec-78] org.apache.catalina.loader.WebappClassLoaderBase.checkThreadLocalMapForLeaks L'application web [ProjetJ2EE] a crée un ThreadLocal avec une clé de type [java.lang.ThreadLocal] (valeur [java.lang.ThreadLocal@4e1795d6]) et une valeur de type [java.lang.Class] (valeur [class oracle.sql.TypeDescriptorFactory]) mais ne l'a pas supprimé lorsqu'elle a été arrêtée, les threads seront graduellement renouvelés pour éviter une probable fuite de mémoire
17-Mar-2020 15:43:56.178 SEVERE [http-nio-8080-exec-78] org.apache.catalina.loader.WebappClassLoaderBase.checkThreadLocalMapForLeaks L'application web [ProjetJ2EE] a crée un ThreadLocal avec une clé de type [java.lang.ThreadLocal] (valeur [java.lang.ThreadLocal@501ebd7c]) et une valeur de type [java.lang.Class] (valeur [class oracle.sql.AnyDataFactory]) mais ne l'a pas supprimé lorsqu'elle a été arrêtée, les threads seront graduellement renouvelés pour éviter une probable fuite de mémoire
17-Mar-2020 15:43:56.361 INFO [http-nio-8080-exec-78] org.apache.jasper.servlet.TldScanner.scanJars Au moins un fichier JAR a été analysé pour trouver des TLDs mais il n'en contenait pas, le mode "debug" du journal peut être activé pour obtenir une liste complète de JAR scannés sans succès; éviter d'analyser des JARs inutilement peut améliorer sensiblement le temps de démarrage et le temps de compilation des JSPs
17-Mar-2020 15:43:56.569 INFO [http-nio-8080-exec-78] org.apache.catalina.core.StandardContext.reload Le rechargement de ce contexte est terminé
17-Mar-2020 15:48:36.483 INFO [http-nio-8080-exec-83] org.apache.catalina.core.StandardContext.reload Le rechargement du contexte [/ProjetJ2EE] a démarré
17-Mar-2020 15:48:36.490 WARNING [http-nio-8080-exec-83] org.apache.catalina.loader.WebappClassLoaderBase.clearReferencesJdbc L'application web [ProjetJ2EE] a enregistré un pilote JDBC [oracle.jdbc.OracleDriver], mais ne l'a pas désenregistré avant l'arrêt de l'application.  Pour éviter une fuite de mémoire, le pilote JDBC a été désenregistré de force.
17-Mar-2020 15:48:36.679 INFO [http-nio-8080-exec-83] org.apache.jasper.servlet.TldScanner.scanJars Au moins un fichier JAR a été analysé pour trouver des TLDs mais il n'en contenait pas, le mode "debug" du journal peut être activé pour obtenir une liste complète de JAR scannés sans succès; éviter d'analyser des JARs inutilement peut améliorer sensiblement le temps de démarrage et le temps de compilation des JSPs
17-Mar-2020 15:48:36.871 INFO [http-nio-8080-exec-83] org.apache.catalina.core.StandardContext.reload Le rechargement de ce contexte est terminé
17-Mar-2020 15:50:29.845 INFO [http-nio-8080-exec-92] org.apache.catalina.core.StandardContext.reload Le rechargement du contexte [/ProjetJ2EE] a démarré
17-Mar-2020 15:50:29.850 WARNING [http-nio-8080-exec-92] org.apache.catalina.loader.WebappClassLoaderBase.clearReferencesJdbc L'application web [ProjetJ2EE] a enregistré un pilote JDBC [oracle.jdbc.OracleDriver], mais ne l'a pas désenregistré avant l'arrêt de l'application.  Pour éviter une fuite de mémoire, le pilote JDBC a été désenregistré de force.
17-Mar-2020 15:50:30.037 INFO [http-nio-8080-exec-92] org.apache.jasper.servlet.TldScanner.scanJars Au moins un fichier JAR a été analysé pour trouver des TLDs mais il n'en contenait pas, le mode "debug" du journal peut être activé pour obtenir une liste complète de JAR scannés sans succès; éviter d'analyser des JARs inutilement peut améliorer sensiblement le temps de démarrage et le temps de compilation des JSPs
17-Mar-2020 15:50:30.238 INFO [http-nio-8080-exec-92] org.apache.catalina.core.StandardContext.reload Le rechargement de ce contexte est terminé
17-Mar-2020 15:56:16.656 INFO [http-nio-8080-exec-97] org.apache.catalina.core.StandardContext.reload Le rechargement du contexte [/ProjetJ2EE] a démarré
17-Mar-2020 15:56:16.661 WARNING [http-nio-8080-exec-97] org.apache.catalina.loader.WebappClassLoaderBase.clearReferencesJdbc L'application web [ProjetJ2EE] a enregistré un pilote JDBC [oracle.jdbc.OracleDriver], mais ne l'a pas désenregistré avant l'arrêt de l'application.  Pour éviter une fuite de mémoire, le pilote JDBC a été désenregistré de force.
17-Mar-2020 15:56:16.854 INFO [http-nio-8080-exec-97] org.apache.jasper.servlet.TldScanner.scanJars Au moins un fichier JAR a été analysé pour trouver des TLDs mais il n'en contenait pas, le mode "debug" du journal peut être activé pour obtenir une liste complète de JAR scannés sans succès; éviter d'analyser des JARs inutilement peut améliorer sensiblement le temps de démarrage et le temps de compilation des JSPs
17-Mar-2020 15:56:17.066 INFO [http-nio-8080-exec-97] org.apache.catalina.core.StandardContext.reload Le rechargement de ce contexte est terminé
17-Mar-2020 15:59:00.872 INFO [http-nio-8080-exec-105] org.apache.catalina.core.StandardContext.reload Le rechargement du contexte [/ProjetJ2EE] a démarré
17-Mar-2020 15:59:00.878 WARNING [http-nio-8080-exec-105] org.apache.catalina.loader.WebappClassLoaderBase.clearReferencesJdbc L'application web [ProjetJ2EE] a enregistré un pilote JDBC [oracle.jdbc.OracleDriver], mais ne l'a pas désenregistré avant l'arrêt de l'application.  Pour éviter une fuite de mémoire, le pilote JDBC a été désenregistré de force.
17-Mar-2020 15:59:01.066 INFO [http-nio-8080-exec-105] org.apache.jasper.servlet.TldScanner.scanJars Au moins un fichier JAR a été analysé pour trouver des TLDs mais il n'en contenait pas, le mode "debug" du journal peut être activé pour obtenir une liste complète de JAR scannés sans succès; éviter d'analyser des JARs inutilement peut améliorer sensiblement le temps de démarrage et le temps de compilation des JSPs
17-Mar-2020 15:59:01.247 INFO [http-nio-8080-exec-105] org.apache.catalina.core.StandardContext.reload Le rechargement de ce contexte est terminé
17-Mar-2020 16:01:28.959 INFO [http-nio-8080-exec-112] org.apache.catalina.core.StandardContext.reload Le rechargement du contexte [/ProjetJ2EE] a démarré
17-Mar-2020 16:01:28.965 WARNING [http-nio-8080-exec-112] org.apache.catalina.loader.WebappClassLoaderBase.clearReferencesJdbc L'application web [ProjetJ2EE] a enregistré un pilote JDBC [oracle.jdbc.OracleDriver], mais ne l'a pas désenregistré avant l'arrêt de l'application.  Pour éviter une fuite de mémoire, le pilote JDBC a été désenregistré de force.
17-Mar-2020 16:01:29.164 INFO [http-nio-8080-exec-112] org.apache.jasper.servlet.TldScanner.scanJars Au moins un fichier JAR a été analysé pour trouver des TLDs mais il n'en contenait pas, le mode "debug" du journal peut être activé pour obtenir une liste complète de JAR scannés sans succès; éviter d'analyser des JARs inutilement peut améliorer sensiblement le temps de démarrage et le temps de compilation des JSPs
17-Mar-2020 16:01:29.377 INFO [http-nio-8080-exec-112] org.apache.catalina.core.StandardContext.reload Le rechargement de ce contexte est terminé
17-Mar-2020 16:04:50.122 INFO [http-nio-8080-exec-118] org.apache.catalina.core.StandardContext.reload Le rechargement du contexte [/ProjetJ2EE] a démarré
17-Mar-2020 16:04:50.127 WARNING [http-nio-8080-exec-118] org.apache.catalina.loader.WebappClassLoaderBase.clearReferencesJdbc L'application web [ProjetJ2EE] a enregistré un pilote JDBC [oracle.jdbc.OracleDriver], mais ne l'a pas désenregistré avant l'arrêt de l'application.  Pour éviter une fuite de mémoire, le pilote JDBC a été désenregistré de force.
17-Mar-2020 16:04:50.316 INFO [http-nio-8080-exec-118] org.apache.jasper.servlet.TldScanner.scanJars Au moins un fichier JAR a été analysé pour trouver des TLDs mais il n'en contenait pas, le mode "debug" du journal peut être activé pour obtenir une liste complète de JAR scannés sans succès; éviter d'analyser des JARs inutilement peut améliorer sensiblement le temps de démarrage et le temps de compilation des JSPs
17-Mar-2020 16:04:50.505 INFO [http-nio-8080-exec-118] org.apache.catalina.core.StandardContext.reload Le rechargement de ce contexte est terminé
17-Mar-2020 16:56:20.057 INFO [http-nio-8080-exec-125] org.apache.catalina.core.StandardContext.reload Le rechargement du contexte [/ProjetJ2EE] a démarré
17-Mar-2020 16:56:20.060 WARNING [http-nio-8080-exec-125] org.apache.catalina.loader.WebappClassLoaderBase.clearReferencesJdbc L'application web [ProjetJ2EE] a enregistré un pilote JDBC [oracle.jdbc.OracleDriver], mais ne l'a pas désenregistré avant l'arrêt de l'application.  Pour éviter une fuite de mémoire, le pilote JDBC a été désenregistré de force.
17-Mar-2020 16:56:20.246 INFO [http-nio-8080-exec-125] org.apache.jasper.servlet.TldScanner.scanJars Au moins un fichier JAR a été analysé pour trouver des TLDs mais il n'en contenait pas, le mode "debug" du journal peut être activé pour obtenir une liste complète de JAR scannés sans succès; éviter d'analyser des JARs inutilement peut améliorer sensiblement le temps de démarrage et le temps de compilation des JSPs
17-Mar-2020 16:56:20.446 INFO [http-nio-8080-exec-125] org.apache.catalina.core.StandardContext.reload Le rechargement de ce contexte est terminé
17-Mar-2020 17:01:25.427 INFO [http-nio-8080-exec-135] org.apache.catalina.core.StandardContext.reload Le rechargement du contexte [/ProjetJ2EE] a démarré
17-Mar-2020 17:01:25.434 WARNING [http-nio-8080-exec-135] org.apache.catalina.loader.WebappClassLoaderBase.clearReferencesJdbc L'application web [ProjetJ2EE] a enregistré un pilote JDBC [oracle.jdbc.OracleDriver], mais ne l'a pas désenregistré avant l'arrêt de l'application.  Pour éviter une fuite de mémoire, le pilote JDBC a été désenregistré de force.
17-Mar-2020 17:01:25.634 INFO [http-nio-8080-exec-135] org.apache.jasper.servlet.TldScanner.scanJars Au moins un fichier JAR a été analysé pour trouver des TLDs mais il n'en contenait pas, le mode "debug" du journal peut être activé pour obtenir une liste complète de JAR scannés sans succès; éviter d'analyser des JARs inutilement peut améliorer sensiblement le temps de démarrage et le temps de compilation des JSPs
17-Mar-2020 17:01:25.859 INFO [http-nio-8080-exec-135] org.apache.catalina.core.StandardContext.reload Le rechargement de ce contexte est terminé
17-Mar-2020 17:02:13.751 INFO [http-nio-8080-exec-140] org.apache.catalina.core.StandardContext.reload Le rechargement du contexte [/ProjetJ2EE] a démarré
17-Mar-2020 17:02:13.756 WARNING [http-nio-8080-exec-140] org.apache.catalina.loader.WebappClassLoaderBase.clearReferencesJdbc L'application web [ProjetJ2EE] a enregistré un pilote JDBC [oracle.jdbc.OracleDriver], mais ne l'a pas désenregistré avant l'arrêt de l'application.  Pour éviter une fuite de mémoire, le pilote JDBC a été désenregistré de force.
17-Mar-2020 17:02:13.941 INFO [http-nio-8080-exec-140] org.apache.jasper.servlet.TldScanner.scanJars Au moins un fichier JAR a été analysé pour trouver des TLDs mais il n'en contenait pas, le mode "debug" du journal peut être activé pour obtenir une liste complète de JAR scannés sans succès; éviter d'analyser des JARs inutilement peut améliorer sensiblement le temps de démarrage et le temps de compilation des JSPs
17-Mar-2020 17:02:14.129 INFO [http-nio-8080-exec-140] org.apache.catalina.core.StandardContext.reload Le rechargement de ce contexte est terminé
17-Mar-2020 17:02:58.624 INFO [http-nio-8080-exec-141] org.apache.catalina.core.StandardContext.reload Le rechargement du contexte [/ProjetJ2EE] a démarré
17-Mar-2020 17:02:58.631 WARNING [http-nio-8080-exec-141] org.apache.catalina.loader.WebappClassLoaderBase.clearReferencesJdbc L'application web [ProjetJ2EE] a enregistré un pilote JDBC [oracle.jdbc.OracleDriver], mais ne l'a pas désenregistré avant l'arrêt de l'application.  Pour éviter une fuite de mémoire, le pilote JDBC a été désenregistré de force.
17-Mar-2020 17:02:58.816 INFO [http-nio-8080-exec-141] org.apache.jasper.servlet.TldScanner.scanJars Au moins un fichier JAR a été analysé pour trouver des TLDs mais il n'en contenait pas, le mode "debug" du journal peut être activé pour obtenir une liste complète de JAR scannés sans succès; éviter d'analyser des JARs inutilement peut améliorer sensiblement le temps de démarrage et le temps de compilation des JSPs
17-Mar-2020 17:02:58.997 INFO [http-nio-8080-exec-141] org.apache.catalina.core.StandardContext.reload Le rechargement de ce contexte est terminé
17-Mar-2020 17:03:41.936 INFO [http-nio-8080-exec-149] org.apache.catalina.core.StandardContext.reload Le rechargement du contexte [/ProjetJ2EE] a démarré
17-Mar-2020 17:03:41.942 WARNING [http-nio-8080-exec-149] org.apache.catalina.loader.WebappClassLoaderBase.clearReferencesJdbc L'application web [ProjetJ2EE] a enregistré un pilote JDBC [oracle.jdbc.OracleDriver], mais ne l'a pas désenregistré avant l'arrêt de l'application.  Pour éviter une fuite de mémoire, le pilote JDBC a été désenregistré de force.
17-Mar-2020 17:03:42.126 INFO [http-nio-8080-exec-149] org.apache.jasper.servlet.TldScanner.scanJars Au moins un fichier JAR a été analysé pour trouver des TLDs mais il n'en contenait pas, le mode "debug" du journal peut être activé pour obtenir une liste complète de JAR scannés sans succès; éviter d'analyser des JARs inutilement peut améliorer sensiblement le temps de démarrage et le temps de compilation des JSPs
17-Mar-2020 17:03:42.304 INFO [http-nio-8080-exec-149] org.apache.catalina.core.StandardContext.reload Le rechargement de ce contexte est terminé
17-Mar-2020 17:04:14.548 INFO [http-nio-8080-exec-152] org.apache.catalina.core.StandardContext.reload Le rechargement du contexte [/ProjetJ2EE] a démarré
17-Mar-2020 17:04:14.554 WARNING [http-nio-8080-exec-152] org.apache.catalina.loader.WebappClassLoaderBase.clearReferencesJdbc L'application web [ProjetJ2EE] a enregistré un pilote JDBC [oracle.jdbc.OracleDriver], mais ne l'a pas désenregistré avant l'arrêt de l'application.  Pour éviter une fuite de mémoire, le pilote JDBC a été désenregistré de force.
17-Mar-2020 17:04:14.745 INFO [http-nio-8080-exec-152] org.apache.jasper.servlet.TldScanner.scanJars Au moins un fichier JAR a été analysé pour trouver des TLDs mais il n'en contenait pas, le mode "debug" du journal peut être activé pour obtenir une liste complète de JAR scannés sans succès; éviter d'analyser des JARs inutilement peut améliorer sensiblement le temps de démarrage et le temps de compilation des JSPs
17-Mar-2020 17:04:14.948 INFO [http-nio-8080-exec-152] org.apache.catalina.core.StandardContext.reload Le rechargement de ce contexte est terminé
17-Mar-2020 17:06:01.631 INFO [http-nio-8080-exec-160] org.apache.catalina.core.StandardContext.reload Le rechargement du contexte [/ProjetJ2EE] a démarré
17-Mar-2020 17:06:01.636 WARNING [http-nio-8080-exec-160] org.apache.catalina.loader.WebappClassLoaderBase.clearReferencesJdbc L'application web [ProjetJ2EE] a enregistré un pilote JDBC [oracle.jdbc.OracleDriver], mais ne l'a pas désenregistré avant l'arrêt de l'application.  Pour éviter une fuite de mémoire, le pilote JDBC a été désenregistré de force.
17-Mar-2020 17:06:01.825 INFO [http-nio-8080-exec-160] org.apache.jasper.servlet.TldScanner.scanJars Au moins un fichier JAR a été analysé pour trouver des TLDs mais il n'en contenait pas, le mode "debug" du journal peut être activé pour obtenir une liste complète de JAR scannés sans succès; éviter d'analyser des JARs inutilement peut améliorer sensiblement le temps de démarrage et le temps de compilation des JSPs
17-Mar-2020 17:06:02.022 INFO [http-nio-8080-exec-160] org.apache.catalina.core.StandardContext.reload Le rechargement de ce contexte est terminé
