05-Mar-2020 13:00:34.476 INFOS [main] org.apache.catalina.startup.VersionLoggerListener.log Version du serveur:        Apache Tomcat/9.0.14
05-Mar-2020 13:00:34.476 INFOS [main] org.apache.catalina.startup.VersionLoggerListener.log Serveur compilé:        Dec 6 2018 21:13:53 UTC
05-Mar-2020 13:00:34.476 INFOS [main] org.apache.catalina.startup.VersionLoggerListener.log Version du serveur:      9.0.14.0
05-Mar-2020 13:00:34.476 INFOS [main] org.apache.catalina.startup.VersionLoggerListener.log Nom de l'OS:           Windows 10
05-Mar-2020 13:00:34.476 INFOS [main] org.apache.catalina.startup.VersionLoggerListener.log Version de lOS:        {0}
05-Mar-2020 13:00:34.476 INFOS [main] org.apache.catalina.startup.VersionLoggerListener.log Architecture:          amd64
05-Mar-2020 13:00:34.476 INFOS [main] org.apache.catalina.startup.VersionLoggerListener.log Répertoire de Java:     C:\Program Files\Java\jre1.8.0_241
05-Mar-2020 13:00:34.476 INFOS [main] org.apache.catalina.startup.VersionLoggerListener.log Version de la JVM:           1.8.0_241-b07
05-Mar-2020 13:00:34.476 INFOS [main] org.apache.catalina.startup.VersionLoggerListener.log Fournisseur de la JVM:            Oracle Corporation
05-Mar-2020 13:00:34.476 INFOS [main] org.apache.catalina.startup.VersionLoggerListener.log CATALINA_BASE:         G:\Descartes\2emeAnnee\Semestre2\Java J2EE\Projet\apache-tomcat-9.0.14
05-Mar-2020 13:00:34.476 INFOS [main] org.apache.catalina.startup.VersionLoggerListener.log CATALINA_HOME:         G:\Descartes\2emeAnnee\Semestre2\Java J2EE\Projet\apache-tomcat-9.0.14
05-Mar-2020 13:00:34.476 INFOS [main] org.apache.catalina.startup.VersionLoggerListener.log Argument de la ligne de commande: -Djava.util.logging.config.file=G:\Descartes\2emeAnnee\Semestre2\Java J2EE\Projet\apache-tomcat-9.0.14\conf\logging.properties
05-Mar-2020 13:00:34.476 INFOS [main] org.apache.catalina.startup.VersionLoggerListener.log Argument de la ligne de commande: -Djava.util.logging.manager=org.apache.juli.ClassLoaderLogManager
05-Mar-2020 13:00:34.476 INFOS [main] org.apache.catalina.startup.VersionLoggerListener.log Argument de la ligne de commande: -Djdk.tls.ephemeralDHKeySize=2048
05-Mar-2020 13:00:34.476 INFOS [main] org.apache.catalina.startup.VersionLoggerListener.log Argument de la ligne de commande: -Djava.protocol.handler.pkgs=org.apache.catalina.webresources
05-Mar-2020 13:00:34.476 INFOS [main] org.apache.catalina.startup.VersionLoggerListener.log Argument de la ligne de commande: -Dignore.endorsed.dirs=
05-Mar-2020 13:00:34.476 INFOS [main] org.apache.catalina.startup.VersionLoggerListener.log Argument de la ligne de commande: -Dcatalina.base=G:\Descartes\2emeAnnee\Semestre2\Java J2EE\Projet\apache-tomcat-9.0.14
05-Mar-2020 13:00:34.476 INFOS [main] org.apache.catalina.startup.VersionLoggerListener.log Argument de la ligne de commande: -Dcatalina.home=G:\Descartes\2emeAnnee\Semestre2\Java J2EE\Projet\apache-tomcat-9.0.14
05-Mar-2020 13:00:34.476 INFOS [main] org.apache.catalina.startup.VersionLoggerListener.log Argument de la ligne de commande: -Djava.io.tmpdir=G:\Descartes\2emeAnnee\Semestre2\Java J2EE\Projet\apache-tomcat-9.0.14\temp
05-Mar-2020 13:00:34.492 INFOS [main] org.apache.catalina.core.AprLifecycleListener.lifecycleEvent La librairie Apache Tomcat Native basée sur APR qui permet des performances optimales dans les environnements de production n'a pas été trouvée sur le java.library.path: [C:\Program Files\Java\jre1.8.0_241\bin;C:\WINDOWS\Sun\Java\bin;C:\WINDOWS\system32;C:\WINDOWS;C:\app\antho\product\18.0.0\dbhomeXE\bin;C:\Program Files (x86)\Common Files\Oracle\Java\javapath;C:\Program Files (x86)\Intel\Intel(R) Management Engine Components\iCLS\;C:\Program Files\Intel\Intel(R) Management Engine Components\iCLS\;C:\windows\system32;C:\windows;C:\windows\System32\Wbem;C:\windows\System32\WindowsPowerShell\v1.0\;C:\Program Files (x86)\Intel\Intel(R) Management Engine Components\DAL;C:\Program Files\Intel\Intel(R) Management Engine Components\DAL;C:\Program Files (x86)\Intel\Intel(R) Management Engine Components\IPT;C:\Program Files\Intel\Intel(R) Management Engine Components\IPT;C:\Program Files (x86)\NVIDIA Corporation\PhysX\Common;C:\WINDOWS\system32;C:\WINDOWS;C:\WINDOWS\System32\Wbem;C:\WINDOWS\System32\WindowsPowerShell\v1.0\;C:\WINDOWS\System32\OpenSSH\;C:\Program Files\dotnet\;C:\Program Files\NVIDIA Corporation\NVIDIA NvDLISR;D:\Programme2\Git\cmd;C:\WINDOWS\system32;C:\WINDOWS;C:\WINDOWS\System32\Wbem;C:\WINDOWS\System32\WindowsPowerShell\v1.0\;C:\WINDOWS\System32\OpenSSH\;C:\Users\antho\AppData\Local\Microsoft\WindowsApps;;.]
05-Mar-2020 13:00:34.648 INFOS [main] org.apache.coyote.AbstractProtocol.init Initialisation du gestionnaire de protocole ["http-nio-8080"]
05-Mar-2020 13:00:34.914 INFOS [main] org.apache.coyote.AbstractProtocol.init Initialisation du gestionnaire de protocole ["ajp-nio-8009"]
05-Mar-2020 13:00:34.914 INFOS [main] org.apache.catalina.startup.Catalina.load L'initialisation du serveur a pris [834] millisecondes
05-Mar-2020 13:00:34.960 INFOS [main] org.apache.catalina.core.StandardService.startInternal Démarrage du service [Catalina]
05-Mar-2020 13:00:34.960 INFOS [main] org.apache.catalina.core.StandardEngine.startInternal Démarrage du moteur de Servlets: [Apache Tomcat/9.0.14]
05-Mar-2020 13:00:35.008 INFOS [main] org.apache.catalina.startup.HostConfig.deployDirectory Déploiement du répertoire d'application web [G:\Descartes\2emeAnnee\Semestre2\Java J2EE\Projet\apache-tomcat-9.0.14\webapps\ProjetJ2EE]
05-Mar-2020 13:00:35.382 INFOS [main] org.apache.catalina.startup.HostConfig.deployDirectory Le déploiement du répertoire [G:\Descartes\2emeAnnee\Semestre2\Java J2EE\Projet\apache-tomcat-9.0.14\webapps\ProjetJ2EE] de l'application web s'est terminé en [374] ms
05-Mar-2020 13:00:35.382 INFOS [main] org.apache.catalina.startup.HostConfig.deployDirectory Déploiement du répertoire d'application web [G:\Descartes\2emeAnnee\Semestre2\Java J2EE\Projet\apache-tomcat-9.0.14\webapps\ROOT]
05-Mar-2020 13:00:35.398 INFOS [main] org.apache.catalina.startup.HostConfig.deployDirectory Le déploiement du répertoire [G:\Descartes\2emeAnnee\Semestre2\Java J2EE\Projet\apache-tomcat-9.0.14\webapps\ROOT] de l'application web s'est terminé en [16] ms
05-Mar-2020 13:00:35.398 INFOS [main] org.apache.catalina.startup.HostConfig.deployDirectory Déploiement du répertoire d'application web [G:\Descartes\2emeAnnee\Semestre2\Java J2EE\Projet\apache-tomcat-9.0.14\webapps\docs]
05-Mar-2020 13:00:35.445 INFOS [main] org.apache.catalina.startup.HostConfig.deployDirectory Le déploiement du répertoire [G:\Descartes\2emeAnnee\Semestre2\Java J2EE\Projet\apache-tomcat-9.0.14\webapps\docs] de l'application web s'est terminé en [47] ms
05-Mar-2020 13:00:35.445 INFOS [main] org.apache.catalina.startup.HostConfig.deployDirectory Déploiement du répertoire d'application web [G:\Descartes\2emeAnnee\Semestre2\Java J2EE\Projet\apache-tomcat-9.0.14\webapps\examples]
05-Mar-2020 13:00:36.179 INFOS [main] org.apache.catalina.startup.HostConfig.deployDirectory Le déploiement du répertoire [G:\Descartes\2emeAnnee\Semestre2\Java J2EE\Projet\apache-tomcat-9.0.14\webapps\examples] de l'application web s'est terminé en [734] ms
05-Mar-2020 13:00:36.179 INFOS [main] org.apache.catalina.startup.HostConfig.deployDirectory Déploiement du répertoire d'application web [G:\Descartes\2emeAnnee\Semestre2\Java J2EE\Projet\apache-tomcat-9.0.14\webapps\host-manager]
05-Mar-2020 13:00:36.226 INFOS [main] org.apache.catalina.startup.HostConfig.deployDirectory Le déploiement du répertoire [G:\Descartes\2emeAnnee\Semestre2\Java J2EE\Projet\apache-tomcat-9.0.14\webapps\host-manager] de l'application web s'est terminé en [47] ms
05-Mar-2020 13:00:36.226 INFOS [main] org.apache.catalina.startup.HostConfig.deployDirectory Déploiement du répertoire d'application web [G:\Descartes\2emeAnnee\Semestre2\Java J2EE\Projet\apache-tomcat-9.0.14\webapps\manager]
05-Mar-2020 13:00:36.257 INFOS [main] org.apache.catalina.startup.HostConfig.deployDirectory Le déploiement du répertoire [G:\Descartes\2emeAnnee\Semestre2\Java J2EE\Projet\apache-tomcat-9.0.14\webapps\manager] de l'application web s'est terminé en [31] ms
05-Mar-2020 13:00:36.257 INFOS [main] org.apache.coyote.AbstractProtocol.start Démarrage du gestionnaire de protocole ["http-nio-8080"]
05-Mar-2020 13:00:36.273 INFOS [main] org.apache.coyote.AbstractProtocol.start Démarrage du gestionnaire de protocole ["ajp-nio-8009"]
05-Mar-2020 13:00:36.273 INFOS [main] org.apache.catalina.startup.Catalina.start Le démarrage du serveur a pris [1 358] millisecondes
