21-Mar-2020 16:32:45.530 INFO [main] org.apache.catalina.startup.VersionLoggerListener.log Version du serveur:        Apache Tomcat/9.0.14
21-Mar-2020 16:32:45.533 INFO [main] org.apache.catalina.startup.VersionLoggerListener.log Serveur compilé:        Dec 6 2018 21:13:53 UTC
21-Mar-2020 16:32:45.534 INFO [main] org.apache.catalina.startup.VersionLoggerListener.log Version du serveur:      9.0.14.0
21-Mar-2020 16:32:45.535 INFO [main] org.apache.catalina.startup.VersionLoggerListener.log Nom de l'OS:           Windows 10
21-Mar-2020 16:32:45.535 INFO [main] org.apache.catalina.startup.VersionLoggerListener.log Version de lOS:        {0}
21-Mar-2020 16:32:45.535 INFO [main] org.apache.catalina.startup.VersionLoggerListener.log Architecture:          amd64
21-Mar-2020 16:32:45.535 INFO [main] org.apache.catalina.startup.VersionLoggerListener.log Répertoire de Java:     C:\Program Files\Java\jdk-13.0.1
21-Mar-2020 16:32:45.536 INFO [main] org.apache.catalina.startup.VersionLoggerListener.log Version de la JVM:           13.0.1+9
21-Mar-2020 16:32:45.536 INFO [main] org.apache.catalina.startup.VersionLoggerListener.log Fournisseur de la JVM:            Oracle Corporation
21-Mar-2020 16:32:45.536 INFO [main] org.apache.catalina.startup.VersionLoggerListener.log CATALINA_BASE:         D:\Documents\Cours\J2EE\PROJECT2\apache-tomcat-9.0.14
21-Mar-2020 16:32:45.536 INFO [main] org.apache.catalina.startup.VersionLoggerListener.log CATALINA_HOME:         D:\Documents\Cours\J2EE\PROJECT2\apache-tomcat-9.0.14
21-Mar-2020 16:32:45.536 INFO [main] org.apache.catalina.startup.VersionLoggerListener.log Argument de la ligne de commande: --add-opens=java.base/java.lang=ALL-UNNAMED
21-Mar-2020 16:32:45.537 INFO [main] org.apache.catalina.startup.VersionLoggerListener.log Argument de la ligne de commande: --add-opens=java.base/java.io=ALL-UNNAMED
21-Mar-2020 16:32:45.537 INFO [main] org.apache.catalina.startup.VersionLoggerListener.log Argument de la ligne de commande: --add-opens=java.rmi/sun.rmi.transport=ALL-UNNAMED
21-Mar-2020 16:32:45.538 INFO [main] org.apache.catalina.startup.VersionLoggerListener.log Argument de la ligne de commande: -Djava.util.logging.config.file=D:\Documents\Cours\J2EE\PROJECT2\apache-tomcat-9.0.14\conf\logging.properties
21-Mar-2020 16:32:45.538 INFO [main] org.apache.catalina.startup.VersionLoggerListener.log Argument de la ligne de commande: -Djava.util.logging.manager=org.apache.juli.ClassLoaderLogManager
21-Mar-2020 16:32:45.538 INFO [main] org.apache.catalina.startup.VersionLoggerListener.log Argument de la ligne de commande: -Djdk.tls.ephemeralDHKeySize=2048
21-Mar-2020 16:32:45.539 INFO [main] org.apache.catalina.startup.VersionLoggerListener.log Argument de la ligne de commande: -Djava.protocol.handler.pkgs=org.apache.catalina.webresources
21-Mar-2020 16:32:45.539 INFO [main] org.apache.catalina.startup.VersionLoggerListener.log Argument de la ligne de commande: -Dignore.endorsed.dirs=
21-Mar-2020 16:32:45.539 INFO [main] org.apache.catalina.startup.VersionLoggerListener.log Argument de la ligne de commande: -Dcatalina.base=D:\Documents\Cours\J2EE\PROJECT2\apache-tomcat-9.0.14
21-Mar-2020 16:32:45.540 INFO [main] org.apache.catalina.startup.VersionLoggerListener.log Argument de la ligne de commande: -Dcatalina.home=D:\Documents\Cours\J2EE\PROJECT2\apache-tomcat-9.0.14
21-Mar-2020 16:32:45.540 INFO [main] org.apache.catalina.startup.VersionLoggerListener.log Argument de la ligne de commande: -Djava.io.tmpdir=D:\Documents\Cours\J2EE\PROJECT2\apache-tomcat-9.0.14\temp
21-Mar-2020 16:32:45.540 INFO [main] org.apache.catalina.core.AprLifecycleListener.lifecycleEvent La librairie Apache Tomcat Native basée sur APR qui permet des performances optimales dans les environnements de production n'a pas été trouvée sur le java.library.path: [C:\Program Files\Java\jdk-13.0.1\bin;C:\windows\Sun\Java\bin;C:\windows\system32;C:\windows;D:\Program\Oracle\dbhomeXE\bin;C:\windows\system32;C:\windows;C:\windows\System32\Wbem;C:\windows\System32\WindowsPowerShell\v1.0\;C:\windows\System32\OpenSSH\;C:\Program Files (x86)\Intel\Intel(R) Management Engine Components\DAL;C:\Program Files\Intel\Intel(R) Management Engine Components\DAL;C:\Program Files (x86)\NVIDIA Corporation\PhysX\Common;C:\Program Files\NVIDIA Corporation\NVIDIA NvDLISR;D:\Program\Git\cmd;C:\Program Files\Intel\WiFi\bin\;C:\Program Files\Common Files\Intel\WirelessCommon\;C:\Program Files\dotnet\;C:\Users\vadgo\AppData\Local\Microsoft\WindowsApps;;D:\Program Files (x86)\Microsoft VS Code\bin;.]
21-Mar-2020 16:32:45.618 INFO [main] org.apache.coyote.AbstractProtocol.init Initialisation du gestionnaire de protocole ["http-nio-8080"]
21-Mar-2020 16:32:46.193 INFO [main] org.apache.coyote.AbstractProtocol.init Initialisation du gestionnaire de protocole ["ajp-nio-8009"]
21-Mar-2020 16:32:46.197 INFO [main] org.apache.catalina.startup.Catalina.load L'initialisation du serveur a pris [1 055] millisecondes
21-Mar-2020 16:32:46.237 INFO [main] org.apache.catalina.core.StandardService.startInternal Démarrage du service [Catalina]
21-Mar-2020 16:32:46.237 INFO [main] org.apache.catalina.core.StandardEngine.startInternal Démarrage du moteur de Servlets: [Apache Tomcat/9.0.14]
21-Mar-2020 16:32:46.246 INFO [main] org.apache.catalina.startup.HostConfig.deployDirectory Déploiement du répertoire d'application web [D:\Documents\Cours\J2EE\PROJECT2\apache-tomcat-9.0.14\webapps\docs]
21-Mar-2020 16:32:46.819 WARNING [main] org.apache.catalina.util.SessionIdGeneratorBase.createSecureRandom La création de l'instance de SecureRandom pour le générateur d'id de session en utilisant [SHA1PRNG] a pris [275] millisecondes
21-Mar-2020 16:32:46.840 INFO [main] org.apache.catalina.startup.HostConfig.deployDirectory Le déploiement du répertoire [D:\Documents\Cours\J2EE\PROJECT2\apache-tomcat-9.0.14\webapps\docs] de l'application web s'est terminé en [594] ms
21-Mar-2020 16:32:46.840 INFO [main] org.apache.catalina.startup.HostConfig.deployDirectory Déploiement du répertoire d'application web [D:\Documents\Cours\J2EE\PROJECT2\apache-tomcat-9.0.14\webapps\examples]
21-Mar-2020 16:32:47.973 INFO [main] org.apache.catalina.startup.HostConfig.deployDirectory Le déploiement du répertoire [D:\Documents\Cours\J2EE\PROJECT2\apache-tomcat-9.0.14\webapps\examples] de l'application web s'est terminé en [1 133] ms
21-Mar-2020 16:32:47.973 INFO [main] org.apache.catalina.startup.HostConfig.deployDirectory Déploiement du répertoire d'application web [D:\Documents\Cours\J2EE\PROJECT2\apache-tomcat-9.0.14\webapps\host-manager]
21-Mar-2020 16:32:48.001 INFO [main] org.apache.catalina.startup.HostConfig.deployDirectory Le déploiement du répertoire [D:\Documents\Cours\J2EE\PROJECT2\apache-tomcat-9.0.14\webapps\host-manager] de l'application web s'est terminé en [28] ms
21-Mar-2020 16:32:48.002 INFO [main] org.apache.catalina.startup.HostConfig.deployDirectory Déploiement du répertoire d'application web [D:\Documents\Cours\J2EE\PROJECT2\apache-tomcat-9.0.14\webapps\manager]
21-Mar-2020 16:32:48.025 INFO [main] org.apache.catalina.startup.HostConfig.deployDirectory Le déploiement du répertoire [D:\Documents\Cours\J2EE\PROJECT2\apache-tomcat-9.0.14\webapps\manager] de l'application web s'est terminé en [22] ms
21-Mar-2020 16:32:48.025 INFO [main] org.apache.catalina.startup.HostConfig.deployDirectory Déploiement du répertoire d'application web [D:\Documents\Cours\J2EE\PROJECT2\apache-tomcat-9.0.14\webapps\ProjetJ2EE]
21-Mar-2020 16:32:48.270 INFO [main] org.apache.jasper.servlet.TldScanner.scanJars Au moins un fichier JAR a été analysé pour trouver des TLDs mais il n'en contenait pas, le mode "debug" du journal peut être activé pour obtenir une liste complète de JAR scannés sans succès; éviter d'analyser des JARs inutilement peut améliorer sensiblement le temps de démarrage et le temps de compilation des JSPs
21-Mar-2020 16:32:49.022 INFO [main] org.apache.catalina.startup.HostConfig.deployDirectory Le déploiement du répertoire [D:\Documents\Cours\J2EE\PROJECT2\apache-tomcat-9.0.14\webapps\ProjetJ2EE] de l'application web s'est terminé en [997] ms
21-Mar-2020 16:32:49.022 INFO [main] org.apache.catalina.startup.HostConfig.deployDirectory Déploiement du répertoire d'application web [D:\Documents\Cours\J2EE\PROJECT2\apache-tomcat-9.0.14\webapps\ROOT]
21-Mar-2020 16:32:49.040 INFO [main] org.apache.catalina.startup.HostConfig.deployDirectory Le déploiement du répertoire [D:\Documents\Cours\J2EE\PROJECT2\apache-tomcat-9.0.14\webapps\ROOT] de l'application web s'est terminé en [18] ms
21-Mar-2020 16:32:49.051 INFO [main] org.apache.coyote.AbstractProtocol.start Démarrage du gestionnaire de protocole ["http-nio-8080"]
21-Mar-2020 16:32:49.059 INFO [main] org.apache.coyote.AbstractProtocol.start Démarrage du gestionnaire de protocole ["ajp-nio-8009"]
21-Mar-2020 16:32:49.064 INFO [main] org.apache.catalina.startup.Catalina.start Le démarrage du serveur a pris [2 866] millisecondes
21-Mar-2020 16:33:42.044 INFO [http-nio-8080-exec-5] org.apache.catalina.core.StandardContext.reload Le rechargement du contexte [/ProjetJ2EE] a démarré
21-Mar-2020 16:33:42.053 WARNING [http-nio-8080-exec-5] org.apache.catalina.loader.WebappClassLoaderBase.clearReferencesJdbc L'application web [ProjetJ2EE] a enregistré un pilote JDBC [oracle.jdbc.OracleDriver], mais ne l'a pas désenregistré avant l'arrêt de l'application.  Pour éviter une fuite de mémoire, le pilote JDBC a été désenregistré de force.
21-Mar-2020 16:33:42.054 SEVERE [http-nio-8080-exec-5] org.apache.catalina.loader.WebappClassLoaderBase.checkThreadLocalMapForLeaks L'application web [ProjetJ2EE] a crée un ThreadLocal avec une clé de type [java.lang.ThreadLocal] (valeur [java.lang.ThreadLocal@36d109ac]) et une valeur de type [java.lang.Class] (valeur [class oracle.sql.TypeDescriptorFactory]) mais ne l'a pas supprimé lorsqu'elle a été arrêtée, les threads seront graduellement renouvelés pour éviter une probable fuite de mémoire
21-Mar-2020 16:33:42.055 SEVERE [http-nio-8080-exec-5] org.apache.catalina.loader.WebappClassLoaderBase.checkThreadLocalMapForLeaks L'application web [ProjetJ2EE] a crée un ThreadLocal avec une clé de type [java.lang.ThreadLocal] (valeur [java.lang.ThreadLocal@71ef8cf4]) et une valeur de type [java.lang.Class] (valeur [class oracle.sql.AnyDataFactory]) mais ne l'a pas supprimé lorsqu'elle a été arrêtée, les threads seront graduellement renouvelés pour éviter une probable fuite de mémoire
21-Mar-2020 16:33:42.272 INFO [http-nio-8080-exec-5] org.apache.jasper.servlet.TldScanner.scanJars Au moins un fichier JAR a été analysé pour trouver des TLDs mais il n'en contenait pas, le mode "debug" du journal peut être activé pour obtenir une liste complète de JAR scannés sans succès; éviter d'analyser des JARs inutilement peut améliorer sensiblement le temps de démarrage et le temps de compilation des JSPs
21-Mar-2020 16:33:42.473 INFO [http-nio-8080-exec-5] org.apache.catalina.core.StandardContext.reload Le rechargement de ce contexte est terminé
21-Mar-2020 16:59:43.933 INFO [http-nio-8080-exec-12] org.apache.catalina.core.StandardContext.reload Le rechargement du contexte [/ProjetJ2EE] a démarré
21-Mar-2020 16:59:43.965 WARNING [http-nio-8080-exec-12] org.apache.catalina.loader.WebappClassLoaderBase.clearReferencesJdbc L'application web [ProjetJ2EE] a enregistré un pilote JDBC [oracle.jdbc.OracleDriver], mais ne l'a pas désenregistré avant l'arrêt de l'application.  Pour éviter une fuite de mémoire, le pilote JDBC a été désenregistré de force.
21-Mar-2020 16:59:44.169 INFO [http-nio-8080-exec-12] org.apache.jasper.servlet.TldScanner.scanJars Au moins un fichier JAR a été analysé pour trouver des TLDs mais il n'en contenait pas, le mode "debug" du journal peut être activé pour obtenir une liste complète de JAR scannés sans succès; éviter d'analyser des JARs inutilement peut améliorer sensiblement le temps de démarrage et le temps de compilation des JSPs
21-Mar-2020 16:59:44.370 INFO [http-nio-8080-exec-12] org.apache.catalina.core.StandardContext.reload Le rechargement de ce contexte est terminé
21-Mar-2020 16:59:44.673 INFO [http-nio-8080-exec-19] org.apache.catalina.core.StandardContext.reload Le rechargement du contexte [/ProjetJ2EE] a démarré
21-Mar-2020 16:59:44.679 WARNING [http-nio-8080-exec-19] org.apache.catalina.loader.WebappClassLoaderBase.clearReferencesJdbc L'application web [ProjetJ2EE] a enregistré un pilote JDBC [oracle.jdbc.OracleDriver], mais ne l'a pas désenregistré avant l'arrêt de l'application.  Pour éviter une fuite de mémoire, le pilote JDBC a été désenregistré de force.
21-Mar-2020 16:59:44.879 INFO [http-nio-8080-exec-19] org.apache.jasper.servlet.TldScanner.scanJars Au moins un fichier JAR a été analysé pour trouver des TLDs mais il n'en contenait pas, le mode "debug" du journal peut être activé pour obtenir une liste complète de JAR scannés sans succès; éviter d'analyser des JARs inutilement peut améliorer sensiblement le temps de démarrage et le temps de compilation des JSPs
21-Mar-2020 16:59:45.072 INFO [http-nio-8080-exec-19] org.apache.catalina.core.StandardContext.reload Le rechargement de ce contexte est terminé
21-Mar-2020 17:07:49.092 INFO [http-nio-8080-exec-23] org.apache.catalina.core.StandardContext.reload Le rechargement du contexte [/ProjetJ2EE] a démarré
21-Mar-2020 17:07:49.099 WARNING [http-nio-8080-exec-23] org.apache.catalina.loader.WebappClassLoaderBase.clearReferencesJdbc L'application web [ProjetJ2EE] a enregistré un pilote JDBC [oracle.jdbc.OracleDriver], mais ne l'a pas désenregistré avant l'arrêt de l'application.  Pour éviter une fuite de mémoire, le pilote JDBC a été désenregistré de force.
21-Mar-2020 17:07:49.298 INFO [http-nio-8080-exec-23] org.apache.jasper.servlet.TldScanner.scanJars Au moins un fichier JAR a été analysé pour trouver des TLDs mais il n'en contenait pas, le mode "debug" du journal peut être activé pour obtenir une liste complète de JAR scannés sans succès; éviter d'analyser des JARs inutilement peut améliorer sensiblement le temps de démarrage et le temps de compilation des JSPs
21-Mar-2020 17:07:49.572 INFO [http-nio-8080-exec-23] org.apache.catalina.core.StandardContext.reload Le rechargement de ce contexte est terminé
21-Mar-2020 17:08:44.116 INFO [http-nio-8080-exec-22] org.apache.catalina.core.StandardContext.reload Le rechargement du contexte [/ProjetJ2EE] a démarré
21-Mar-2020 17:08:44.123 WARNING [http-nio-8080-exec-22] org.apache.catalina.loader.WebappClassLoaderBase.clearReferencesJdbc L'application web [ProjetJ2EE] a enregistré un pilote JDBC [oracle.jdbc.OracleDriver], mais ne l'a pas désenregistré avant l'arrêt de l'application.  Pour éviter une fuite de mémoire, le pilote JDBC a été désenregistré de force.
21-Mar-2020 17:08:44.312 INFO [http-nio-8080-exec-22] org.apache.jasper.servlet.TldScanner.scanJars Au moins un fichier JAR a été analysé pour trouver des TLDs mais il n'en contenait pas, le mode "debug" du journal peut être activé pour obtenir une liste complète de JAR scannés sans succès; éviter d'analyser des JARs inutilement peut améliorer sensiblement le temps de démarrage et le temps de compilation des JSPs
21-Mar-2020 17:08:44.497 INFO [http-nio-8080-exec-22] org.apache.catalina.core.StandardContext.reload Le rechargement de ce contexte est terminé
21-Mar-2020 17:08:45.170 INFO [http-nio-8080-exec-31] org.apache.catalina.core.StandardContext.reload Le rechargement du contexte [/ProjetJ2EE] a démarré
21-Mar-2020 17:08:45.176 WARNING [http-nio-8080-exec-31] org.apache.catalina.loader.WebappClassLoaderBase.clearReferencesJdbc L'application web [ProjetJ2EE] a enregistré un pilote JDBC [oracle.jdbc.OracleDriver], mais ne l'a pas désenregistré avant l'arrêt de l'application.  Pour éviter une fuite de mémoire, le pilote JDBC a été désenregistré de force.
21-Mar-2020 17:08:45.371 INFO [http-nio-8080-exec-31] org.apache.jasper.servlet.TldScanner.scanJars Au moins un fichier JAR a été analysé pour trouver des TLDs mais il n'en contenait pas, le mode "debug" du journal peut être activé pour obtenir une liste complète de JAR scannés sans succès; éviter d'analyser des JARs inutilement peut améliorer sensiblement le temps de démarrage et le temps de compilation des JSPs
21-Mar-2020 17:08:45.693 INFO [http-nio-8080-exec-31] org.apache.catalina.core.StandardContext.reload Le rechargement de ce contexte est terminé
21-Mar-2020 17:11:20.784 INFO [http-nio-8080-exec-37] org.apache.catalina.core.StandardContext.reload Le rechargement du contexte [/ProjetJ2EE] a démarré
21-Mar-2020 17:11:20.790 WARNING [http-nio-8080-exec-37] org.apache.catalina.loader.WebappClassLoaderBase.clearReferencesJdbc L'application web [ProjetJ2EE] a enregistré un pilote JDBC [oracle.jdbc.OracleDriver], mais ne l'a pas désenregistré avant l'arrêt de l'application.  Pour éviter une fuite de mémoire, le pilote JDBC a été désenregistré de force.
21-Mar-2020 17:11:20.977 INFO [http-nio-8080-exec-37] org.apache.jasper.servlet.TldScanner.scanJars Au moins un fichier JAR a été analysé pour trouver des TLDs mais il n'en contenait pas, le mode "debug" du journal peut être activé pour obtenir une liste complète de JAR scannés sans succès; éviter d'analyser des JARs inutilement peut améliorer sensiblement le temps de démarrage et le temps de compilation des JSPs
21-Mar-2020 17:11:21.241 INFO [http-nio-8080-exec-37] org.apache.catalina.core.StandardContext.reload Le rechargement de ce contexte est terminé
21-Mar-2020 17:21:19.679 INFO [http-nio-8080-exec-45] org.apache.catalina.core.StandardContext.reload Le rechargement du contexte [/ProjetJ2EE] a démarré
21-Mar-2020 17:21:19.684 WARNING [http-nio-8080-exec-45] org.apache.catalina.loader.WebappClassLoaderBase.clearReferencesJdbc L'application web [ProjetJ2EE] a enregistré un pilote JDBC [oracle.jdbc.OracleDriver], mais ne l'a pas désenregistré avant l'arrêt de l'application.  Pour éviter une fuite de mémoire, le pilote JDBC a été désenregistré de force.
21-Mar-2020 17:21:19.881 INFO [http-nio-8080-exec-45] org.apache.jasper.servlet.TldScanner.scanJars Au moins un fichier JAR a été analysé pour trouver des TLDs mais il n'en contenait pas, le mode "debug" du journal peut être activé pour obtenir une liste complète de JAR scannés sans succès; éviter d'analyser des JARs inutilement peut améliorer sensiblement le temps de démarrage et le temps de compilation des JSPs
21-Mar-2020 17:21:20.087 INFO [http-nio-8080-exec-45] org.apache.catalina.core.StandardContext.reload Le rechargement de ce contexte est terminé
21-Mar-2020 17:44:09.118 INFO [http-nio-8080-exec-55] org.apache.catalina.core.StandardContext.reload Le rechargement du contexte [/ProjetJ2EE] a démarré
21-Mar-2020 17:44:09.126 WARNING [http-nio-8080-exec-55] org.apache.catalina.loader.WebappClassLoaderBase.clearReferencesJdbc L'application web [ProjetJ2EE] a enregistré un pilote JDBC [oracle.jdbc.OracleDriver], mais ne l'a pas désenregistré avant l'arrêt de l'application.  Pour éviter une fuite de mémoire, le pilote JDBC a été désenregistré de force.
21-Mar-2020 17:44:09.318 INFO [http-nio-8080-exec-55] org.apache.jasper.servlet.TldScanner.scanJars Au moins un fichier JAR a été analysé pour trouver des TLDs mais il n'en contenait pas, le mode "debug" du journal peut être activé pour obtenir une liste complète de JAR scannés sans succès; éviter d'analyser des JARs inutilement peut améliorer sensiblement le temps de démarrage et le temps de compilation des JSPs
21-Mar-2020 17:44:09.559 INFO [http-nio-8080-exec-55] org.apache.catalina.core.StandardContext.reload Le rechargement de ce contexte est terminé
21-Mar-2020 17:48:32.518 INFO [http-nio-8080-exec-65] org.apache.catalina.core.StandardContext.reload Le rechargement du contexte [/ProjetJ2EE] a démarré
21-Mar-2020 17:48:32.525 WARNING [http-nio-8080-exec-65] org.apache.catalina.loader.WebappClassLoaderBase.clearReferencesJdbc L'application web [ProjetJ2EE] a enregistré un pilote JDBC [oracle.jdbc.OracleDriver], mais ne l'a pas désenregistré avant l'arrêt de l'application.  Pour éviter une fuite de mémoire, le pilote JDBC a été désenregistré de force.
21-Mar-2020 17:48:32.714 INFO [http-nio-8080-exec-65] org.apache.jasper.servlet.TldScanner.scanJars Au moins un fichier JAR a été analysé pour trouver des TLDs mais il n'en contenait pas, le mode "debug" du journal peut être activé pour obtenir une liste complète de JAR scannés sans succès; éviter d'analyser des JARs inutilement peut améliorer sensiblement le temps de démarrage et le temps de compilation des JSPs
21-Mar-2020 17:48:32.898 INFO [http-nio-8080-exec-65] org.apache.catalina.core.StandardContext.reload Le rechargement de ce contexte est terminé
21-Mar-2020 17:49:56.702 INFO [http-nio-8080-exec-75] org.apache.catalina.core.StandardContext.reload Le rechargement du contexte [/ProjetJ2EE] a démarré
21-Mar-2020 17:49:56.705 WARNING [http-nio-8080-exec-75] org.apache.catalina.loader.WebappClassLoaderBase.clearReferencesJdbc L'application web [ProjetJ2EE] a enregistré un pilote JDBC [oracle.jdbc.OracleDriver], mais ne l'a pas désenregistré avant l'arrêt de l'application.  Pour éviter une fuite de mémoire, le pilote JDBC a été désenregistré de force.
21-Mar-2020 17:49:56.904 INFO [http-nio-8080-exec-75] org.apache.jasper.servlet.TldScanner.scanJars Au moins un fichier JAR a été analysé pour trouver des TLDs mais il n'en contenait pas, le mode "debug" du journal peut être activé pour obtenir une liste complète de JAR scannés sans succès; éviter d'analyser des JARs inutilement peut améliorer sensiblement le temps de démarrage et le temps de compilation des JSPs
21-Mar-2020 17:49:57.105 INFO [http-nio-8080-exec-75] org.apache.catalina.core.StandardContext.reload Le rechargement de ce contexte est terminé
21-Mar-2020 17:51:06.800 INFO [http-nio-8080-exec-80] org.apache.catalina.core.StandardContext.reload Le rechargement du contexte [/ProjetJ2EE] a démarré
21-Mar-2020 17:51:06.806 WARNING [http-nio-8080-exec-80] org.apache.catalina.loader.WebappClassLoaderBase.clearReferencesJdbc L'application web [ProjetJ2EE] a enregistré un pilote JDBC [oracle.jdbc.OracleDriver], mais ne l'a pas désenregistré avant l'arrêt de l'application.  Pour éviter une fuite de mémoire, le pilote JDBC a été désenregistré de force.
21-Mar-2020 17:51:06.995 INFO [http-nio-8080-exec-80] org.apache.jasper.servlet.TldScanner.scanJars Au moins un fichier JAR a été analysé pour trouver des TLDs mais il n'en contenait pas, le mode "debug" du journal peut être activé pour obtenir une liste complète de JAR scannés sans succès; éviter d'analyser des JARs inutilement peut améliorer sensiblement le temps de démarrage et le temps de compilation des JSPs
21-Mar-2020 17:51:07.289 INFO [http-nio-8080-exec-80] org.apache.catalina.core.StandardContext.reload Le rechargement de ce contexte est terminé
21-Mar-2020 17:54:08.431 INFO [http-nio-8080-exec-85] org.apache.catalina.core.StandardContext.reload Le rechargement du contexte [/ProjetJ2EE] a démarré
21-Mar-2020 17:54:08.438 WARNING [http-nio-8080-exec-85] org.apache.catalina.loader.WebappClassLoaderBase.clearReferencesJdbc L'application web [ProjetJ2EE] a enregistré un pilote JDBC [oracle.jdbc.OracleDriver], mais ne l'a pas désenregistré avant l'arrêt de l'application.  Pour éviter une fuite de mémoire, le pilote JDBC a été désenregistré de force.
21-Mar-2020 17:54:08.628 INFO [http-nio-8080-exec-85] org.apache.jasper.servlet.TldScanner.scanJars Au moins un fichier JAR a été analysé pour trouver des TLDs mais il n'en contenait pas, le mode "debug" du journal peut être activé pour obtenir une liste complète de JAR scannés sans succès; éviter d'analyser des JARs inutilement peut améliorer sensiblement le temps de démarrage et le temps de compilation des JSPs
21-Mar-2020 17:54:08.843 INFO [http-nio-8080-exec-85] org.apache.catalina.core.StandardContext.reload Le rechargement de ce contexte est terminé
21-Mar-2020 18:05:44.734 INFO [http-nio-8080-exec-94] org.apache.catalina.core.StandardContext.reload Le rechargement du contexte [/ProjetJ2EE] a démarré
21-Mar-2020 18:05:44.740 WARNING [http-nio-8080-exec-94] org.apache.catalina.loader.WebappClassLoaderBase.clearReferencesJdbc L'application web [ProjetJ2EE] a enregistré un pilote JDBC [oracle.jdbc.OracleDriver], mais ne l'a pas désenregistré avant l'arrêt de l'application.  Pour éviter une fuite de mémoire, le pilote JDBC a été désenregistré de force.
21-Mar-2020 18:05:44.930 INFO [http-nio-8080-exec-94] org.apache.jasper.servlet.TldScanner.scanJars Au moins un fichier JAR a été analysé pour trouver des TLDs mais il n'en contenait pas, le mode "debug" du journal peut être activé pour obtenir une liste complète de JAR scannés sans succès; éviter d'analyser des JARs inutilement peut améliorer sensiblement le temps de démarrage et le temps de compilation des JSPs
21-Mar-2020 18:05:45.223 INFO [http-nio-8080-exec-94] org.apache.catalina.core.StandardContext.reload Le rechargement de ce contexte est terminé
21-Mar-2020 18:07:25.122 INFO [http-nio-8080-exec-103] org.apache.catalina.core.StandardContext.reload Le rechargement du contexte [/ProjetJ2EE] a démarré
21-Mar-2020 18:07:25.127 WARNING [http-nio-8080-exec-103] org.apache.catalina.loader.WebappClassLoaderBase.clearReferencesJdbc L'application web [ProjetJ2EE] a enregistré un pilote JDBC [oracle.jdbc.OracleDriver], mais ne l'a pas désenregistré avant l'arrêt de l'application.  Pour éviter une fuite de mémoire, le pilote JDBC a été désenregistré de force.
21-Mar-2020 18:07:25.314 INFO [http-nio-8080-exec-103] org.apache.jasper.servlet.TldScanner.scanJars Au moins un fichier JAR a été analysé pour trouver des TLDs mais il n'en contenait pas, le mode "debug" du journal peut être activé pour obtenir une liste complète de JAR scannés sans succès; éviter d'analyser des JARs inutilement peut améliorer sensiblement le temps de démarrage et le temps de compilation des JSPs
21-Mar-2020 18:07:25.520 INFO [http-nio-8080-exec-103] org.apache.catalina.core.StandardContext.reload Le rechargement de ce contexte est terminé
21-Mar-2020 18:11:23.836 INFO [http-nio-8080-exec-111] org.apache.catalina.core.StandardContext.reload Le rechargement du contexte [/ProjetJ2EE] a démarré
21-Mar-2020 18:11:23.842 WARNING [http-nio-8080-exec-111] org.apache.catalina.loader.WebappClassLoaderBase.clearReferencesJdbc L'application web [ProjetJ2EE] a enregistré un pilote JDBC [oracle.jdbc.OracleDriver], mais ne l'a pas désenregistré avant l'arrêt de l'application.  Pour éviter une fuite de mémoire, le pilote JDBC a été désenregistré de force.
21-Mar-2020 18:11:24.044 INFO [http-nio-8080-exec-111] org.apache.jasper.servlet.TldScanner.scanJars Au moins un fichier JAR a été analysé pour trouver des TLDs mais il n'en contenait pas, le mode "debug" du journal peut être activé pour obtenir une liste complète de JAR scannés sans succès; éviter d'analyser des JARs inutilement peut améliorer sensiblement le temps de démarrage et le temps de compilation des JSPs
21-Mar-2020 18:11:24.679 INFO [http-nio-8080-exec-111] org.apache.catalina.core.StandardContext.reload Le rechargement de ce contexte est terminé
21-Mar-2020 18:22:17.831 INFO [http-nio-8080-exec-126] org.apache.catalina.core.StandardContext.reload Le rechargement du contexte [/ProjetJ2EE] a démarré
21-Mar-2020 18:22:17.837 WARNING [http-nio-8080-exec-126] org.apache.catalina.loader.WebappClassLoaderBase.clearReferencesJdbc L'application web [ProjetJ2EE] a enregistré un pilote JDBC [oracle.jdbc.OracleDriver], mais ne l'a pas désenregistré avant l'arrêt de l'application.  Pour éviter une fuite de mémoire, le pilote JDBC a été désenregistré de force.
21-Mar-2020 18:22:18.027 INFO [http-nio-8080-exec-126] org.apache.jasper.servlet.TldScanner.scanJars Au moins un fichier JAR a été analysé pour trouver des TLDs mais il n'en contenait pas, le mode "debug" du journal peut être activé pour obtenir une liste complète de JAR scannés sans succès; éviter d'analyser des JARs inutilement peut améliorer sensiblement le temps de démarrage et le temps de compilation des JSPs
21-Mar-2020 18:22:18.307 INFO [http-nio-8080-exec-126] org.apache.catalina.core.StandardContext.reload Le rechargement de ce contexte est terminé
21-Mar-2020 18:29:38.097 INFO [http-nio-8080-exec-131] org.apache.catalina.core.StandardContext.reload Le rechargement du contexte [/ProjetJ2EE] a démarré
21-Mar-2020 18:29:38.104 WARNING [http-nio-8080-exec-131] org.apache.catalina.loader.WebappClassLoaderBase.clearReferencesJdbc L'application web [ProjetJ2EE] a enregistré un pilote JDBC [oracle.jdbc.OracleDriver], mais ne l'a pas désenregistré avant l'arrêt de l'application.  Pour éviter une fuite de mémoire, le pilote JDBC a été désenregistré de force.
21-Mar-2020 18:29:38.299 INFO [http-nio-8080-exec-131] org.apache.jasper.servlet.TldScanner.scanJars Au moins un fichier JAR a été analysé pour trouver des TLDs mais il n'en contenait pas, le mode "debug" du journal peut être activé pour obtenir une liste complète de JAR scannés sans succès; éviter d'analyser des JARs inutilement peut améliorer sensiblement le temps de démarrage et le temps de compilation des JSPs
21-Mar-2020 18:29:38.536 INFO [http-nio-8080-exec-131] org.apache.catalina.core.StandardContext.reload Le rechargement de ce contexte est terminé
21-Mar-2020 18:30:47.037 INFO [http-nio-8080-exec-141] org.apache.catalina.core.StandardContext.reload Le rechargement du contexte [/ProjetJ2EE] a démarré
21-Mar-2020 18:30:47.044 WARNING [http-nio-8080-exec-141] org.apache.catalina.loader.WebappClassLoaderBase.clearReferencesJdbc L'application web [ProjetJ2EE] a enregistré un pilote JDBC [oracle.jdbc.OracleDriver], mais ne l'a pas désenregistré avant l'arrêt de l'application.  Pour éviter une fuite de mémoire, le pilote JDBC a été désenregistré de force.
21-Mar-2020 18:30:47.245 INFO [http-nio-8080-exec-141] org.apache.jasper.servlet.TldScanner.scanJars Au moins un fichier JAR a été analysé pour trouver des TLDs mais il n'en contenait pas, le mode "debug" du journal peut être activé pour obtenir une liste complète de JAR scannés sans succès; éviter d'analyser des JARs inutilement peut améliorer sensiblement le temps de démarrage et le temps de compilation des JSPs
21-Mar-2020 18:30:47.424 INFO [http-nio-8080-exec-141] org.apache.catalina.core.StandardContext.reload Le rechargement de ce contexte est terminé
21-Mar-2020 18:32:09.229 INFO [http-nio-8080-exec-145] org.apache.catalina.core.StandardContext.reload Le rechargement du contexte [/ProjetJ2EE] a démarré
21-Mar-2020 18:32:09.235 WARNING [http-nio-8080-exec-145] org.apache.catalina.loader.WebappClassLoaderBase.clearReferencesJdbc L'application web [ProjetJ2EE] a enregistré un pilote JDBC [oracle.jdbc.OracleDriver], mais ne l'a pas désenregistré avant l'arrêt de l'application.  Pour éviter une fuite de mémoire, le pilote JDBC a été désenregistré de force.
21-Mar-2020 18:32:09.441 INFO [http-nio-8080-exec-145] org.apache.jasper.servlet.TldScanner.scanJars Au moins un fichier JAR a été analysé pour trouver des TLDs mais il n'en contenait pas, le mode "debug" du journal peut être activé pour obtenir une liste complète de JAR scannés sans succès; éviter d'analyser des JARs inutilement peut améliorer sensiblement le temps de démarrage et le temps de compilation des JSPs
21-Mar-2020 18:32:09.693 INFO [http-nio-8080-exec-145] org.apache.catalina.core.StandardContext.reload Le rechargement de ce contexte est terminé
21-Mar-2020 18:33:26.679 INFO [http-nio-8080-exec-152] org.apache.catalina.core.StandardContext.reload Le rechargement du contexte [/ProjetJ2EE] a démarré
21-Mar-2020 18:33:26.685 WARNING [http-nio-8080-exec-152] org.apache.catalina.loader.WebappClassLoaderBase.clearReferencesJdbc L'application web [ProjetJ2EE] a enregistré un pilote JDBC [oracle.jdbc.OracleDriver], mais ne l'a pas désenregistré avant l'arrêt de l'application.  Pour éviter une fuite de mémoire, le pilote JDBC a été désenregistré de force.
21-Mar-2020 18:33:26.867 INFO [http-nio-8080-exec-152] org.apache.jasper.servlet.TldScanner.scanJars Au moins un fichier JAR a été analysé pour trouver des TLDs mais il n'en contenait pas, le mode "debug" du journal peut être activé pour obtenir une liste complète de JAR scannés sans succès; éviter d'analyser des JARs inutilement peut améliorer sensiblement le temps de démarrage et le temps de compilation des JSPs
21-Mar-2020 18:33:27.039 INFO [http-nio-8080-exec-152] org.apache.catalina.core.StandardContext.reload Le rechargement de ce contexte est terminé
21-Mar-2020 18:34:49.495 INFO [http-nio-8080-exec-159] org.apache.catalina.core.StandardContext.reload Le rechargement du contexte [/ProjetJ2EE] a démarré
21-Mar-2020 18:34:49.500 WARNING [http-nio-8080-exec-159] org.apache.catalina.loader.WebappClassLoaderBase.clearReferencesJdbc L'application web [ProjetJ2EE] a enregistré un pilote JDBC [oracle.jdbc.OracleDriver], mais ne l'a pas désenregistré avant l'arrêt de l'application.  Pour éviter une fuite de mémoire, le pilote JDBC a été désenregistré de force.
21-Mar-2020 18:34:49.693 INFO [http-nio-8080-exec-159] org.apache.jasper.servlet.TldScanner.scanJars Au moins un fichier JAR a été analysé pour trouver des TLDs mais il n'en contenait pas, le mode "debug" du journal peut être activé pour obtenir une liste complète de JAR scannés sans succès; éviter d'analyser des JARs inutilement peut améliorer sensiblement le temps de démarrage et le temps de compilation des JSPs
21-Mar-2020 18:34:49.881 INFO [http-nio-8080-exec-159] org.apache.catalina.core.StandardContext.reload Le rechargement de ce contexte est terminé
21-Mar-2020 18:54:12.694 INFO [http-nio-8080-exec-169] org.apache.catalina.core.StandardContext.reload Le rechargement du contexte [/ProjetJ2EE] a démarré
21-Mar-2020 18:54:12.700 WARNING [http-nio-8080-exec-169] org.apache.catalina.loader.WebappClassLoaderBase.clearReferencesJdbc L'application web [ProjetJ2EE] a enregistré un pilote JDBC [oracle.jdbc.OracleDriver], mais ne l'a pas désenregistré avant l'arrêt de l'application.  Pour éviter une fuite de mémoire, le pilote JDBC a été désenregistré de force.
21-Mar-2020 18:54:12.902 INFO [http-nio-8080-exec-169] org.apache.jasper.servlet.TldScanner.scanJars Au moins un fichier JAR a été analysé pour trouver des TLDs mais il n'en contenait pas, le mode "debug" du journal peut être activé pour obtenir une liste complète de JAR scannés sans succès; éviter d'analyser des JARs inutilement peut améliorer sensiblement le temps de démarrage et le temps de compilation des JSPs
21-Mar-2020 18:54:13.162 INFO [http-nio-8080-exec-169] org.apache.catalina.core.StandardContext.reload Le rechargement de ce contexte est terminé
21-Mar-2020 19:40:55.865 INFO [main] org.apache.catalina.startup.VersionLoggerListener.log Version du serveur:        Apache Tomcat/9.0.14
21-Mar-2020 19:40:55.868 INFO [main] org.apache.catalina.startup.VersionLoggerListener.log Serveur compilé:        Dec 6 2018 21:13:53 UTC
21-Mar-2020 19:40:55.868 INFO [main] org.apache.catalina.startup.VersionLoggerListener.log Version du serveur:      9.0.14.0
21-Mar-2020 19:40:55.868 INFO [main] org.apache.catalina.startup.VersionLoggerListener.log Nom de l'OS:           Windows 10
21-Mar-2020 19:40:55.869 INFO [main] org.apache.catalina.startup.VersionLoggerListener.log Version de lOS:        {0}
21-Mar-2020 19:40:55.869 INFO [main] org.apache.catalina.startup.VersionLoggerListener.log Architecture:          amd64
21-Mar-2020 19:40:55.869 INFO [main] org.apache.catalina.startup.VersionLoggerListener.log Répertoire de Java:     C:\Program Files\Java\jdk-13.0.1
21-Mar-2020 19:40:55.869 INFO [main] org.apache.catalina.startup.VersionLoggerListener.log Version de la JVM:           13.0.1+9
21-Mar-2020 19:40:55.870 INFO [main] org.apache.catalina.startup.VersionLoggerListener.log Fournisseur de la JVM:            Oracle Corporation
21-Mar-2020 19:40:55.870 INFO [main] org.apache.catalina.startup.VersionLoggerListener.log CATALINA_BASE:         D:\Documents\Cours\J2EE\PROJECT2\apache-tomcat-9.0.14
21-Mar-2020 19:40:55.870 INFO [main] org.apache.catalina.startup.VersionLoggerListener.log CATALINA_HOME:         D:\Documents\Cours\J2EE\PROJECT2\apache-tomcat-9.0.14
21-Mar-2020 19:40:55.870 INFO [main] org.apache.catalina.startup.VersionLoggerListener.log Argument de la ligne de commande: --add-opens=java.base/java.lang=ALL-UNNAMED
21-Mar-2020 19:40:55.870 INFO [main] org.apache.catalina.startup.VersionLoggerListener.log Argument de la ligne de commande: --add-opens=java.base/java.io=ALL-UNNAMED
21-Mar-2020 19:40:55.871 INFO [main] org.apache.catalina.startup.VersionLoggerListener.log Argument de la ligne de commande: --add-opens=java.rmi/sun.rmi.transport=ALL-UNNAMED
21-Mar-2020 19:40:55.873 INFO [main] org.apache.catalina.startup.VersionLoggerListener.log Argument de la ligne de commande: -Djava.util.logging.config.file=D:\Documents\Cours\J2EE\PROJECT2\apache-tomcat-9.0.14\conf\logging.properties
21-Mar-2020 19:40:55.873 INFO [main] org.apache.catalina.startup.VersionLoggerListener.log Argument de la ligne de commande: -Djava.util.logging.manager=org.apache.juli.ClassLoaderLogManager
21-Mar-2020 19:40:55.873 INFO [main] org.apache.catalina.startup.VersionLoggerListener.log Argument de la ligne de commande: -Djdk.tls.ephemeralDHKeySize=2048
21-Mar-2020 19:40:55.873 INFO [main] org.apache.catalina.startup.VersionLoggerListener.log Argument de la ligne de commande: -Djava.protocol.handler.pkgs=org.apache.catalina.webresources
21-Mar-2020 19:40:55.874 INFO [main] org.apache.catalina.startup.VersionLoggerListener.log Argument de la ligne de commande: -Dignore.endorsed.dirs=
21-Mar-2020 19:40:55.874 INFO [main] org.apache.catalina.startup.VersionLoggerListener.log Argument de la ligne de commande: -Dcatalina.base=D:\Documents\Cours\J2EE\PROJECT2\apache-tomcat-9.0.14
21-Mar-2020 19:40:55.874 INFO [main] org.apache.catalina.startup.VersionLoggerListener.log Argument de la ligne de commande: -Dcatalina.home=D:\Documents\Cours\J2EE\PROJECT2\apache-tomcat-9.0.14
21-Mar-2020 19:40:55.875 INFO [main] org.apache.catalina.startup.VersionLoggerListener.log Argument de la ligne de commande: -Djava.io.tmpdir=D:\Documents\Cours\J2EE\PROJECT2\apache-tomcat-9.0.14\temp
21-Mar-2020 19:40:55.875 INFO [main] org.apache.catalina.core.AprLifecycleListener.lifecycleEvent La librairie Apache Tomcat Native basée sur APR qui permet des performances optimales dans les environnements de production n'a pas été trouvée sur le java.library.path: [C:\Program Files\Java\jdk-13.0.1\bin;C:\windows\Sun\Java\bin;C:\windows\system32;C:\windows;D:\Program\Oracle\dbhomeXE\bin;C:\windows\system32;C:\windows;C:\windows\System32\Wbem;C:\windows\System32\WindowsPowerShell\v1.0\;C:\windows\System32\OpenSSH\;C:\Program Files (x86)\Intel\Intel(R) Management Engine Components\DAL;C:\Program Files\Intel\Intel(R) Management Engine Components\DAL;C:\Program Files (x86)\NVIDIA Corporation\PhysX\Common;C:\Program Files\NVIDIA Corporation\NVIDIA NvDLISR;D:\Program\Git\cmd;C:\Program Files\Intel\WiFi\bin\;C:\Program Files\Common Files\Intel\WirelessCommon\;C:\Program Files\dotnet\;C:\Users\vadgo\AppData\Local\Microsoft\WindowsApps;;D:\Program Files (x86)\Microsoft VS Code\bin;.]
21-Mar-2020 19:40:55.915 INFO [main] org.apache.coyote.AbstractProtocol.init Initialisation du gestionnaire de protocole ["http-nio-8080"]
21-Mar-2020 19:40:56.460 INFO [main] org.apache.coyote.AbstractProtocol.init Initialisation du gestionnaire de protocole ["ajp-nio-8009"]
21-Mar-2020 19:40:56.463 INFO [main] org.apache.catalina.startup.Catalina.load L'initialisation du serveur a pris [890] millisecondes
21-Mar-2020 19:40:56.495 INFO [main] org.apache.catalina.core.StandardService.startInternal Démarrage du service [Catalina]
21-Mar-2020 19:40:56.495 INFO [main] org.apache.catalina.core.StandardEngine.startInternal Démarrage du moteur de Servlets: [Apache Tomcat/9.0.14]
21-Mar-2020 19:40:56.501 INFO [main] org.apache.catalina.startup.HostConfig.deployDirectory Déploiement du répertoire d'application web [D:\Documents\Cours\J2EE\PROJECT2\apache-tomcat-9.0.14\webapps\docs]
21-Mar-2020 19:40:56.955 WARNING [main] org.apache.catalina.util.SessionIdGeneratorBase.createSecureRandom La création de l'instance de SecureRandom pour le générateur d'id de session en utilisant [SHA1PRNG] a pris [258] millisecondes
21-Mar-2020 19:40:56.969 INFO [main] org.apache.catalina.startup.HostConfig.deployDirectory Le déploiement du répertoire [D:\Documents\Cours\J2EE\PROJECT2\apache-tomcat-9.0.14\webapps\docs] de l'application web s'est terminé en [467] ms
21-Mar-2020 19:40:56.969 INFO [main] org.apache.catalina.startup.HostConfig.deployDirectory Déploiement du répertoire d'application web [D:\Documents\Cours\J2EE\PROJECT2\apache-tomcat-9.0.14\webapps\examples]
21-Mar-2020 19:40:57.246 INFO [main] org.apache.catalina.startup.HostConfig.deployDirectory Le déploiement du répertoire [D:\Documents\Cours\J2EE\PROJECT2\apache-tomcat-9.0.14\webapps\examples] de l'application web s'est terminé en [277] ms
21-Mar-2020 19:40:57.246 INFO [main] org.apache.catalina.startup.HostConfig.deployDirectory Déploiement du répertoire d'application web [D:\Documents\Cours\J2EE\PROJECT2\apache-tomcat-9.0.14\webapps\host-manager]
21-Mar-2020 19:40:57.271 INFO [main] org.apache.catalina.startup.HostConfig.deployDirectory Le déploiement du répertoire [D:\Documents\Cours\J2EE\PROJECT2\apache-tomcat-9.0.14\webapps\host-manager] de l'application web s'est terminé en [25] ms
21-Mar-2020 19:40:57.272 INFO [main] org.apache.catalina.startup.HostConfig.deployDirectory Déploiement du répertoire d'application web [D:\Documents\Cours\J2EE\PROJECT2\apache-tomcat-9.0.14\webapps\manager]
21-Mar-2020 19:40:57.292 INFO [main] org.apache.catalina.startup.HostConfig.deployDirectory Le déploiement du répertoire [D:\Documents\Cours\J2EE\PROJECT2\apache-tomcat-9.0.14\webapps\manager] de l'application web s'est terminé en [19] ms
21-Mar-2020 19:40:57.292 INFO [main] org.apache.catalina.startup.HostConfig.deployDirectory Déploiement du répertoire d'application web [D:\Documents\Cours\J2EE\PROJECT2\apache-tomcat-9.0.14\webapps\ProjetJ2EE]
21-Mar-2020 19:40:57.525 INFO [main] org.apache.jasper.servlet.TldScanner.scanJars Au moins un fichier JAR a été analysé pour trouver des TLDs mais il n'en contenait pas, le mode "debug" du journal peut être activé pour obtenir une liste complète de JAR scannés sans succès; éviter d'analyser des JARs inutilement peut améliorer sensiblement le temps de démarrage et le temps de compilation des JSPs
21-Mar-2020 19:40:57.811 INFO [main] org.apache.catalina.startup.HostConfig.deployDirectory Le déploiement du répertoire [D:\Documents\Cours\J2EE\PROJECT2\apache-tomcat-9.0.14\webapps\ProjetJ2EE] de l'application web s'est terminé en [519] ms
21-Mar-2020 19:40:57.812 INFO [main] org.apache.catalina.startup.HostConfig.deployDirectory Déploiement du répertoire d'application web [D:\Documents\Cours\J2EE\PROJECT2\apache-tomcat-9.0.14\webapps\ROOT]
21-Mar-2020 19:40:57.828 INFO [main] org.apache.catalina.startup.HostConfig.deployDirectory Le déploiement du répertoire [D:\Documents\Cours\J2EE\PROJECT2\apache-tomcat-9.0.14\webapps\ROOT] de l'application web s'est terminé en [16] ms
21-Mar-2020 19:40:57.834 INFO [main] org.apache.coyote.AbstractProtocol.start Démarrage du gestionnaire de protocole ["http-nio-8080"]
21-Mar-2020 19:40:57.841 INFO [main] org.apache.coyote.AbstractProtocol.start Démarrage du gestionnaire de protocole ["ajp-nio-8009"]
21-Mar-2020 19:40:57.847 INFO [main] org.apache.catalina.startup.Catalina.start Le démarrage du serveur a pris [1 382] millisecondes
21-Mar-2020 19:43:29.582 INFO [http-nio-8080-exec-7] org.apache.catalina.core.StandardContext.reload Le rechargement du contexte [/ProjetJ2EE] a démarré
21-Mar-2020 19:43:29.597 WARNING [http-nio-8080-exec-7] org.apache.catalina.loader.WebappClassLoaderBase.clearReferencesJdbc L'application web [ProjetJ2EE] a enregistré un pilote JDBC [oracle.jdbc.OracleDriver], mais ne l'a pas désenregistré avant l'arrêt de l'application.  Pour éviter une fuite de mémoire, le pilote JDBC a été désenregistré de force.
21-Mar-2020 19:43:29.598 SEVERE [http-nio-8080-exec-7] org.apache.catalina.loader.WebappClassLoaderBase.checkThreadLocalMapForLeaks L'application web [ProjetJ2EE] a crée un ThreadLocal avec une clé de type [java.lang.ThreadLocal] (valeur [java.lang.ThreadLocal@54c7f756]) et une valeur de type [java.lang.Class] (valeur [class oracle.sql.TypeDescriptorFactory]) mais ne l'a pas supprimé lorsqu'elle a été arrêtée, les threads seront graduellement renouvelés pour éviter une probable fuite de mémoire
21-Mar-2020 19:43:29.599 SEVERE [http-nio-8080-exec-7] org.apache.catalina.loader.WebappClassLoaderBase.checkThreadLocalMapForLeaks L'application web [ProjetJ2EE] a crée un ThreadLocal avec une clé de type [java.lang.ThreadLocal] (valeur [java.lang.ThreadLocal@d83505a]) et une valeur de type [java.lang.Class] (valeur [class oracle.sql.AnyDataFactory]) mais ne l'a pas supprimé lorsqu'elle a été arrêtée, les threads seront graduellement renouvelés pour éviter une probable fuite de mémoire
21-Mar-2020 19:43:29.814 INFO [http-nio-8080-exec-7] org.apache.jasper.servlet.TldScanner.scanJars Au moins un fichier JAR a été analysé pour trouver des TLDs mais il n'en contenait pas, le mode "debug" du journal peut être activé pour obtenir une liste complète de JAR scannés sans succès; éviter d'analyser des JARs inutilement peut améliorer sensiblement le temps de démarrage et le temps de compilation des JSPs
21-Mar-2020 19:43:30.027 INFO [http-nio-8080-exec-7] org.apache.catalina.core.StandardContext.reload Le rechargement de ce contexte est terminé
21-Mar-2020 19:59:17.974 INFO [http-nio-8080-exec-18] org.apache.catalina.core.StandardContext.reload Le rechargement du contexte [/ProjetJ2EE] a démarré
21-Mar-2020 19:59:17.989 WARNING [http-nio-8080-exec-18] org.apache.catalina.loader.WebappClassLoaderBase.clearReferencesJdbc L'application web [ProjetJ2EE] a enregistré un pilote JDBC [oracle.jdbc.OracleDriver], mais ne l'a pas désenregistré avant l'arrêt de l'application.  Pour éviter une fuite de mémoire, le pilote JDBC a été désenregistré de force.
21-Mar-2020 19:59:18.191 INFO [http-nio-8080-exec-18] org.apache.jasper.servlet.TldScanner.scanJars Au moins un fichier JAR a été analysé pour trouver des TLDs mais il n'en contenait pas, le mode "debug" du journal peut être activé pour obtenir une liste complète de JAR scannés sans succès; éviter d'analyser des JARs inutilement peut améliorer sensiblement le temps de démarrage et le temps de compilation des JSPs
21-Mar-2020 19:59:18.461 INFO [http-nio-8080-exec-18] org.apache.catalina.core.StandardContext.reload Le rechargement de ce contexte est terminé
21-Mar-2020 19:59:18.770 INFO [http-nio-8080-exec-16] org.apache.catalina.core.StandardContext.reload Le rechargement du contexte [/ProjetJ2EE] a démarré
21-Mar-2020 19:59:18.776 WARNING [http-nio-8080-exec-16] org.apache.catalina.loader.WebappClassLoaderBase.clearReferencesJdbc L'application web [ProjetJ2EE] a enregistré un pilote JDBC [oracle.jdbc.OracleDriver], mais ne l'a pas désenregistré avant l'arrêt de l'application.  Pour éviter une fuite de mémoire, le pilote JDBC a été désenregistré de force.
21-Mar-2020 19:59:18.970 INFO [http-nio-8080-exec-16] org.apache.jasper.servlet.TldScanner.scanJars Au moins un fichier JAR a été analysé pour trouver des TLDs mais il n'en contenait pas, le mode "debug" du journal peut être activé pour obtenir une liste complète de JAR scannés sans succès; éviter d'analyser des JARs inutilement peut améliorer sensiblement le temps de démarrage et le temps de compilation des JSPs
21-Mar-2020 19:59:19.168 INFO [http-nio-8080-exec-16] org.apache.catalina.core.StandardContext.reload Le rechargement de ce contexte est terminé
21-Mar-2020 20:07:12.819 INFO [http-nio-8080-exec-22] org.apache.catalina.core.StandardContext.reload Le rechargement du contexte [/ProjetJ2EE] a démarré
21-Mar-2020 20:07:12.828 WARNING [http-nio-8080-exec-22] org.apache.catalina.loader.WebappClassLoaderBase.clearReferencesJdbc L'application web [ProjetJ2EE] a enregistré un pilote JDBC [oracle.jdbc.OracleDriver], mais ne l'a pas désenregistré avant l'arrêt de l'application.  Pour éviter une fuite de mémoire, le pilote JDBC a été désenregistré de force.
21-Mar-2020 20:07:12.829 SEVERE [http-nio-8080-exec-22] org.apache.catalina.loader.WebappClassLoaderBase.checkThreadLocalMapForLeaks L'application web [ProjetJ2EE] a crée un ThreadLocal avec une clé de type [java.lang.ThreadLocal] (valeur [java.lang.ThreadLocal@6c28b397]) et une valeur de type [java.lang.Class] (valeur [class oracle.sql.TypeDescriptorFactory]) mais ne l'a pas supprimé lorsqu'elle a été arrêtée, les threads seront graduellement renouvelés pour éviter une probable fuite de mémoire
21-Mar-2020 20:07:12.829 SEVERE [http-nio-8080-exec-22] org.apache.catalina.loader.WebappClassLoaderBase.checkThreadLocalMapForLeaks L'application web [ProjetJ2EE] a crée un ThreadLocal avec une clé de type [java.lang.ThreadLocal] (valeur [java.lang.ThreadLocal@36e0b676]) et une valeur de type [java.lang.Class] (valeur [class oracle.sql.AnyDataFactory]) mais ne l'a pas supprimé lorsqu'elle a été arrêtée, les threads seront graduellement renouvelés pour éviter une probable fuite de mémoire
21-Mar-2020 20:07:13.027 INFO [http-nio-8080-exec-22] org.apache.jasper.servlet.TldScanner.scanJars Au moins un fichier JAR a été analysé pour trouver des TLDs mais il n'en contenait pas, le mode "debug" du journal peut être activé pour obtenir une liste complète de JAR scannés sans succès; éviter d'analyser des JARs inutilement peut améliorer sensiblement le temps de démarrage et le temps de compilation des JSPs
21-Mar-2020 20:07:13.271 INFO [http-nio-8080-exec-22] org.apache.catalina.core.StandardContext.reload Le rechargement de ce contexte est terminé
21-Mar-2020 20:07:14.757 INFO [http-nio-8080-exec-23] org.apache.catalina.core.StandardContext.reload Le rechargement du contexte [/ProjetJ2EE] a démarré
21-Mar-2020 20:07:14.761 WARNING [http-nio-8080-exec-23] org.apache.catalina.loader.WebappClassLoaderBase.clearReferencesJdbc L'application web [ProjetJ2EE] a enregistré un pilote JDBC [oracle.jdbc.OracleDriver], mais ne l'a pas désenregistré avant l'arrêt de l'application.  Pour éviter une fuite de mémoire, le pilote JDBC a été désenregistré de force.
21-Mar-2020 20:07:14.952 INFO [http-nio-8080-exec-23] org.apache.jasper.servlet.TldScanner.scanJars Au moins un fichier JAR a été analysé pour trouver des TLDs mais il n'en contenait pas, le mode "debug" du journal peut être activé pour obtenir une liste complète de JAR scannés sans succès; éviter d'analyser des JARs inutilement peut améliorer sensiblement le temps de démarrage et le temps de compilation des JSPs
21-Mar-2020 20:07:15.514 INFO [http-nio-8080-exec-23] org.apache.catalina.core.StandardContext.reload Le rechargement de ce contexte est terminé
21-Mar-2020 20:08:48.284 INFO [main] org.apache.catalina.startup.VersionLoggerListener.log Version du serveur:        Apache Tomcat/9.0.14
21-Mar-2020 20:08:48.287 INFO [main] org.apache.catalina.startup.VersionLoggerListener.log Serveur compilé:        Dec 6 2018 21:13:53 UTC
21-Mar-2020 20:08:48.288 INFO [main] org.apache.catalina.startup.VersionLoggerListener.log Version du serveur:      9.0.14.0
21-Mar-2020 20:08:48.288 INFO [main] org.apache.catalina.startup.VersionLoggerListener.log Nom de l'OS:           Windows 10
21-Mar-2020 20:08:48.288 INFO [main] org.apache.catalina.startup.VersionLoggerListener.log Version de lOS:        {0}
21-Mar-2020 20:08:48.288 INFO [main] org.apache.catalina.startup.VersionLoggerListener.log Architecture:          amd64
21-Mar-2020 20:08:48.289 INFO [main] org.apache.catalina.startup.VersionLoggerListener.log Répertoire de Java:     C:\Program Files\Java\jdk-13.0.1
21-Mar-2020 20:08:48.289 INFO [main] org.apache.catalina.startup.VersionLoggerListener.log Version de la JVM:           13.0.1+9
21-Mar-2020 20:08:48.289 INFO [main] org.apache.catalina.startup.VersionLoggerListener.log Fournisseur de la JVM:            Oracle Corporation
21-Mar-2020 20:08:48.289 INFO [main] org.apache.catalina.startup.VersionLoggerListener.log CATALINA_BASE:         D:\Documents\Cours\J2EE\PROJECT2\apache-tomcat-9.0.14
21-Mar-2020 20:08:48.289 INFO [main] org.apache.catalina.startup.VersionLoggerListener.log CATALINA_HOME:         D:\Documents\Cours\J2EE\PROJECT2\apache-tomcat-9.0.14
21-Mar-2020 20:08:48.290 INFO [main] org.apache.catalina.startup.VersionLoggerListener.log Argument de la ligne de commande: --add-opens=java.base/java.lang=ALL-UNNAMED
21-Mar-2020 20:08:48.290 INFO [main] org.apache.catalina.startup.VersionLoggerListener.log Argument de la ligne de commande: --add-opens=java.base/java.io=ALL-UNNAMED
21-Mar-2020 20:08:48.291 INFO [main] org.apache.catalina.startup.VersionLoggerListener.log Argument de la ligne de commande: --add-opens=java.rmi/sun.rmi.transport=ALL-UNNAMED
21-Mar-2020 20:08:48.291 INFO [main] org.apache.catalina.startup.VersionLoggerListener.log Argument de la ligne de commande: -Djava.util.logging.config.file=D:\Documents\Cours\J2EE\PROJECT2\apache-tomcat-9.0.14\conf\logging.properties
21-Mar-2020 20:08:48.292 INFO [main] org.apache.catalina.startup.VersionLoggerListener.log Argument de la ligne de commande: -Djava.util.logging.manager=org.apache.juli.ClassLoaderLogManager
21-Mar-2020 20:08:48.292 INFO [main] org.apache.catalina.startup.VersionLoggerListener.log Argument de la ligne de commande: -Djdk.tls.ephemeralDHKeySize=2048
21-Mar-2020 20:08:48.292 INFO [main] org.apache.catalina.startup.VersionLoggerListener.log Argument de la ligne de commande: -Djava.protocol.handler.pkgs=org.apache.catalina.webresources
21-Mar-2020 20:08:48.293 INFO [main] org.apache.catalina.startup.VersionLoggerListener.log Argument de la ligne de commande: -Dignore.endorsed.dirs=
21-Mar-2020 20:08:48.293 INFO [main] org.apache.catalina.startup.VersionLoggerListener.log Argument de la ligne de commande: -Dcatalina.base=D:\Documents\Cours\J2EE\PROJECT2\apache-tomcat-9.0.14
21-Mar-2020 20:08:48.293 INFO [main] org.apache.catalina.startup.VersionLoggerListener.log Argument de la ligne de commande: -Dcatalina.home=D:\Documents\Cours\J2EE\PROJECT2\apache-tomcat-9.0.14
21-Mar-2020 20:08:48.294 INFO [main] org.apache.catalina.startup.VersionLoggerListener.log Argument de la ligne de commande: -Djava.io.tmpdir=D:\Documents\Cours\J2EE\PROJECT2\apache-tomcat-9.0.14\temp
21-Mar-2020 20:08:48.294 INFO [main] org.apache.catalina.core.AprLifecycleListener.lifecycleEvent La librairie Apache Tomcat Native basée sur APR qui permet des performances optimales dans les environnements de production n'a pas été trouvée sur le java.library.path: [C:\Program Files\Java\jdk-13.0.1\bin;C:\windows\Sun\Java\bin;C:\windows\system32;C:\windows;D:\Program\Oracle\dbhomeXE\bin;C:\windows\system32;C:\windows;C:\windows\System32\Wbem;C:\windows\System32\WindowsPowerShell\v1.0\;C:\windows\System32\OpenSSH\;C:\Program Files (x86)\Intel\Intel(R) Management Engine Components\DAL;C:\Program Files\Intel\Intel(R) Management Engine Components\DAL;C:\Program Files (x86)\NVIDIA Corporation\PhysX\Common;C:\Program Files\NVIDIA Corporation\NVIDIA NvDLISR;D:\Program\Git\cmd;C:\Program Files\Intel\WiFi\bin\;C:\Program Files\Common Files\Intel\WirelessCommon\;C:\Program Files\dotnet\;C:\Users\vadgo\AppData\Local\Microsoft\WindowsApps;;D:\Program Files (x86)\Microsoft VS Code\bin;.]
21-Mar-2020 20:08:48.334 INFO [main] org.apache.coyote.AbstractProtocol.init Initialisation du gestionnaire de protocole ["http-nio-8080"]
21-Mar-2020 20:08:48.832 INFO [main] org.apache.coyote.AbstractProtocol.init Initialisation du gestionnaire de protocole ["ajp-nio-8009"]
21-Mar-2020 20:08:48.836 INFO [main] org.apache.catalina.startup.Catalina.load L'initialisation du serveur a pris [861] millisecondes
21-Mar-2020 20:08:48.869 INFO [main] org.apache.catalina.core.StandardService.startInternal Démarrage du service [Catalina]
21-Mar-2020 20:08:48.869 INFO [main] org.apache.catalina.core.StandardEngine.startInternal Démarrage du moteur de Servlets: [Apache Tomcat/9.0.14]
21-Mar-2020 20:08:48.876 INFO [main] org.apache.catalina.startup.HostConfig.deployDirectory Déploiement du répertoire d'application web [D:\Documents\Cours\J2EE\PROJECT2\apache-tomcat-9.0.14\webapps\docs]
21-Mar-2020 20:08:49.329 WARNING [main] org.apache.catalina.util.SessionIdGeneratorBase.createSecureRandom La création de l'instance de SecureRandom pour le générateur d'id de session en utilisant [SHA1PRNG] a pris [247] millisecondes
21-Mar-2020 20:08:49.344 INFO [main] org.apache.catalina.startup.HostConfig.deployDirectory Le déploiement du répertoire [D:\Documents\Cours\J2EE\PROJECT2\apache-tomcat-9.0.14\webapps\docs] de l'application web s'est terminé en [468] ms
21-Mar-2020 20:08:49.345 INFO [main] org.apache.catalina.startup.HostConfig.deployDirectory Déploiement du répertoire d'application web [D:\Documents\Cours\J2EE\PROJECT2\apache-tomcat-9.0.14\webapps\examples]
21-Mar-2020 20:08:49.627 INFO [main] org.apache.catalina.startup.HostConfig.deployDirectory Le déploiement du répertoire [D:\Documents\Cours\J2EE\PROJECT2\apache-tomcat-9.0.14\webapps\examples] de l'application web s'est terminé en [283] ms
21-Mar-2020 20:08:49.627 INFO [main] org.apache.catalina.startup.HostConfig.deployDirectory Déploiement du répertoire d'application web [D:\Documents\Cours\J2EE\PROJECT2\apache-tomcat-9.0.14\webapps\host-manager]
21-Mar-2020 20:08:49.653 INFO [main] org.apache.catalina.startup.HostConfig.deployDirectory Le déploiement du répertoire [D:\Documents\Cours\J2EE\PROJECT2\apache-tomcat-9.0.14\webapps\host-manager] de l'application web s'est terminé en [26] ms
21-Mar-2020 20:08:49.653 INFO [main] org.apache.catalina.startup.HostConfig.deployDirectory Déploiement du répertoire d'application web [D:\Documents\Cours\J2EE\PROJECT2\apache-tomcat-9.0.14\webapps\manager]
21-Mar-2020 20:08:49.674 INFO [main] org.apache.catalina.startup.HostConfig.deployDirectory Le déploiement du répertoire [D:\Documents\Cours\J2EE\PROJECT2\apache-tomcat-9.0.14\webapps\manager] de l'application web s'est terminé en [21] ms
21-Mar-2020 20:08:49.675 INFO [main] org.apache.catalina.startup.HostConfig.deployDirectory Déploiement du répertoire d'application web [D:\Documents\Cours\J2EE\PROJECT2\apache-tomcat-9.0.14\webapps\ProjetJ2EE]
21-Mar-2020 20:08:49.905 INFO [main] org.apache.jasper.servlet.TldScanner.scanJars Au moins un fichier JAR a été analysé pour trouver des TLDs mais il n'en contenait pas, le mode "debug" du journal peut être activé pour obtenir une liste complète de JAR scannés sans succès; éviter d'analyser des JARs inutilement peut améliorer sensiblement le temps de démarrage et le temps de compilation des JSPs
21-Mar-2020 20:08:50.120 INFO [main] org.apache.catalina.startup.HostConfig.deployDirectory Le déploiement du répertoire [D:\Documents\Cours\J2EE\PROJECT2\apache-tomcat-9.0.14\webapps\ProjetJ2EE] de l'application web s'est terminé en [445] ms
21-Mar-2020 20:08:50.120 INFO [main] org.apache.catalina.startup.HostConfig.deployDirectory Déploiement du répertoire d'application web [D:\Documents\Cours\J2EE\PROJECT2\apache-tomcat-9.0.14\webapps\ROOT]
21-Mar-2020 20:08:50.136 INFO [main] org.apache.catalina.startup.HostConfig.deployDirectory Le déploiement du répertoire [D:\Documents\Cours\J2EE\PROJECT2\apache-tomcat-9.0.14\webapps\ROOT] de l'application web s'est terminé en [16] ms
21-Mar-2020 20:08:50.140 INFO [main] org.apache.coyote.AbstractProtocol.start Démarrage du gestionnaire de protocole ["http-nio-8080"]
21-Mar-2020 20:08:50.147 INFO [main] org.apache.coyote.AbstractProtocol.start Démarrage du gestionnaire de protocole ["ajp-nio-8009"]
21-Mar-2020 20:08:50.151 INFO [main] org.apache.catalina.startup.Catalina.start Le démarrage du serveur a pris [1 314] millisecondes
21-Mar-2020 20:09:04.806 INFO [http-nio-8080-exec-4] org.apache.catalina.core.StandardContext.reload Le rechargement du contexte [/ProjetJ2EE] a démarré
21-Mar-2020 20:09:04.815 WARNING [http-nio-8080-exec-4] org.apache.catalina.loader.WebappClassLoaderBase.clearReferencesJdbc L'application web [ProjetJ2EE] a enregistré un pilote JDBC [oracle.jdbc.OracleDriver], mais ne l'a pas désenregistré avant l'arrêt de l'application.  Pour éviter une fuite de mémoire, le pilote JDBC a été désenregistré de force.
21-Mar-2020 20:09:04.816 SEVERE [http-nio-8080-exec-4] org.apache.catalina.loader.WebappClassLoaderBase.checkThreadLocalMapForLeaks L'application web [ProjetJ2EE] a crée un ThreadLocal avec une clé de type [java.lang.ThreadLocal] (valeur [java.lang.ThreadLocal@11c3ea28]) et une valeur de type [java.lang.Class] (valeur [class oracle.sql.TypeDescriptorFactory]) mais ne l'a pas supprimé lorsqu'elle a été arrêtée, les threads seront graduellement renouvelés pour éviter une probable fuite de mémoire
21-Mar-2020 20:09:04.817 SEVERE [http-nio-8080-exec-4] org.apache.catalina.loader.WebappClassLoaderBase.checkThreadLocalMapForLeaks L'application web [ProjetJ2EE] a crée un ThreadLocal avec une clé de type [java.lang.ThreadLocal] (valeur [java.lang.ThreadLocal@5dd514b0]) et une valeur de type [java.lang.Class] (valeur [class oracle.sql.AnyDataFactory]) mais ne l'a pas supprimé lorsqu'elle a été arrêtée, les threads seront graduellement renouvelés pour éviter une probable fuite de mémoire
21-Mar-2020 20:09:05.025 INFO [http-nio-8080-exec-4] org.apache.jasper.servlet.TldScanner.scanJars Au moins un fichier JAR a été analysé pour trouver des TLDs mais il n'en contenait pas, le mode "debug" du journal peut être activé pour obtenir une liste complète de JAR scannés sans succès; éviter d'analyser des JARs inutilement peut améliorer sensiblement le temps de démarrage et le temps de compilation des JSPs
21-Mar-2020 20:09:05.214 INFO [http-nio-8080-exec-4] org.apache.catalina.core.StandardContext.reload Le rechargement de ce contexte est terminé
21-Mar-2020 20:10:15.921 INFO [http-nio-8080-exec-11] org.apache.catalina.core.StandardContext.reload Le rechargement du contexte [/ProjetJ2EE] a démarré
21-Mar-2020 20:10:15.941 WARNING [http-nio-8080-exec-11] org.apache.catalina.loader.WebappClassLoaderBase.clearReferencesJdbc L'application web [ProjetJ2EE] a enregistré un pilote JDBC [oracle.jdbc.OracleDriver], mais ne l'a pas désenregistré avant l'arrêt de l'application.  Pour éviter une fuite de mémoire, le pilote JDBC a été désenregistré de force.
21-Mar-2020 20:10:16.150 INFO [http-nio-8080-exec-11] org.apache.jasper.servlet.TldScanner.scanJars Au moins un fichier JAR a été analysé pour trouver des TLDs mais il n'en contenait pas, le mode "debug" du journal peut être activé pour obtenir une liste complète de JAR scannés sans succès; éviter d'analyser des JARs inutilement peut améliorer sensiblement le temps de démarrage et le temps de compilation des JSPs
21-Mar-2020 20:10:16.392 INFO [http-nio-8080-exec-11] org.apache.catalina.core.StandardContext.reload Le rechargement de ce contexte est terminé
21-Mar-2020 20:10:16.529 INFO [http-nio-8080-exec-8] org.apache.catalina.core.StandardContext.reload Le rechargement du contexte [/ProjetJ2EE] a démarré
21-Mar-2020 20:10:16.535 WARNING [http-nio-8080-exec-8] org.apache.catalina.loader.WebappClassLoaderBase.clearReferencesJdbc L'application web [ProjetJ2EE] a enregistré un pilote JDBC [oracle.jdbc.OracleDriver], mais ne l'a pas désenregistré avant l'arrêt de l'application.  Pour éviter une fuite de mémoire, le pilote JDBC a été désenregistré de force.
21-Mar-2020 20:10:16.727 INFO [http-nio-8080-exec-8] org.apache.jasper.servlet.TldScanner.scanJars Au moins un fichier JAR a été analysé pour trouver des TLDs mais il n'en contenait pas, le mode "debug" du journal peut être activé pour obtenir une liste complète de JAR scannés sans succès; éviter d'analyser des JARs inutilement peut améliorer sensiblement le temps de démarrage et le temps de compilation des JSPs
21-Mar-2020 20:10:16.901 INFO [http-nio-8080-exec-8] org.apache.catalina.core.StandardContext.reload Le rechargement de ce contexte est terminé
21-Mar-2020 20:10:17.138 INFO [http-nio-8080-exec-3] org.apache.catalina.core.StandardContext.reload Le rechargement du contexte [/ProjetJ2EE] a démarré
21-Mar-2020 20:10:17.145 WARNING [http-nio-8080-exec-3] org.apache.catalina.loader.WebappClassLoaderBase.clearReferencesJdbc L'application web [ProjetJ2EE] a enregistré un pilote JDBC [oracle.jdbc.OracleDriver], mais ne l'a pas désenregistré avant l'arrêt de l'application.  Pour éviter une fuite de mémoire, le pilote JDBC a été désenregistré de force.
21-Mar-2020 20:10:17.146 SEVERE [http-nio-8080-exec-3] org.apache.catalina.loader.WebappClassLoaderBase.checkThreadLocalMapForLeaks L'application web [ProjetJ2EE] a crée un ThreadLocal avec une clé de type [java.lang.ThreadLocal] (valeur [java.lang.ThreadLocal@5430026e]) et une valeur de type [java.lang.Class] (valeur [class oracle.sql.AnyDataFactory]) mais ne l'a pas supprimé lorsqu'elle a été arrêtée, les threads seront graduellement renouvelés pour éviter une probable fuite de mémoire
21-Mar-2020 20:10:17.146 SEVERE [http-nio-8080-exec-3] org.apache.catalina.loader.WebappClassLoaderBase.checkThreadLocalMapForLeaks L'application web [ProjetJ2EE] a crée un ThreadLocal avec une clé de type [java.lang.ThreadLocal] (valeur [java.lang.ThreadLocal@6d49ddf2]) et une valeur de type [java.lang.Class] (valeur [class oracle.sql.TypeDescriptorFactory]) mais ne l'a pas supprimé lorsqu'elle a été arrêtée, les threads seront graduellement renouvelés pour éviter une probable fuite de mémoire
21-Mar-2020 20:10:17.346 INFO [http-nio-8080-exec-3] org.apache.jasper.servlet.TldScanner.scanJars Au moins un fichier JAR a été analysé pour trouver des TLDs mais il n'en contenait pas, le mode "debug" du journal peut être activé pour obtenir une liste complète de JAR scannés sans succès; éviter d'analyser des JARs inutilement peut améliorer sensiblement le temps de démarrage et le temps de compilation des JSPs
21-Mar-2020 20:10:17.518 INFO [http-nio-8080-exec-3] org.apache.catalina.core.StandardContext.reload Le rechargement de ce contexte est terminé
21-Mar-2020 20:10:17.744 INFO [http-nio-8080-exec-7] org.apache.catalina.core.StandardContext.reload Le rechargement du contexte [/ProjetJ2EE] a démarré
21-Mar-2020 20:10:17.750 WARNING [http-nio-8080-exec-7] org.apache.catalina.loader.WebappClassLoaderBase.clearReferencesJdbc L'application web [ProjetJ2EE] a enregistré un pilote JDBC [oracle.jdbc.OracleDriver], mais ne l'a pas désenregistré avant l'arrêt de l'application.  Pour éviter une fuite de mémoire, le pilote JDBC a été désenregistré de force.
21-Mar-2020 20:10:17.973 INFO [http-nio-8080-exec-7] org.apache.jasper.servlet.TldScanner.scanJars Au moins un fichier JAR a été analysé pour trouver des TLDs mais il n'en contenait pas, le mode "debug" du journal peut être activé pour obtenir une liste complète de JAR scannés sans succès; éviter d'analyser des JARs inutilement peut améliorer sensiblement le temps de démarrage et le temps de compilation des JSPs
21-Mar-2020 20:10:18.245 INFO [http-nio-8080-exec-7] org.apache.catalina.core.StandardContext.reload Le rechargement de ce contexte est terminé
21-Mar-2020 20:13:18.259 INFO [http-nio-8080-exec-18] org.apache.catalina.core.StandardContext.reload Le rechargement du contexte [/ProjetJ2EE] a démarré
21-Mar-2020 20:13:18.266 WARNING [http-nio-8080-exec-18] org.apache.catalina.loader.WebappClassLoaderBase.clearReferencesJdbc L'application web [ProjetJ2EE] a enregistré un pilote JDBC [oracle.jdbc.OracleDriver], mais ne l'a pas désenregistré avant l'arrêt de l'application.  Pour éviter une fuite de mémoire, le pilote JDBC a été désenregistré de force.
21-Mar-2020 20:13:18.267 SEVERE [http-nio-8080-exec-18] org.apache.catalina.loader.WebappClassLoaderBase.checkThreadLocalMapForLeaks L'application web [ProjetJ2EE] a crée un ThreadLocal avec une clé de type [java.lang.ThreadLocal] (valeur [java.lang.ThreadLocal@63469e39]) et une valeur de type [java.lang.Class] (valeur [class oracle.sql.AnyDataFactory]) mais ne l'a pas supprimé lorsqu'elle a été arrêtée, les threads seront graduellement renouvelés pour éviter une probable fuite de mémoire
21-Mar-2020 20:13:18.267 SEVERE [http-nio-8080-exec-18] org.apache.catalina.loader.WebappClassLoaderBase.checkThreadLocalMapForLeaks L'application web [ProjetJ2EE] a crée un ThreadLocal avec une clé de type [java.lang.ThreadLocal] (valeur [java.lang.ThreadLocal@7b086eda]) et une valeur de type [java.lang.Class] (valeur [class oracle.sql.TypeDescriptorFactory]) mais ne l'a pas supprimé lorsqu'elle a été arrêtée, les threads seront graduellement renouvelés pour éviter une probable fuite de mémoire
21-Mar-2020 20:13:18.457 INFO [http-nio-8080-exec-18] org.apache.jasper.servlet.TldScanner.scanJars Au moins un fichier JAR a été analysé pour trouver des TLDs mais il n'en contenait pas, le mode "debug" du journal peut être activé pour obtenir une liste complète de JAR scannés sans succès; éviter d'analyser des JARs inutilement peut améliorer sensiblement le temps de démarrage et le temps de compilation des JSPs
21-Mar-2020 20:13:18.828 INFO [http-nio-8080-exec-18] org.apache.catalina.core.StandardContext.reload Le rechargement de ce contexte est terminé
21-Mar-2020 20:16:44.813 INFO [http-nio-8080-exec-26] org.apache.catalina.core.StandardContext.reload Le rechargement du contexte [/ProjetJ2EE] a démarré
21-Mar-2020 20:16:44.823 WARNING [http-nio-8080-exec-26] org.apache.catalina.loader.WebappClassLoaderBase.clearReferencesJdbc L'application web [ProjetJ2EE] a enregistré un pilote JDBC [oracle.jdbc.OracleDriver], mais ne l'a pas désenregistré avant l'arrêt de l'application.  Pour éviter une fuite de mémoire, le pilote JDBC a été désenregistré de force.
21-Mar-2020 20:16:45.008 INFO [http-nio-8080-exec-26] org.apache.jasper.servlet.TldScanner.scanJars Au moins un fichier JAR a été analysé pour trouver des TLDs mais il n'en contenait pas, le mode "debug" du journal peut être activé pour obtenir une liste complète de JAR scannés sans succès; éviter d'analyser des JARs inutilement peut améliorer sensiblement le temps de démarrage et le temps de compilation des JSPs
21-Mar-2020 20:16:45.188 INFO [http-nio-8080-exec-26] org.apache.catalina.core.StandardContext.reload Le rechargement de ce contexte est terminé
21-Mar-2020 20:16:47.221 WARNING [http-nio-8080-exec-30] org.apache.catalina.loader.WebappClassLoaderBase.clearReferencesJdbc L'application web [ProjetJ2EE] a enregistré un pilote JDBC [oracle.jdbc.OracleDriver], mais ne l'a pas désenregistré avant l'arrêt de l'application.  Pour éviter une fuite de mémoire, le pilote JDBC a été désenregistré de force.
21-Mar-2020 20:16:48.337 INFO [http-nio-8080-exec-21] org.apache.jasper.servlet.TldScanner.scanJars Au moins un fichier JAR a été analysé pour trouver des TLDs mais il n'en contenait pas, le mode "debug" du journal peut être activé pour obtenir une liste complète de JAR scannés sans succès; éviter d'analyser des JARs inutilement peut améliorer sensiblement le temps de démarrage et le temps de compilation des JSPs
21-Mar-2020 20:16:49.246 INFO [http-nio-8080-exec-25] org.apache.catalina.core.StandardContext.reload Le rechargement du contexte [/ProjetJ2EE] a démarré
21-Mar-2020 20:16:49.253 WARNING [http-nio-8080-exec-25] org.apache.catalina.loader.WebappClassLoaderBase.clearReferencesJdbc L'application web [ProjetJ2EE] a enregistré un pilote JDBC [oracle.jdbc.OracleDriver], mais ne l'a pas désenregistré avant l'arrêt de l'application.  Pour éviter une fuite de mémoire, le pilote JDBC a été désenregistré de force.
21-Mar-2020 20:16:49.448 INFO [http-nio-8080-exec-25] org.apache.jasper.servlet.TldScanner.scanJars Au moins un fichier JAR a été analysé pour trouver des TLDs mais il n'en contenait pas, le mode "debug" du journal peut être activé pour obtenir une liste complète de JAR scannés sans succès; éviter d'analyser des JARs inutilement peut améliorer sensiblement le temps de démarrage et le temps de compilation des JSPs
21-Mar-2020 20:16:50.515 INFO [http-nio-8080-exec-25] org.apache.catalina.core.StandardContext.reload Le rechargement de ce contexte est terminé
21-Mar-2020 20:19:48.412 INFO [http-nio-8080-exec-37] org.apache.catalina.core.StandardContext.reload Le rechargement du contexte [/ProjetJ2EE] a démarré
21-Mar-2020 20:19:48.420 WARNING [http-nio-8080-exec-37] org.apache.catalina.loader.WebappClassLoaderBase.clearReferencesJdbc L'application web [ProjetJ2EE] a enregistré un pilote JDBC [oracle.jdbc.OracleDriver], mais ne l'a pas désenregistré avant l'arrêt de l'application.  Pour éviter une fuite de mémoire, le pilote JDBC a été désenregistré de force.
21-Mar-2020 20:19:48.604 INFO [http-nio-8080-exec-37] org.apache.jasper.servlet.TldScanner.scanJars Au moins un fichier JAR a été analysé pour trouver des TLDs mais il n'en contenait pas, le mode "debug" du journal peut être activé pour obtenir une liste complète de JAR scannés sans succès; éviter d'analyser des JARs inutilement peut améliorer sensiblement le temps de démarrage et le temps de compilation des JSPs
21-Mar-2020 20:19:48.797 INFO [http-nio-8080-exec-37] org.apache.catalina.core.StandardContext.reload Le rechargement de ce contexte est terminé
21-Mar-2020 23:28:10.126 INFO [main] org.apache.catalina.startup.VersionLoggerListener.log Version du serveur:        Apache Tomcat/9.0.14
21-Mar-2020 23:28:10.129 INFO [main] org.apache.catalina.startup.VersionLoggerListener.log Serveur compilé:        Dec 6 2018 21:13:53 UTC
21-Mar-2020 23:28:10.130 INFO [main] org.apache.catalina.startup.VersionLoggerListener.log Version du serveur:      9.0.14.0
21-Mar-2020 23:28:10.130 INFO [main] org.apache.catalina.startup.VersionLoggerListener.log Nom de l'OS:           Windows 10
21-Mar-2020 23:28:10.130 INFO [main] org.apache.catalina.startup.VersionLoggerListener.log Version de lOS:        {0}
21-Mar-2020 23:28:10.130 INFO [main] org.apache.catalina.startup.VersionLoggerListener.log Architecture:          amd64
21-Mar-2020 23:28:10.131 INFO [main] org.apache.catalina.startup.VersionLoggerListener.log Répertoire de Java:     C:\Program Files\Java\jdk-13.0.1
21-Mar-2020 23:28:10.131 INFO [main] org.apache.catalina.startup.VersionLoggerListener.log Version de la JVM:           13.0.1+9
21-Mar-2020 23:28:10.131 INFO [main] org.apache.catalina.startup.VersionLoggerListener.log Fournisseur de la JVM:            Oracle Corporation
21-Mar-2020 23:28:10.131 INFO [main] org.apache.catalina.startup.VersionLoggerListener.log CATALINA_BASE:         D:\Documents\Cours\J2EE\PROJECT2\apache-tomcat-9.0.14
21-Mar-2020 23:28:10.131 INFO [main] org.apache.catalina.startup.VersionLoggerListener.log CATALINA_HOME:         D:\Documents\Cours\J2EE\PROJECT2\apache-tomcat-9.0.14
21-Mar-2020 23:28:10.132 INFO [main] org.apache.catalina.startup.VersionLoggerListener.log Argument de la ligne de commande: --add-opens=java.base/java.lang=ALL-UNNAMED
21-Mar-2020 23:28:10.132 INFO [main] org.apache.catalina.startup.VersionLoggerListener.log Argument de la ligne de commande: --add-opens=java.base/java.io=ALL-UNNAMED
21-Mar-2020 23:28:10.132 INFO [main] org.apache.catalina.startup.VersionLoggerListener.log Argument de la ligne de commande: --add-opens=java.rmi/sun.rmi.transport=ALL-UNNAMED
21-Mar-2020 23:28:10.133 INFO [main] org.apache.catalina.startup.VersionLoggerListener.log Argument de la ligne de commande: -Djava.util.logging.config.file=D:\Documents\Cours\J2EE\PROJECT2\apache-tomcat-9.0.14\conf\logging.properties
21-Mar-2020 23:28:10.133 INFO [main] org.apache.catalina.startup.VersionLoggerListener.log Argument de la ligne de commande: -Djava.util.logging.manager=org.apache.juli.ClassLoaderLogManager
21-Mar-2020 23:28:10.134 INFO [main] org.apache.catalina.startup.VersionLoggerListener.log Argument de la ligne de commande: -Djdk.tls.ephemeralDHKeySize=2048
21-Mar-2020 23:28:10.134 INFO [main] org.apache.catalina.startup.VersionLoggerListener.log Argument de la ligne de commande: -Djava.protocol.handler.pkgs=org.apache.catalina.webresources
21-Mar-2020 23:28:10.134 INFO [main] org.apache.catalina.startup.VersionLoggerListener.log Argument de la ligne de commande: -Dignore.endorsed.dirs=
21-Mar-2020 23:28:10.134 INFO [main] org.apache.catalina.startup.VersionLoggerListener.log Argument de la ligne de commande: -Dcatalina.base=D:\Documents\Cours\J2EE\PROJECT2\apache-tomcat-9.0.14
21-Mar-2020 23:28:10.135 INFO [main] org.apache.catalina.startup.VersionLoggerListener.log Argument de la ligne de commande: -Dcatalina.home=D:\Documents\Cours\J2EE\PROJECT2\apache-tomcat-9.0.14
21-Mar-2020 23:28:10.135 INFO [main] org.apache.catalina.startup.VersionLoggerListener.log Argument de la ligne de commande: -Djava.io.tmpdir=D:\Documents\Cours\J2EE\PROJECT2\apache-tomcat-9.0.14\temp
21-Mar-2020 23:28:10.135 INFO [main] org.apache.catalina.core.AprLifecycleListener.lifecycleEvent La librairie Apache Tomcat Native basée sur APR qui permet des performances optimales dans les environnements de production n'a pas été trouvée sur le java.library.path: [C:\Program Files\Java\jdk-13.0.1\bin;C:\windows\Sun\Java\bin;C:\windows\system32;C:\windows;D:\Program\Oracle\dbhomeXE\bin;C:\windows\system32;C:\windows;C:\windows\System32\Wbem;C:\windows\System32\WindowsPowerShell\v1.0\;C:\windows\System32\OpenSSH\;C:\Program Files (x86)\Intel\Intel(R) Management Engine Components\DAL;C:\Program Files\Intel\Intel(R) Management Engine Components\DAL;C:\Program Files (x86)\NVIDIA Corporation\PhysX\Common;C:\Program Files\NVIDIA Corporation\NVIDIA NvDLISR;D:\Program\Git\cmd;C:\Program Files\Intel\WiFi\bin\;C:\Program Files\Common Files\Intel\WirelessCommon\;C:\Program Files\dotnet\;C:\Users\vadgo\AppData\Local\Microsoft\WindowsApps;;D:\Program Files (x86)\Microsoft VS Code\bin;.]
21-Mar-2020 23:28:10.185 INFO [main] org.apache.coyote.AbstractProtocol.init Initialisation du gestionnaire de protocole ["http-nio-8080"]
21-Mar-2020 23:28:10.817 INFO [main] org.apache.coyote.AbstractProtocol.init Initialisation du gestionnaire de protocole ["ajp-nio-8009"]
21-Mar-2020 23:28:10.820 INFO [main] org.apache.catalina.startup.Catalina.load L'initialisation du serveur a pris [988] millisecondes
21-Mar-2020 23:28:10.851 INFO [main] org.apache.catalina.core.StandardService.startInternal Démarrage du service [Catalina]
21-Mar-2020 23:28:10.851 INFO [main] org.apache.catalina.core.StandardEngine.startInternal Démarrage du moteur de Servlets: [Apache Tomcat/9.0.14]
21-Mar-2020 23:28:10.857 INFO [main] org.apache.catalina.startup.HostConfig.deployDirectory Déploiement du répertoire d'application web [D:\Documents\Cours\J2EE\PROJECT2\apache-tomcat-9.0.14\webapps\docs]
21-Mar-2020 23:28:11.329 WARNING [main] org.apache.catalina.util.SessionIdGeneratorBase.createSecureRandom La création de l'instance de SecureRandom pour le générateur d'id de session en utilisant [SHA1PRNG] a pris [241] millisecondes
21-Mar-2020 23:28:11.346 INFO [main] org.apache.catalina.startup.HostConfig.deployDirectory Le déploiement du répertoire [D:\Documents\Cours\J2EE\PROJECT2\apache-tomcat-9.0.14\webapps\docs] de l'application web s'est terminé en [488] ms
21-Mar-2020 23:28:11.346 INFO [main] org.apache.catalina.startup.HostConfig.deployDirectory Déploiement du répertoire d'application web [D:\Documents\Cours\J2EE\PROJECT2\apache-tomcat-9.0.14\webapps\examples]
21-Mar-2020 23:28:11.782 INFO [main] org.apache.catalina.startup.HostConfig.deployDirectory Le déploiement du répertoire [D:\Documents\Cours\J2EE\PROJECT2\apache-tomcat-9.0.14\webapps\examples] de l'application web s'est terminé en [435] ms
21-Mar-2020 23:28:11.783 INFO [main] org.apache.catalina.startup.HostConfig.deployDirectory Déploiement du répertoire d'application web [D:\Documents\Cours\J2EE\PROJECT2\apache-tomcat-9.0.14\webapps\host-manager]
21-Mar-2020 23:28:11.826 INFO [main] org.apache.catalina.startup.HostConfig.deployDirectory Le déploiement du répertoire [D:\Documents\Cours\J2EE\PROJECT2\apache-tomcat-9.0.14\webapps\host-manager] de l'application web s'est terminé en [42] ms
21-Mar-2020 23:28:11.826 INFO [main] org.apache.catalina.startup.HostConfig.deployDirectory Déploiement du répertoire d'application web [D:\Documents\Cours\J2EE\PROJECT2\apache-tomcat-9.0.14\webapps\manager]
21-Mar-2020 23:28:11.863 INFO [main] org.apache.catalina.startup.HostConfig.deployDirectory Le déploiement du répertoire [D:\Documents\Cours\J2EE\PROJECT2\apache-tomcat-9.0.14\webapps\manager] de l'application web s'est terminé en [37] ms
21-Mar-2020 23:28:11.864 INFO [main] org.apache.catalina.startup.HostConfig.deployDirectory Déploiement du répertoire d'application web [D:\Documents\Cours\J2EE\PROJECT2\apache-tomcat-9.0.14\webapps\ProjetJ2EE]
21-Mar-2020 23:28:12.206 INFO [main] org.apache.jasper.servlet.TldScanner.scanJars Au moins un fichier JAR a été analysé pour trouver des TLDs mais il n'en contenait pas, le mode "debug" du journal peut être activé pour obtenir une liste complète de JAR scannés sans succès; éviter d'analyser des JARs inutilement peut améliorer sensiblement le temps de démarrage et le temps de compilation des JSPs
21-Mar-2020 23:28:12.478 INFO [main] org.apache.catalina.startup.HostConfig.deployDirectory Le déploiement du répertoire [D:\Documents\Cours\J2EE\PROJECT2\apache-tomcat-9.0.14\webapps\ProjetJ2EE] de l'application web s'est terminé en [614] ms
21-Mar-2020 23:28:12.479 INFO [main] org.apache.catalina.startup.HostConfig.deployDirectory Déploiement du répertoire d'application web [D:\Documents\Cours\J2EE\PROJECT2\apache-tomcat-9.0.14\webapps\ROOT]
21-Mar-2020 23:28:12.496 INFO [main] org.apache.catalina.startup.HostConfig.deployDirectory Le déploiement du répertoire [D:\Documents\Cours\J2EE\PROJECT2\apache-tomcat-9.0.14\webapps\ROOT] de l'application web s'est terminé en [17] ms
21-Mar-2020 23:28:12.500 INFO [main] org.apache.coyote.AbstractProtocol.start Démarrage du gestionnaire de protocole ["http-nio-8080"]
21-Mar-2020 23:28:12.507 INFO [main] org.apache.coyote.AbstractProtocol.start Démarrage du gestionnaire de protocole ["ajp-nio-8009"]
21-Mar-2020 23:28:12.512 INFO [main] org.apache.catalina.startup.Catalina.start Le démarrage du serveur a pris [1 692] millisecondes
21-Mar-2020 23:31:08.106 INFO [http-nio-8080-exec-7] org.apache.catalina.core.StandardContext.reload Le rechargement du contexte [/ProjetJ2EE] a démarré
21-Mar-2020 23:31:08.130 WARNING [http-nio-8080-exec-7] org.apache.catalina.loader.WebappClassLoaderBase.clearReferencesJdbc L'application web [ProjetJ2EE] a enregistré un pilote JDBC [oracle.jdbc.OracleDriver], mais ne l'a pas désenregistré avant l'arrêt de l'application.  Pour éviter une fuite de mémoire, le pilote JDBC a été désenregistré de force.
21-Mar-2020 23:31:08.132 SEVERE [http-nio-8080-exec-7] org.apache.catalina.loader.WebappClassLoaderBase.checkThreadLocalMapForLeaks L'application web [ProjetJ2EE] a crée un ThreadLocal avec une clé de type [java.lang.ThreadLocal] (valeur [java.lang.ThreadLocal@29661f15]) et une valeur de type [java.lang.Class] (valeur [class oracle.sql.TypeDescriptorFactory]) mais ne l'a pas supprimé lorsqu'elle a été arrêtée, les threads seront graduellement renouvelés pour éviter une probable fuite de mémoire
21-Mar-2020 23:31:08.134 SEVERE [http-nio-8080-exec-7] org.apache.catalina.loader.WebappClassLoaderBase.checkThreadLocalMapForLeaks L'application web [ProjetJ2EE] a crée un ThreadLocal avec une clé de type [java.lang.ThreadLocal] (valeur [java.lang.ThreadLocal@29da462e]) et une valeur de type [java.lang.Class] (valeur [class oracle.sql.AnyDataFactory]) mais ne l'a pas supprimé lorsqu'elle a été arrêtée, les threads seront graduellement renouvelés pour éviter une probable fuite de mémoire
21-Mar-2020 23:31:08.350 INFO [http-nio-8080-exec-7] org.apache.jasper.servlet.TldScanner.scanJars Au moins un fichier JAR a été analysé pour trouver des TLDs mais il n'en contenait pas, le mode "debug" du journal peut être activé pour obtenir une liste complète de JAR scannés sans succès; éviter d'analyser des JARs inutilement peut améliorer sensiblement le temps de démarrage et le temps de compilation des JSPs
21-Mar-2020 23:31:08.534 INFO [http-nio-8080-exec-7] org.apache.catalina.core.StandardContext.reload Le rechargement de ce contexte est terminé
