21-Mar-2020 16:33:34.707 INFO [http-nio-8080-exec-1] org.apache.catalina.core.ApplicationContext.log HTMLManager: init: Associated with Deployer 'Catalina:type=Deployer,host=localhost'
21-Mar-2020 16:33:34.707 INFO [http-nio-8080-exec-1] org.apache.catalina.core.ApplicationContext.log HTMLManager: init: Global resources are available
21-Mar-2020 16:33:34.719 INFO [http-nio-8080-exec-1] org.apache.catalina.core.ApplicationContext.log HTMLManager: list: Listing contexts for virtual host 'localhost'
21-Mar-2020 16:33:42.044 INFO [http-nio-8080-exec-5] org.apache.catalina.core.ApplicationContext.log HTMLManager: restart: Reloading web application '/ProjetJ2EE'
21-Mar-2020 16:33:42.473 INFO [http-nio-8080-exec-5] org.apache.catalina.core.ApplicationContext.log HTMLManager: list: Listing contexts for virtual host 'localhost'
21-Mar-2020 16:59:43.932 INFO [http-nio-8080-exec-12] org.apache.catalina.core.ApplicationContext.log HTMLManager: restart: Reloading web application '/ProjetJ2EE'
21-Mar-2020 16:59:44.371 INFO [http-nio-8080-exec-12] org.apache.catalina.core.ApplicationContext.log HTMLManager: list: Listing contexts for virtual host 'localhost'
21-Mar-2020 16:59:44.673 INFO [http-nio-8080-exec-19] org.apache.catalina.core.ApplicationContext.log HTMLManager: restart: Reloading web application '/ProjetJ2EE'
21-Mar-2020 16:59:45.072 INFO [http-nio-8080-exec-19] org.apache.catalina.core.ApplicationContext.log HTMLManager: list: Listing contexts for virtual host 'localhost'
21-Mar-2020 17:07:49.092 INFO [http-nio-8080-exec-23] org.apache.catalina.core.ApplicationContext.log HTMLManager: restart: Reloading web application '/ProjetJ2EE'
21-Mar-2020 17:07:49.573 INFO [http-nio-8080-exec-23] org.apache.catalina.core.ApplicationContext.log HTMLManager: list: Listing contexts for virtual host 'localhost'
21-Mar-2020 17:08:44.116 INFO [http-nio-8080-exec-22] org.apache.catalina.core.ApplicationContext.log HTMLManager: restart: Reloading web application '/ProjetJ2EE'
21-Mar-2020 17:08:44.497 INFO [http-nio-8080-exec-22] org.apache.catalina.core.ApplicationContext.log HTMLManager: list: Listing contexts for virtual host 'localhost'
21-Mar-2020 17:08:45.169 INFO [http-nio-8080-exec-31] org.apache.catalina.core.ApplicationContext.log HTMLManager: restart: Reloading web application '/ProjetJ2EE'
21-Mar-2020 17:08:45.694 INFO [http-nio-8080-exec-31] org.apache.catalina.core.ApplicationContext.log HTMLManager: list: Listing contexts for virtual host 'localhost'
21-Mar-2020 17:11:20.783 INFO [http-nio-8080-exec-37] org.apache.catalina.core.ApplicationContext.log HTMLManager: restart: Reloading web application '/ProjetJ2EE'
21-Mar-2020 17:11:21.241 INFO [http-nio-8080-exec-37] org.apache.catalina.core.ApplicationContext.log HTMLManager: list: Listing contexts for virtual host 'localhost'
21-Mar-2020 17:21:19.679 INFO [http-nio-8080-exec-45] org.apache.catalina.core.ApplicationContext.log HTMLManager: restart: Reloading web application '/ProjetJ2EE'
21-Mar-2020 17:21:20.087 INFO [http-nio-8080-exec-45] org.apache.catalina.core.ApplicationContext.log HTMLManager: list: Listing contexts for virtual host 'localhost'
21-Mar-2020 17:44:09.118 INFO [http-nio-8080-exec-55] org.apache.catalina.core.ApplicationContext.log HTMLManager: restart: Reloading web application '/ProjetJ2EE'
21-Mar-2020 17:44:09.559 INFO [http-nio-8080-exec-55] org.apache.catalina.core.ApplicationContext.log HTMLManager: list: Listing contexts for virtual host 'localhost'
21-Mar-2020 17:48:32.518 INFO [http-nio-8080-exec-65] org.apache.catalina.core.ApplicationContext.log HTMLManager: restart: Reloading web application '/ProjetJ2EE'
21-Mar-2020 17:48:32.898 INFO [http-nio-8080-exec-65] org.apache.catalina.core.ApplicationContext.log HTMLManager: list: Listing contexts for virtual host 'localhost'
21-Mar-2020 17:49:56.702 INFO [http-nio-8080-exec-75] org.apache.catalina.core.ApplicationContext.log HTMLManager: restart: Reloading web application '/ProjetJ2EE'
21-Mar-2020 17:49:57.105 INFO [http-nio-8080-exec-75] org.apache.catalina.core.ApplicationContext.log HTMLManager: list: Listing contexts for virtual host 'localhost'
21-Mar-2020 17:51:06.800 INFO [http-nio-8080-exec-80] org.apache.catalina.core.ApplicationContext.log HTMLManager: restart: Reloading web application '/ProjetJ2EE'
21-Mar-2020 17:51:07.290 INFO [http-nio-8080-exec-80] org.apache.catalina.core.ApplicationContext.log HTMLManager: list: Listing contexts for virtual host 'localhost'
21-Mar-2020 17:54:08.431 INFO [http-nio-8080-exec-85] org.apache.catalina.core.ApplicationContext.log HTMLManager: restart: Reloading web application '/ProjetJ2EE'
21-Mar-2020 17:54:08.844 INFO [http-nio-8080-exec-85] org.apache.catalina.core.ApplicationContext.log HTMLManager: list: Listing contexts for virtual host 'localhost'
21-Mar-2020 18:05:44.734 INFO [http-nio-8080-exec-94] org.apache.catalina.core.ApplicationContext.log HTMLManager: restart: Reloading web application '/ProjetJ2EE'
21-Mar-2020 18:05:45.223 INFO [http-nio-8080-exec-94] org.apache.catalina.core.ApplicationContext.log HTMLManager: list: Listing contexts for virtual host 'localhost'
21-Mar-2020 18:07:25.122 INFO [http-nio-8080-exec-103] org.apache.catalina.core.ApplicationContext.log HTMLManager: restart: Reloading web application '/ProjetJ2EE'
21-Mar-2020 18:07:25.520 INFO [http-nio-8080-exec-103] org.apache.catalina.core.ApplicationContext.log HTMLManager: list: Listing contexts for virtual host 'localhost'
21-Mar-2020 18:11:23.836 INFO [http-nio-8080-exec-111] org.apache.catalina.core.ApplicationContext.log HTMLManager: restart: Reloading web application '/ProjetJ2EE'
21-Mar-2020 18:11:24.680 INFO [http-nio-8080-exec-111] org.apache.catalina.core.ApplicationContext.log HTMLManager: list: Listing contexts for virtual host 'localhost'
21-Mar-2020 18:22:17.831 INFO [http-nio-8080-exec-126] org.apache.catalina.core.ApplicationContext.log HTMLManager: restart: Reloading web application '/ProjetJ2EE'
21-Mar-2020 18:22:18.307 INFO [http-nio-8080-exec-126] org.apache.catalina.core.ApplicationContext.log HTMLManager: list: Listing contexts for virtual host 'localhost'
21-Mar-2020 18:29:38.097 INFO [http-nio-8080-exec-131] org.apache.catalina.core.ApplicationContext.log HTMLManager: restart: Reloading web application '/ProjetJ2EE'
21-Mar-2020 18:29:38.536 INFO [http-nio-8080-exec-131] org.apache.catalina.core.ApplicationContext.log HTMLManager: list: Listing contexts for virtual host 'localhost'
21-Mar-2020 18:30:47.037 INFO [http-nio-8080-exec-141] org.apache.catalina.core.ApplicationContext.log HTMLManager: restart: Reloading web application '/ProjetJ2EE'
21-Mar-2020 18:30:47.425 INFO [http-nio-8080-exec-141] org.apache.catalina.core.ApplicationContext.log HTMLManager: list: Listing contexts for virtual host 'localhost'
21-Mar-2020 18:32:09.229 INFO [http-nio-8080-exec-145] org.apache.catalina.core.ApplicationContext.log HTMLManager: restart: Reloading web application '/ProjetJ2EE'
21-Mar-2020 18:32:09.695 INFO [http-nio-8080-exec-145] org.apache.catalina.core.ApplicationContext.log HTMLManager: list: Listing contexts for virtual host 'localhost'
21-Mar-2020 18:33:26.679 INFO [http-nio-8080-exec-152] org.apache.catalina.core.ApplicationContext.log HTMLManager: restart: Reloading web application '/ProjetJ2EE'
21-Mar-2020 18:33:27.039 INFO [http-nio-8080-exec-152] org.apache.catalina.core.ApplicationContext.log HTMLManager: list: Listing contexts for virtual host 'localhost'
21-Mar-2020 18:34:49.495 INFO [http-nio-8080-exec-159] org.apache.catalina.core.ApplicationContext.log HTMLManager: restart: Reloading web application '/ProjetJ2EE'
21-Mar-2020 18:34:49.881 INFO [http-nio-8080-exec-159] org.apache.catalina.core.ApplicationContext.log HTMLManager: list: Listing contexts for virtual host 'localhost'
21-Mar-2020 18:54:12.690 INFO [http-nio-8080-exec-169] org.apache.catalina.core.ApplicationContext.log HTMLManager: restart: Reloading web application '/ProjetJ2EE'
21-Mar-2020 18:54:13.163 INFO [http-nio-8080-exec-169] org.apache.catalina.core.ApplicationContext.log HTMLManager: list: Listing contexts for virtual host 'localhost'
21-Mar-2020 19:08:35.395 INFO [http-nio-8080-exec-183] org.apache.catalina.core.ApplicationContext.log HTMLManager: list: Listing contexts for virtual host 'localhost'
21-Mar-2020 19:43:27.371 INFO [http-nio-8080-exec-3] org.apache.catalina.core.ApplicationContext.log HTMLManager: init: Associated with Deployer 'Catalina:type=Deployer,host=localhost'
21-Mar-2020 19:43:27.371 INFO [http-nio-8080-exec-3] org.apache.catalina.core.ApplicationContext.log HTMLManager: init: Global resources are available
21-Mar-2020 19:43:27.375 INFO [http-nio-8080-exec-3] org.apache.catalina.core.ApplicationContext.log HTMLManager: list: Listing contexts for virtual host 'localhost'
21-Mar-2020 19:43:29.582 INFO [http-nio-8080-exec-7] org.apache.catalina.core.ApplicationContext.log HTMLManager: restart: Reloading web application '/ProjetJ2EE'
21-Mar-2020 19:43:30.028 INFO [http-nio-8080-exec-7] org.apache.catalina.core.ApplicationContext.log HTMLManager: list: Listing contexts for virtual host 'localhost'
21-Mar-2020 19:59:17.974 INFO [http-nio-8080-exec-18] org.apache.catalina.core.ApplicationContext.log HTMLManager: restart: Reloading web application '/ProjetJ2EE'
21-Mar-2020 19:59:18.461 INFO [http-nio-8080-exec-18] org.apache.catalina.core.ApplicationContext.log HTMLManager: list: Listing contexts for virtual host 'localhost'
21-Mar-2020 19:59:18.770 INFO [http-nio-8080-exec-16] org.apache.catalina.core.ApplicationContext.log HTMLManager: restart: Reloading web application '/ProjetJ2EE'
21-Mar-2020 19:59:19.168 INFO [http-nio-8080-exec-16] org.apache.catalina.core.ApplicationContext.log HTMLManager: list: Listing contexts for virtual host 'localhost'
21-Mar-2020 20:07:12.819 INFO [http-nio-8080-exec-22] org.apache.catalina.core.ApplicationContext.log HTMLManager: restart: Reloading web application '/ProjetJ2EE'
21-Mar-2020 20:07:13.271 INFO [http-nio-8080-exec-22] org.apache.catalina.core.ApplicationContext.log HTMLManager: list: Listing contexts for virtual host 'localhost'
21-Mar-2020 20:07:14.757 INFO [http-nio-8080-exec-23] org.apache.catalina.core.ApplicationContext.log HTMLManager: restart: Reloading web application '/ProjetJ2EE'
21-Mar-2020 20:07:15.514 INFO [http-nio-8080-exec-23] org.apache.catalina.core.ApplicationContext.log HTMLManager: list: Listing contexts for virtual host 'localhost'
21-Mar-2020 20:08:55.762 INFO [http-nio-8080-exec-1] org.apache.catalina.core.ApplicationContext.log HTMLManager: init: Associated with Deployer 'Catalina:type=Deployer,host=localhost'
21-Mar-2020 20:08:55.762 INFO [http-nio-8080-exec-1] org.apache.catalina.core.ApplicationContext.log HTMLManager: init: Global resources are available
21-Mar-2020 20:09:02.046 INFO [http-nio-8080-exec-3] org.apache.catalina.core.ApplicationContext.log HTMLManager: list: Listing contexts for virtual host 'localhost'
21-Mar-2020 20:09:04.805 INFO [http-nio-8080-exec-4] org.apache.catalina.core.ApplicationContext.log HTMLManager: restart: Reloading web application '/ProjetJ2EE'
21-Mar-2020 20:09:05.214 INFO [http-nio-8080-exec-4] org.apache.catalina.core.ApplicationContext.log HTMLManager: list: Listing contexts for virtual host 'localhost'
21-Mar-2020 20:10:15.921 INFO [http-nio-8080-exec-11] org.apache.catalina.core.ApplicationContext.log HTMLManager: restart: Reloading web application '/ProjetJ2EE'
21-Mar-2020 20:10:16.392 INFO [http-nio-8080-exec-11] org.apache.catalina.core.ApplicationContext.log HTMLManager: list: Listing contexts for virtual host 'localhost'
21-Mar-2020 20:10:16.529 INFO [http-nio-8080-exec-8] org.apache.catalina.core.ApplicationContext.log HTMLManager: restart: Reloading web application '/ProjetJ2EE'
21-Mar-2020 20:10:16.902 INFO [http-nio-8080-exec-8] org.apache.catalina.core.ApplicationContext.log HTMLManager: list: Listing contexts for virtual host 'localhost'
21-Mar-2020 20:10:17.138 INFO [http-nio-8080-exec-3] org.apache.catalina.core.ApplicationContext.log HTMLManager: restart: Reloading web application '/ProjetJ2EE'
21-Mar-2020 20:10:17.518 INFO [http-nio-8080-exec-3] org.apache.catalina.core.ApplicationContext.log HTMLManager: list: Listing contexts for virtual host 'localhost'
21-Mar-2020 20:10:17.744 INFO [http-nio-8080-exec-7] org.apache.catalina.core.ApplicationContext.log HTMLManager: restart: Reloading web application '/ProjetJ2EE'
21-Mar-2020 20:10:18.246 INFO [http-nio-8080-exec-7] org.apache.catalina.core.ApplicationContext.log HTMLManager: list: Listing contexts for virtual host 'localhost'
21-Mar-2020 20:13:18.259 INFO [http-nio-8080-exec-18] org.apache.catalina.core.ApplicationContext.log HTMLManager: restart: Reloading web application '/ProjetJ2EE'
21-Mar-2020 20:13:18.828 INFO [http-nio-8080-exec-18] org.apache.catalina.core.ApplicationContext.log HTMLManager: list: Listing contexts for virtual host 'localhost'
21-Mar-2020 20:16:44.813 INFO [http-nio-8080-exec-26] org.apache.catalina.core.ApplicationContext.log HTMLManager: restart: Reloading web application '/ProjetJ2EE'
21-Mar-2020 20:16:45.188 INFO [http-nio-8080-exec-26] org.apache.catalina.core.ApplicationContext.log HTMLManager: list: Listing contexts for virtual host 'localhost'
21-Mar-2020 20:16:47.215 INFO [http-nio-8080-exec-30] org.apache.catalina.core.ApplicationContext.log HTMLManager: stop: Stopping web application '/ProjetJ2EE'
21-Mar-2020 20:16:47.223 INFO [http-nio-8080-exec-30] org.apache.catalina.core.ApplicationContext.log HTMLManager: list: Listing contexts for virtual host 'localhost'
21-Mar-2020 20:16:48.135 INFO [http-nio-8080-exec-21] org.apache.catalina.core.ApplicationContext.log HTMLManager: start: Starting web application '/ProjetJ2EE'
21-Mar-2020 20:16:48.527 INFO [http-nio-8080-exec-21] org.apache.catalina.core.ApplicationContext.log HTMLManager: list: Listing contexts for virtual host 'localhost'
21-Mar-2020 20:16:49.246 INFO [http-nio-8080-exec-25] org.apache.catalina.core.ApplicationContext.log HTMLManager: restart: Reloading web application '/ProjetJ2EE'
21-Mar-2020 20:16:50.515 INFO [http-nio-8080-exec-25] org.apache.catalina.core.ApplicationContext.log HTMLManager: list: Listing contexts for virtual host 'localhost'
21-Mar-2020 20:19:48.412 INFO [http-nio-8080-exec-37] org.apache.catalina.core.ApplicationContext.log HTMLManager: restart: Reloading web application '/ProjetJ2EE'
21-Mar-2020 20:19:48.797 INFO [http-nio-8080-exec-37] org.apache.catalina.core.ApplicationContext.log HTMLManager: list: Listing contexts for virtual host 'localhost'
21-Mar-2020 23:31:06.057 INFO [http-nio-8080-exec-5] org.apache.catalina.core.ApplicationContext.log HTMLManager: init: Associated with Deployer 'Catalina:type=Deployer,host=localhost'
21-Mar-2020 23:31:06.057 INFO [http-nio-8080-exec-5] org.apache.catalina.core.ApplicationContext.log HTMLManager: init: Global resources are available
21-Mar-2020 23:31:06.062 INFO [http-nio-8080-exec-5] org.apache.catalina.core.ApplicationContext.log HTMLManager: list: Listing contexts for virtual host 'localhost'
21-Mar-2020 23:31:08.106 INFO [http-nio-8080-exec-7] org.apache.catalina.core.ApplicationContext.log HTMLManager: restart: Reloading web application '/ProjetJ2EE'
21-Mar-2020 23:31:08.534 INFO [http-nio-8080-exec-7] org.apache.catalina.core.ApplicationContext.log HTMLManager: list: Listing contexts for virtual host 'localhost'
